1.2351 	WARNING 	We strongly recommend you activate the PTB sound engine in PsychoPy prefs as the preferred audio engine. Its timing is vastly superior. Your prefs are currently set to use ['sounddevice', 'PTB', 'pyo', 'pygame'] (in that order).
17.6993 	WARNING 	User requested fullscreen with size [1024  768], but screen is actually [1920, 1080]. Using actual size
19.4235 	EXP 	Created window1 = Window(allowGUI=False, allowStencil=False, autoLog=True, backendConf=UNKNOWN, bitsMode=UNKNOWN, blendMode='avg', bpc=(8, 8, 8), color=array([0, 0, 0]), colorSpace='rgb', depthBits=8, fullscr=<method-wrapper '__getattribute__' of attributeSetter object at 0x0000023A4D242CF8>, gamma=None, gammaErrorPolicy='raise', lms=UNKNOWN, monitor=<psychopy.monitors.calibTools.Monitor object at 0x0000023A4D0EC400>, multiSample=False, name='window1', numSamples=2, pos=[0.0, 0.0], screen=0, size=array([1920, 1080]), stencilBits=0, stereo=False, units='norm', useFBO=True, useRetina=False, viewOri=0.0, viewPos=None, viewScale=None, waitBlanking=True, winType='pyglet')
19.4241 	EXP 	window1: mouseVisible = True
19.4242 	EXP 	window1: recordFrameIntervals = False
19.5886 	EXP 	window1: recordFrameIntervals = True
19.7729 	EXP 	window1: recordFrameIntervals = False
20.2269 	EXP 	Created text_4 = TextStim(__class__=<class 'psychopy.visual.text.TextStim'>, alignHoriz=method-wrapper(...), alignText='center', alignVert=method-wrapper(...), anchorHoriz='center', anchorVert='center', antialias=True, autoLog=True, bold=False, color=array([1, 1, 1]), colorSpace='rgb', contrast=1.0, depth=0.0, flipHoriz=False, flipVert=False, font='Arial', fontFiles=[], height=0.07, italic=False, languageStyle='LTR', name='text_4', opacity=1, ori=0, pos=array([0., 0.]), rgb=UNKNOWN, text=str(...), units='norm', win=Window(...), wrapWidth=1)
20.2481 	EXP 	Created text_6 = TextStim(__class__=<class 'psychopy.visual.text.TextStim'>, alignHoriz=method-wrapper(...), alignText='center', alignVert=method-wrapper(...), anchorHoriz='center', anchorVert='center', antialias=True, autoLog=True, bold=False, color=array([1, 1, 1]), colorSpace='rgb', contrast=1.0, depth=0.0, flipHoriz=False, flipVert=False, font='Arial', fontFiles=[], height=0.15, italic=False, languageStyle='LTR', name='text_6', opacity=1, ori=0, pos=array([0., 0.]), rgb=UNKNOWN, text='Comienza una serie de ensayo', units='norm', win=Window(...), wrapWidth=1)
20.2498 	EXP 	Created text = TextStim(__class__=<class 'psychopy.visual.text.TextStim'>, alignHoriz=method-wrapper(...), alignText='center', alignVert=method-wrapper(...), anchorHoriz='center', anchorVert='center', antialias=True, autoLog=True, bold=False, color=array([1, 1, 1]), colorSpace='rgb', contrast=1.0, depth=0.0, flipHoriz=False, flipVert=False, font='Arial', fontFiles=[], height=0.1, italic=False, languageStyle='LTR', name='text', opacity=1, ori=0, pos=array([0., 0.]), rgb=UNKNOWN, text='', units='norm', win=Window(...), wrapWidth=1)
20.2516 	EXP 	Created text_2 = TextStim(__class__=<class 'psychopy.visual.text.TextStim'>, alignHoriz=method-wrapper(...), alignText='center', alignVert=method-wrapper(...), anchorHoriz='center', anchorVert='center', antialias=True, autoLog=True, bold=False, color=array([-1, -1,  1]), colorSpace='rgb', contrast=1.0, depth=0.0, flipHoriz=False, flipVert=False, font='Arial', fontFiles=[], height=0.3, italic=False, languageStyle='LTR', name='text_2', opacity=1, ori=0, pos=array([0., 0.]), rgb=UNKNOWN, text='', units='norm', win=Window(...), wrapWidth=1)
20.2614 	EXP 	Created text_3 = TextStim(__class__=<class 'psychopy.visual.text.TextStim'>, alignHoriz=method-wrapper(...), alignText='center', alignVert=method-wrapper(...), anchorHoriz='center', anchorVert='center', antialias=True, autoLog=True, bold=False, color=array([ 1, -1, -1]), colorSpace='rgb', contrast=1.0, depth=0.0, flipHoriz=False, flipVert=False, font='Arial', fontFiles=[], height=0.25, italic=False, languageStyle='LTR', name='text_3', opacity=1, ori=0, pos=array([0., 0.]), rgb=UNKNOWN, text='?', units='norm', win=Window(...), wrapWidth=1)
20.2946 	EXP 	Created text_5 = TextStim(__class__=<class 'psychopy.visual.text.TextStim'>, alignHoriz=method-wrapper(...), alignText='center', alignVert=method-wrapper(...), anchorHoriz='center', anchorVert='center', antialias=True, autoLog=True, bold=False, color=array([1, 1, 1]), colorSpace='rgb', contrast=1.0, depth=0.0, flipHoriz=False, flipVert=False, font='Arial', fontFiles=[], height=0.15, italic=False, languageStyle='LTR', name='text_5', opacity=1, ori=0, pos=array([0., 0.]), rgb=UNKNOWN, text='¡Atención!\nComienza una nueva serie', units='norm', win=Window(...), wrapWidth=1)
20.2959 	EXP 	Created text = TextStim(__class__=<class 'psychopy.visual.text.TextStim'>, alignHoriz=method-wrapper(...), alignText='center', alignVert=method-wrapper(...), anchorHoriz='center', anchorVert='center', antialias=True, autoLog=True, bold=False, color=array([1, 1, 1]), colorSpace='rgb', contrast=1.0, depth=0.0, flipHoriz=False, flipVert=False, font='Arial', fontFiles=[], height=0.1, italic=False, languageStyle='LTR', name='text', opacity=1, ori=0, pos=array([0., 0.]), rgb=UNKNOWN, text='', units='norm', win=Window(...), wrapWidth=1)
20.2967 	EXP 	Created text_2 = TextStim(__class__=<class 'psychopy.visual.text.TextStim'>, alignHoriz=method-wrapper(...), alignText='center', alignVert=method-wrapper(...), anchorHoriz='center', anchorVert='center', antialias=True, autoLog=True, bold=False, color=array([-1, -1,  1]), colorSpace='rgb', contrast=1.0, depth=0.0, flipHoriz=False, flipVert=False, font='Arial', fontFiles=[], height=0.3, italic=False, languageStyle='LTR', name='text_2', opacity=1, ori=0, pos=array([0., 0.]), rgb=UNKNOWN, text='', units='norm', win=Window(...), wrapWidth=1)
20.2996 	EXP 	Created text_3 = TextStim(__class__=<class 'psychopy.visual.text.TextStim'>, alignHoriz=method-wrapper(...), alignText='center', alignVert=method-wrapper(...), anchorHoriz='center', anchorVert='center', antialias=True, autoLog=True, bold=False, color=array([ 1, -1, -1]), colorSpace='rgb', contrast=1.0, depth=0.0, flipHoriz=False, flipVert=False, font='Arial', fontFiles=[], height=0.25, italic=False, languageStyle='LTR', name='text_3', opacity=1, ori=0, pos=array([0., 0.]), rgb=UNKNOWN, text='?', units='norm', win=Window(...), wrapWidth=1)
20.3056 	EXP 	Created text_5 = TextStim(__class__=<class 'psychopy.visual.text.TextStim'>, alignHoriz=method-wrapper(...), alignText='center', alignVert=method-wrapper(...), anchorHoriz='center', anchorVert='center', antialias=True, autoLog=True, bold=False, color=array([1, 1, 1]), colorSpace='rgb', contrast=1.0, depth=0.0, flipHoriz=False, flipVert=False, font='Arial', fontFiles=[], height=0.15, italic=False, languageStyle='LTR', name='text_5', opacity=1, ori=0, pos=array([0., 0.]), rgb=UNKNOWN, text='¡Atención!\nComienza una nueva serie', units='norm', win=Window(...), wrapWidth=1)
20.3064 	EXP 	Created text = TextStim(__class__=<class 'psychopy.visual.text.TextStim'>, alignHoriz=method-wrapper(...), alignText='center', alignVert=method-wrapper(...), anchorHoriz='center', anchorVert='center', antialias=True, autoLog=True, bold=False, color=array([1, 1, 1]), colorSpace='rgb', contrast=1.0, depth=0.0, flipHoriz=False, flipVert=False, font='Arial', fontFiles=[], height=0.1, italic=False, languageStyle='LTR', name='text', opacity=1, ori=0, pos=array([0., 0.]), rgb=UNKNOWN, text='', units='norm', win=Window(...), wrapWidth=1)
20.3079 	EXP 	Created text_2 = TextStim(__class__=<class 'psychopy.visual.text.TextStim'>, alignHoriz=method-wrapper(...), alignText='center', alignVert=method-wrapper(...), anchorHoriz='center', anchorVert='center', antialias=True, autoLog=True, bold=False, color=array([-1, -1,  1]), colorSpace='rgb', contrast=1.0, depth=0.0, flipHoriz=False, flipVert=False, font='Arial', fontFiles=[], height=0.3, italic=False, languageStyle='LTR', name='text_2', opacity=1, ori=0, pos=array([0., 0.]), rgb=UNKNOWN, text='', units='norm', win=Window(...), wrapWidth=1)
20.3235 	EXP 	Created text_3 = TextStim(__class__=<class 'psychopy.visual.text.TextStim'>, alignHoriz=method-wrapper(...), alignText='center', alignVert=method-wrapper(...), anchorHoriz='center', anchorVert='center', antialias=True, autoLog=True, bold=False, color=array([ 1, -1, -1]), colorSpace='rgb', contrast=1.0, depth=0.0, flipHoriz=False, flipVert=False, font='Arial', fontFiles=[], height=0.25, italic=False, languageStyle='LTR', name='text_3', opacity=1, ori=0, pos=array([0., 0.]), rgb=UNKNOWN, text='?', units='norm', win=Window(...), wrapWidth=1)
20.3297 	EXP 	Created text_5 = TextStim(__class__=<class 'psychopy.visual.text.TextStim'>, alignHoriz=method-wrapper(...), alignText='center', alignVert=method-wrapper(...), anchorHoriz='center', anchorVert='center', antialias=True, autoLog=True, bold=False, color=array([1, 1, 1]), colorSpace='rgb', contrast=1.0, depth=0.0, flipHoriz=False, flipVert=False, font='Arial', fontFiles=[], height=0.15, italic=False, languageStyle='LTR', name='text_5', opacity=1, ori=0, pos=array([0., 0.]), rgb=UNKNOWN, text='¡Atención!\nComienza una nueva serie', units='norm', win=Window(...), wrapWidth=1)
20.3306 	EXP 	Created text = TextStim(__class__=<class 'psychopy.visual.text.TextStim'>, alignHoriz=method-wrapper(...), alignText='center', alignVert=method-wrapper(...), anchorHoriz='center', anchorVert='center', antialias=True, autoLog=True, bold=False, color=array([1, 1, 1]), colorSpace='rgb', contrast=1.0, depth=0.0, flipHoriz=False, flipVert=False, font='Arial', fontFiles=[], height=0.1, italic=False, languageStyle='LTR', name='text', opacity=1, ori=0, pos=array([0., 0.]), rgb=UNKNOWN, text='', units='norm', win=Window(...), wrapWidth=1)
20.3317 	EXP 	Created text_2 = TextStim(__class__=<class 'psychopy.visual.text.TextStim'>, alignHoriz=method-wrapper(...), alignText='center', alignVert=method-wrapper(...), anchorHoriz='center', anchorVert='center', antialias=True, autoLog=True, bold=False, color=array([-1, -1,  1]), colorSpace='rgb', contrast=1.0, depth=0.0, flipHoriz=False, flipVert=False, font='Arial', fontFiles=[], height=0.3, italic=False, languageStyle='LTR', name='text_2', opacity=1, ori=0, pos=array([0., 0.]), rgb=UNKNOWN, text='', units='norm', win=Window(...), wrapWidth=1)
20.3340 	EXP 	Created text_3 = TextStim(__class__=<class 'psychopy.visual.text.TextStim'>, alignHoriz=method-wrapper(...), alignText='center', alignVert=method-wrapper(...), anchorHoriz='center', anchorVert='center', antialias=True, autoLog=True, bold=False, color=array([ 1, -1, -1]), colorSpace='rgb', contrast=1.0, depth=0.0, flipHoriz=False, flipVert=False, font='Arial', fontFiles=[], height=0.25, italic=False, languageStyle='LTR', name='text_3', opacity=1, ori=0, pos=array([0., 0.]), rgb=UNKNOWN, text='?', units='norm', win=Window(...), wrapWidth=1)
20.3395 	EXP 	Created text_5 = TextStim(__class__=<class 'psychopy.visual.text.TextStim'>, alignHoriz=method-wrapper(...), alignText='center', alignVert=method-wrapper(...), anchorHoriz='center', anchorVert='center', antialias=True, autoLog=True, bold=False, color=array([1, 1, 1]), colorSpace='rgb', contrast=1.0, depth=0.0, flipHoriz=False, flipVert=False, font='Arial', fontFiles=[], height=0.15, italic=False, languageStyle='LTR', name='text_5', opacity=1, ori=0, pos=array([0., 0.]), rgb=UNKNOWN, text='¡Atención!\nComienza una nueva serie', units='norm', win=Window(...), wrapWidth=1)
20.3403 	EXP 	Created text = TextStim(__class__=<class 'psychopy.visual.text.TextStim'>, alignHoriz=method-wrapper(...), alignText='center', alignVert=method-wrapper(...), anchorHoriz='center', anchorVert='center', antialias=True, autoLog=True, bold=False, color=array([1, 1, 1]), colorSpace='rgb', contrast=1.0, depth=0.0, flipHoriz=False, flipVert=False, font='Arial', fontFiles=[], height=0.1, italic=False, languageStyle='LTR', name='text', opacity=1, ori=0, pos=array([0., 0.]), rgb=UNKNOWN, text='', units='norm', win=Window(...), wrapWidth=1)
20.3410 	EXP 	Created text_2 = TextStim(__class__=<class 'psychopy.visual.text.TextStim'>, alignHoriz=method-wrapper(...), alignText='center', alignVert=method-wrapper(...), anchorHoriz='center', anchorVert='center', antialias=True, autoLog=True, bold=False, color=array([-1, -1,  1]), colorSpace='rgb', contrast=1.0, depth=0.0, flipHoriz=False, flipVert=False, font='Arial', fontFiles=[], height=0.3, italic=False, languageStyle='LTR', name='text_2', opacity=1, ori=0, pos=array([0., 0.]), rgb=UNKNOWN, text='', units='norm', win=Window(...), wrapWidth=1)
20.3434 	EXP 	Created text_3 = TextStim(__class__=<class 'psychopy.visual.text.TextStim'>, alignHoriz=method-wrapper(...), alignText='center', alignVert=method-wrapper(...), anchorHoriz='center', anchorVert='center', antialias=True, autoLog=True, bold=False, color=array([ 1, -1, -1]), colorSpace='rgb', contrast=1.0, depth=0.0, flipHoriz=False, flipVert=False, font='Arial', fontFiles=[], height=0.25, italic=False, languageStyle='LTR', name='text_3', opacity=1, ori=0, pos=array([0., 0.]), rgb=UNKNOWN, text='?', units='norm', win=Window(...), wrapWidth=1)
20.3496 	EXP 	Created text_5 = TextStim(__class__=<class 'psychopy.visual.text.TextStim'>, alignHoriz=method-wrapper(...), alignText='center', alignVert=method-wrapper(...), anchorHoriz='center', anchorVert='center', antialias=True, autoLog=True, bold=False, color=array([1, 1, 1]), colorSpace='rgb', contrast=1.0, depth=0.0, flipHoriz=False, flipVert=False, font='Arial', fontFiles=[], height=0.15, italic=False, languageStyle='LTR', name='text_5', opacity=1, ori=0, pos=array([0., 0.]), rgb=UNKNOWN, text='¡Atención!\nComienza una nueva serie', units='norm', win=Window(...), wrapWidth=1)
20.3505 	EXP 	Created text = TextStim(__class__=<class 'psychopy.visual.text.TextStim'>, alignHoriz=method-wrapper(...), alignText='center', alignVert=method-wrapper(...), anchorHoriz='center', anchorVert='center', antialias=True, autoLog=True, bold=False, color=array([1, 1, 1]), colorSpace='rgb', contrast=1.0, depth=0.0, flipHoriz=False, flipVert=False, font='Arial', fontFiles=[], height=0.1, italic=False, languageStyle='LTR', name='text', opacity=1, ori=0, pos=array([0., 0.]), rgb=UNKNOWN, text='', units='norm', win=Window(...), wrapWidth=1)
20.3512 	EXP 	Created text_2 = TextStim(__class__=<class 'psychopy.visual.text.TextStim'>, alignHoriz=method-wrapper(...), alignText='center', alignVert=method-wrapper(...), anchorHoriz='center', anchorVert='center', antialias=True, autoLog=True, bold=False, color=array([-1, -1,  1]), colorSpace='rgb', contrast=1.0, depth=0.0, flipHoriz=False, flipVert=False, font='Arial', fontFiles=[], height=0.3, italic=False, languageStyle='LTR', name='text_2', opacity=1, ori=0, pos=array([0., 0.]), rgb=UNKNOWN, text='', units='norm', win=Window(...), wrapWidth=1)
20.3535 	EXP 	Created text_3 = TextStim(__class__=<class 'psychopy.visual.text.TextStim'>, alignHoriz=method-wrapper(...), alignText='center', alignVert=method-wrapper(...), anchorHoriz='center', anchorVert='center', antialias=True, autoLog=True, bold=False, color=array([ 1, -1, -1]), colorSpace='rgb', contrast=1.0, depth=0.0, flipHoriz=False, flipVert=False, font='Arial', fontFiles=[], height=0.25, italic=False, languageStyle='LTR', name='text_3', opacity=1, ori=0, pos=array([0., 0.]), rgb=UNKNOWN, text='?', units='norm', win=Window(...), wrapWidth=1)
20.3893 	EXP 	text_4: autoDraw = True
84.8247 	EXP 	Imported Bloques.xlsx as conditions, 2 conditions, 1 params
84.8252 	EXP 	Created sequence: sequential, trialTypes=2, nReps=1, seed=None
84.8257 	EXP 	New trial (rep=0, index=0): {'Eligebloque': 'Bloque1.xlsx'}
84.8301 	DATA 	Keypress: space
84.8362 	EXP 	text_4: autoDraw = False
84.8362 	EXP 	text_6: autoDraw = True
86.8441 	EXP 	Imported Bloque1.xlsx as conditions, 2 conditions, 6 params
86.8445 	EXP 	Created sequence: sequential, trialTypes=2, nReps=1, seed=None
86.8448 	EXP 	New trial (rep=0, index=0): {'Tipo': 'Operation', 'Span': 'Ejemplo', 'Estimulo': '( 3 - 1 ) × 2 = 4', 'Respuesta': 'right', 'Letra': 'D', 'CorRec': None}
86.8763 	EXP 	text_6: autoDraw = False
86.8763 	EXP 	text: text = '( 3 - 1 ) × 2 = 4'
87.1640 	EXP 	text: autoDraw = True
90.8675 	DATA 	Keypress: right
90.8738 	EXP 	text: autoDraw = False
90.8738 	EXP 	text_2: text = 'D'
90.8738 	EXP 	text_2: autoDraw = True
91.8538 	EXP 	New trial (rep=0, index=1): {'Tipo': 'Operation', 'Span': 'Ejemplo', 'Estimulo': '( 3 + 6 ) × 2 = 16', 'Respuesta': 'left', 'Letra': 'T', 'CorRec': ['d', 't']}
91.8866 	EXP 	text_2: autoDraw = False
91.8866 	EXP 	text: text = '( 3 + 6 ) × 2 = 16'
92.1835 	EXP 	text: autoDraw = True
95.6780 	DATA 	Keypress: left
95.6844 	EXP 	text: autoDraw = False
95.6844 	EXP 	text_2: text = 'T'
95.6844 	EXP 	text_2: autoDraw = True
96.6895 	EXP 	text_2: autoDraw = False
96.6895 	EXP 	text_3: autoDraw = True
98.2749 	DATA 	Keypress: d
98.5981 	DATA 	Keypress: t
100.9378 	DATA 	Keypress: space
107.1239 	DATA 	Keypress: d
107.4825 	DATA 	Keypress: t
107.8924 	EXP 	New trial (rep=0, index=1): {'Eligebloque': 'Bloque2.xlsx'}
107.8973 	DATA 	Keypress: space
107.9039 	EXP 	text_3: autoDraw = False
107.9039 	EXP 	text_6: autoDraw = True
109.9225 	EXP 	Imported Bloque2.xlsx as conditions, 2 conditions, 6 params
109.9228 	EXP 	Created sequence: sequential, trialTypes=2, nReps=1, seed=None
109.9231 	EXP 	New trial (rep=0, index=0): {'Tipo': 'Operation', 'Span': 'Ejemplo', 'Estimulo': '( 5 - 2 ) × 2 = 3', 'Respuesta': 'left', 'Letra': 'R', 'CorRec': None}
109.9368 	EXP 	text_6: autoDraw = False
109.9368 	EXP 	text_6: autoDraw = False
109.9368 	EXP 	text: text = '( 5 - 2 ) × 2 = 3'
110.2381 	EXP 	text: autoDraw = True
113.2340 	DATA 	Keypress: left
113.2761 	EXP 	text: autoDraw = False
113.2761 	EXP 	text_2: text = 'R'
113.2761 	EXP 	text_2: autoDraw = True
114.2587 	EXP 	New trial (rep=0, index=1): {'Tipo': 'Operation', 'Span': 'Ejemplo', 'Estimulo': '( 4 + 1 ) × 1 = 5', 'Respuesta': 'right', 'Letra': 'V', 'CorRec': ['r', 'v']}
114.2747 	EXP 	text_2: autoDraw = False
114.2747 	EXP 	text: text = '( 4 + 1 ) × 1 = 5'
114.5616 	EXP 	text: autoDraw = True
116.8579 	DATA 	Keypress: right
116.8639 	EXP 	text: autoDraw = False
116.8639 	EXP 	text_2: text = 'V'
116.8639 	EXP 	text_2: autoDraw = True
117.8633 	EXP 	text_2: autoDraw = False
117.8633 	EXP 	text_2: autoDraw = False
117.8633 	EXP 	text_3: autoDraw = True
119.4620 	DATA 	Keypress: r
119.9993 	DATA 	Keypress: v
120.5136 	EXP 	Imported Bloques.xlsx as conditions, 3 conditions, 1 params
120.5140 	EXP 	Created sequence: sequential, trialTypes=3, nReps=1, seed=None
120.5143 	EXP 	New trial (rep=0, index=0): {'Eligebloque': 'Bloque1.xlsx'}
120.5182 	DATA 	Keypress: space
120.5249 	EXP 	text_3: autoDraw = False
120.5249 	EXP 	text_5: autoDraw = True
122.0491 	EXP 	Imported Bloque1.xlsx as conditions, 2 conditions, 6 params
122.0495 	EXP 	Created sequence: sequential, trialTypes=2, nReps=1, seed=None
122.0501 	EXP 	New trial (rep=0, index=0): {'Tipo': 'Operation', 'Span': 2, 'Estimulo': '( 4 - 1 ) × 1 = 6', 'Respuesta': 'left', 'Letra': 'S', 'CorRec': None}
122.0625 	EXP 	text_5: autoDraw = False
122.0625 	EXP 	text: text = '( 4 - 1 ) × 1 = 6'
122.3541 	EXP 	text: autoDraw = True
124.8813 	DATA 	Keypress: left
124.8878 	EXP 	text: autoDraw = False
124.8878 	EXP 	text_2: text = 'S'
124.8878 	EXP 	text_2: autoDraw = True
125.8710 	EXP 	New trial (rep=0, index=1): {'Tipo': 'Operation', 'Span': 2, 'Estimulo': '( 3 + 1 ) × 3 = 12', 'Respuesta': 'right', 'Letra': 'B', 'CorRec': ['s', 'b']}
125.8871 	EXP 	text_2: autoDraw = False
125.8871 	EXP 	text: text = '( 3 + 1 ) × 3 = 12'
126.1707 	EXP 	text: autoDraw = True
127.9970 	DATA 	Keypress: right
128.0035 	EXP 	text: autoDraw = False
128.0035 	EXP 	text_2: text = 'B'
128.0035 	EXP 	text_2: autoDraw = True
129.0088 	EXP 	text_2: autoDraw = False
129.0088 	EXP 	text_3: autoDraw = True
130.4766 	DATA 	Keypress: s
130.9727 	DATA 	Keypress: b
131.3236 	EXP 	New trial (rep=0, index=1): {'Eligebloque': 'Bloque2.xlsx'}
131.3293 	DATA 	Keypress: space
131.3360 	EXP 	text_3: autoDraw = False
131.3360 	EXP 	text_5: autoDraw = True
132.8446 	EXP 	Imported Bloque2.xlsx as conditions, 2 conditions, 6 params
132.8449 	EXP 	Created sequence: sequential, trialTypes=2, nReps=1, seed=None
132.8452 	EXP 	New trial (rep=0, index=0): {'Tipo': 'Operation', 'Span': 2, 'Estimulo': '( 4 - 2 ) × 2 = 6', 'Respuesta': 'left', 'Letra': 'T', 'CorRec': None}
132.8567 	EXP 	text_5: autoDraw = False
132.8567 	EXP 	text: text = '( 4 - 2 ) × 2 = 6'
133.1464 	EXP 	text: autoDraw = True
135.2931 	DATA 	Keypress: left
135.2992 	EXP 	text: autoDraw = False
135.2992 	EXP 	text_2: text = 'T'
135.2992 	EXP 	text_2: autoDraw = True
136.2847 	EXP 	New trial (rep=0, index=1): {'Tipo': 'Operation', 'Span': 2, 'Estimulo': '( 4 - 1 ) × 4 = 12', 'Respuesta': 'right', 'Letra': 'N', 'CorRec': ['t', 'n']}
136.2990 	EXP 	text_2: autoDraw = False
136.2990 	EXP 	text_2: autoDraw = False
136.2990 	EXP 	text: text = '( 4 - 1 ) × 4 = 12'
136.5842 	EXP 	text: autoDraw = True
138.4500 	DATA 	Keypress: right
138.4558 	EXP 	text: autoDraw = False
138.4558 	EXP 	text_2: text = 'N'
138.4558 	EXP 	text_2: autoDraw = True
139.4688 	EXP 	text_2: autoDraw = False
139.4688 	EXP 	text_3: autoDraw = True
140.8816 	DATA 	Keypress: t
141.2624 	DATA 	Keypress: n
141.5789 	EXP 	New trial (rep=0, index=2): {'Eligebloque': 'Bloque3.xlsx'}
141.5842 	DATA 	Keypress: space
141.5905 	EXP 	text_3: autoDraw = False
141.5905 	EXP 	text_5: autoDraw = True
143.1343 	EXP 	Imported Bloque3.xlsx as conditions, 2 conditions, 6 params
143.1347 	EXP 	Created sequence: sequential, trialTypes=2, nReps=1, seed=None
143.1350 	EXP 	New trial (rep=0, index=0): {'Tipo': 'Operation', 'Span': 2, 'Estimulo': '( 3 + 6 ) × 4 = 36', 'Respuesta': 'right', 'Letra': 'P', 'CorRec': None}
143.1453 	EXP 	text_5: autoDraw = False
143.1453 	EXP 	text_5: autoDraw = False
143.1453 	EXP 	text: text = '( 3 + 6 ) × 4 = 36'
143.4414 	EXP 	text: autoDraw = True
145.7895 	DATA 	Keypress: right
145.7955 	EXP 	text: autoDraw = False
145.7955 	EXP 	text_2: text = 'P'
145.7955 	EXP 	text_2: autoDraw = True
146.7941 	EXP 	New trial (rep=0, index=1): {'Tipo': 'Operation', 'Span': 2, 'Estimulo': '( 5 - 1 ) × 1 = 6', 'Respuesta': 'left', 'Letra': 'R', 'CorRec': ['p', 'r']}
146.8101 	EXP 	text_2: autoDraw = False
146.8101 	EXP 	text: text = '( 5 - 1 ) × 1 = 6'
147.0954 	EXP 	text: autoDraw = True
150.2424 	DATA 	Keypress: left
150.2762 	EXP 	text: autoDraw = False
150.2762 	EXP 	text_2: text = 'R'
150.2762 	EXP 	text_2: autoDraw = True
151.2830 	EXP 	text_2: autoDraw = False
151.2830 	EXP 	text_3: autoDraw = True
153.1051 	DATA 	Keypress: p
153.7502 	DATA 	Keypress: r
154.1506 	EXP 	Imported Bloques.xlsx as conditions, 3 conditions, 1 params
154.1512 	EXP 	Created sequence: sequential, trialTypes=3, nReps=1, seed=None
154.1516 	EXP 	New trial (rep=0, index=0): {'Eligebloque': 'Bloque1.xlsx'}
154.1560 	DATA 	Keypress: space
154.1622 	EXP 	text_3: autoDraw = False
154.1622 	EXP 	text_5: autoDraw = True
155.6505 	EXP 	Imported Bloque1.xlsx as conditions, 3 conditions, 6 params
155.6508 	EXP 	Created sequence: sequential, trialTypes=3, nReps=1, seed=None
155.6511 	EXP 	New trial (rep=0, index=0): {'Tipo': 'Operation', 'Span': 3, 'Estimulo': '( 4 + 2 ) × 2 = 8', 'Respuesta': 'left', 'Letra': 'C', 'CorRec': None}
155.6652 	EXP 	text_5: autoDraw = False
155.6652 	EXP 	text: text = '( 4 + 2 ) × 2 = 8'
155.9531 	EXP 	text: autoDraw = True
157.7801 	DATA 	Keypress: left
157.7860 	EXP 	text: autoDraw = False
157.7860 	EXP 	text_2: text = 'C'
157.7860 	EXP 	text_2: autoDraw = True
158.7759 	EXP 	New trial (rep=0, index=1): {'Tipo': 'Operation', 'Span': 3, 'Estimulo': '( 3 - 1 ) × 3 = 5', 'Respuesta': 'left', 'Letra': 'L', 'CorRec': None}
158.7917 	EXP 	text_2: autoDraw = False
158.7917 	EXP 	text: text = '( 3 - 1 ) × 3 = 5'
159.0740 	EXP 	text: autoDraw = True
160.6362 	DATA 	Keypress: left
160.6786 	EXP 	text: autoDraw = False
160.6786 	EXP 	text_2: text = 'L'
160.6786 	EXP 	text_2: autoDraw = True
161.6631 	EXP 	New trial (rep=0, index=2): {'Tipo': 'Operation', 'Span': 3, 'Estimulo': '( 5 - 1 ) × 5 = 20', 'Respuesta': 'right', 'Letra': 'G', 'CorRec': ['c', 'l', 'g']}
161.6872 	EXP 	text_2: autoDraw = False
161.6872 	EXP 	text: text = '( 5 - 1 ) × 5 = 20'
161.9624 	EXP 	text: autoDraw = True
164.3607 	DATA 	Keypress: right
164.3667 	EXP 	text: autoDraw = False
164.3667 	EXP 	text_2: text = 'G'
164.3667 	EXP 	text_2: autoDraw = True
165.3657 	EXP 	text_2: autoDraw = False
165.3657 	EXP 	text_2: autoDraw = False
165.3657 	EXP 	text_3: autoDraw = True
166.5384 	DATA 	Keypress: c
167.6098 	DATA 	Keypress: l
168.4077 	DATA 	Keypress: g
168.7927 	EXP 	New trial (rep=0, index=1): {'Eligebloque': 'Bloque2.xlsx'}
168.7974 	DATA 	Keypress: space
168.8040 	EXP 	text_3: autoDraw = False
168.8040 	EXP 	text_5: autoDraw = True
170.3188 	EXP 	Imported Bloque2.xlsx as conditions, 3 conditions, 6 params
170.3192 	EXP 	Created sequence: sequential, trialTypes=3, nReps=1, seed=None
170.3195 	EXP 	New trial (rep=0, index=0): {'Tipo': 'Operation', 'Span': 3, 'Estimulo': '( 4 - 2 ) × 3 = 9', 'Respuesta': 'left', 'Letra': 'J', 'CorRec': None}
170.3331 	EXP 	text_5: autoDraw = False
170.3331 	EXP 	text_5: autoDraw = False
170.3331 	EXP 	text: text = '( 4 - 2 ) × 3 = 9'
170.6198 	EXP 	text: autoDraw = True
172.2606 	DATA 	Keypress: left
172.2916 	EXP 	text: autoDraw = False
172.2916 	EXP 	text_2: text = 'J'
172.2916 	EXP 	text_2: autoDraw = True
173.2903 	EXP 	New trial (rep=0, index=1): {'Tipo': 'Operation', 'Span': 3, 'Estimulo': '( 3 + 8 ) × 5 = 53', 'Respuesta': 'left', 'Letra': 'M', 'CorRec': None}
173.3058 	EXP 	text_2: autoDraw = False
173.3058 	EXP 	text: text = '( 3 + 8 ) × 5 = 53'
173.5901 	EXP 	text: autoDraw = True
176.5023 	DATA 	Keypress: left
176.5445 	EXP 	text: autoDraw = False
176.5445 	EXP 	text_2: text = 'M'
176.5445 	EXP 	text_2: autoDraw = True
177.5304 	EXP 	New trial (rep=0, index=2): {'Tipo': 'Operation', 'Span': 3, 'Estimulo': '( 4 + 7 ) × 2 = 22', 'Respuesta': 'right', 'Letra': 'B', 'CorRec': ['j', 'm', 'b']}
177.5527 	EXP 	text_2: autoDraw = False
177.5527 	EXP 	text: text = '( 4 + 7 ) × 2 = 22'
177.8448 	EXP 	text: autoDraw = True
180.1896 	DATA 	Keypress: right
180.1979 	EXP 	text: autoDraw = False
180.1979 	EXP 	text_2: text = 'B'
180.1979 	EXP 	text_2: autoDraw = True
181.1977 	EXP 	text_2: autoDraw = False
181.1977 	EXP 	text_2: autoDraw = False
181.1977 	EXP 	text_3: autoDraw = True
182.8603 	DATA 	Keypress: j
183.1245 	DATA 	Keypress: m
183.7773 	DATA 	Keypress: b
184.0276 	EXP 	New trial (rep=0, index=2): {'Eligebloque': 'Bloque3.xlsx'}
184.0339 	DATA 	Keypress: space
184.0403 	EXP 	text_3: autoDraw = False
184.0403 	EXP 	text_5: autoDraw = True
185.5513 	EXP 	Imported Bloque3.xlsx as conditions, 3 conditions, 6 params
185.5516 	EXP 	Created sequence: sequential, trialTypes=3, nReps=1, seed=None
185.5519 	EXP 	New trial (rep=0, index=0): {'Tipo': 'Operation', 'Span': 3, 'Estimulo': '( 3 + 6 ) × 5 = 43', 'Respuesta': 'right', 'Letra': 'Z', 'CorRec': None}
185.5624 	EXP 	text_5: autoDraw = False
185.5624 	EXP 	text: text = '( 3 + 6 ) × 5 = 43'
185.8395 	EXP 	text: autoDraw = True
188.4277 	DATA 	Keypress: left
188.4583 	EXP 	text: autoDraw = False
188.4583 	EXP 	text_2: text = 'Z'
188.4583 	EXP 	text_2: autoDraw = True
189.4581 	EXP 	New trial (rep=0, index=1): {'Tipo': 'Operation', 'Span': 3, 'Estimulo': '( 6 - 1 ) × 3 = 19', 'Respuesta': 'right', 'Letra': 'F', 'CorRec': None}
189.4735 	EXP 	text_2: autoDraw = False
189.4735 	EXP 	text: text = '( 6 - 1 ) × 3 = 19'
189.7597 	EXP 	text: autoDraw = True
191.6884 	DATA 	Keypress: left
191.6947 	EXP 	text: autoDraw = False
191.6947 	EXP 	text_2: text = 'F'
191.6947 	EXP 	text_2: autoDraw = True
192.6809 	EXP 	New trial (rep=0, index=2): {'Tipo': 'Operation', 'Span': 3, 'Estimulo': '( 4 + 2 ) × 4 = 23', 'Respuesta': 'right', 'Letra': 'T', 'CorRec': ['z', 'f', 't']}
192.6986 	EXP 	text_2: autoDraw = False
192.6986 	EXP 	text: text = '( 4 + 2 ) × 4 = 23'
192.9983 	EXP 	text: autoDraw = True
194.7818 	DATA 	Keypress: left
194.7880 	EXP 	text: autoDraw = False
194.7880 	EXP 	text_2: text = 'T'
194.7880 	EXP 	text_2: autoDraw = True
195.7971 	EXP 	text_2: autoDraw = False
195.7971 	EXP 	text_3: autoDraw = True
197.2626 	DATA 	Keypress: z
197.6603 	DATA 	Keypress: f
197.9403 	DATA 	Keypress: t
198.9608 	EXP 	Imported Bloques.xlsx as conditions, 3 conditions, 1 params
198.9617 	EXP 	Created sequence: sequential, trialTypes=3, nReps=1, seed=None
198.9624 	EXP 	New trial (rep=0, index=0): {'Eligebloque': 'Bloque1.xlsx'}
198.9659 	DATA 	Keypress: space
198.9724 	EXP 	text_3: autoDraw = False
198.9724 	EXP 	text_5: autoDraw = True
200.4954 	EXP 	Imported Bloque1.xlsx as conditions, 4 conditions, 6 params
200.4957 	EXP 	Created sequence: sequential, trialTypes=4, nReps=1, seed=None
200.4962 	EXP 	New trial (rep=0, index=0): {'Tipo': 'Operation', 'Span': 4, 'Estimulo': '( 6 + 2 ) × 1 = 8', 'Respuesta': 'right', 'Letra': 'D', 'CorRec': None}
200.5068 	EXP 	text_5: autoDraw = False
200.5068 	EXP 	text: text = '( 6 + 2 ) × 1 = 8'
200.8034 	EXP 	text: autoDraw = True
202.8159 	DATA 	Keypress: right
202.8518 	EXP 	text: autoDraw = False
202.8518 	EXP 	text_2: text = 'D'
202.8518 	EXP 	text_2: autoDraw = True
203.8425 	EXP 	New trial (rep=0, index=1): {'Tipo': 'Operation', 'Span': 4, 'Estimulo': '( 4 - 3 ) × 5 = 5', 'Respuesta': 'left', 'Letra': 'V', 'CorRec': None}
203.8586 	EXP 	text_2: autoDraw = False
203.8586 	EXP 	text: text = '( 4 - 3 ) × 5 = 5'
204.1400 	EXP 	text: autoDraw = True
205.7904 	DATA 	Keypress: right
205.7963 	EXP 	text: autoDraw = False
205.7963 	EXP 	text_2: text = 'V'
205.7963 	EXP 	text_2: autoDraw = True
206.7931 	EXP 	New trial (rep=0, index=2): {'Tipo': 'Operation', 'Span': 4, 'Estimulo': '( 3 - 1 ) × 5 = 10', 'Respuesta': 'left', 'Letra': 'M', 'CorRec': None}
206.8094 	EXP 	text_2: autoDraw = False
206.8094 	EXP 	text: text = '( 3 - 1 ) × 5 = 10'
207.0990 	EXP 	text: autoDraw = True
208.6147 	DATA 	Keypress: right
208.6212 	EXP 	text: autoDraw = False
208.6212 	EXP 	text_2: text = 'M'
208.6212 	EXP 	text_2: autoDraw = True
209.6136 	EXP 	New trial (rep=0, index=3): {'Tipo': 'Operation', 'Span': 4, 'Estimulo': '( 6 - 1 ) × 1 = 6', 'Respuesta': 'left', 'Letra': 'P', 'CorRec': ['d', 'v', 'm', 'p']}
209.6292 	EXP 	text_2: autoDraw = False
209.6292 	EXP 	text: text = '( 6 - 1 ) × 1 = 6'
209.9133 	EXP 	text: autoDraw = True
212.6762 	DATA 	Keypress: left
212.6846 	EXP 	text: autoDraw = False
212.6846 	EXP 	text_2: text = 'P'
212.6846 	EXP 	text_2: autoDraw = True
213.6834 	EXP 	text_2: autoDraw = False
213.6834 	EXP 	text_2: autoDraw = False
213.6834 	EXP 	text_3: autoDraw = True
215.0760 	DATA 	Keypress: d
215.3757 	DATA 	Keypress: v
216.1269 	DATA 	Keypress: m
216.8615 	DATA 	Keypress: p
217.4636 	EXP 	New trial (rep=0, index=1): {'Eligebloque': 'Bloque2.xlsx'}
217.4691 	DATA 	Keypress: space
217.4750 	EXP 	text_3: autoDraw = False
217.4750 	EXP 	text_5: autoDraw = True
218.9893 	EXP 	Imported Bloque2.xlsx as conditions, 4 conditions, 6 params
218.9896 	EXP 	Created sequence: sequential, trialTypes=4, nReps=1, seed=None
218.9899 	EXP 	New trial (rep=0, index=0): {'Tipo': 'Operation', 'Span': 4, 'Estimulo': '( 3 - 2 ) × 1 = 1', 'Respuesta': 'right', 'Letra': 'G', 'CorRec': None}
219.0011 	EXP 	text_5: autoDraw = False
219.0011 	EXP 	text: text = '( 3 - 2 ) × 1 = 1'
219.2920 	EXP 	text: autoDraw = True
221.9207 	DATA 	Keypress: right
221.9279 	EXP 	text: autoDraw = False
221.9279 	EXP 	text_2: text = 'G'
221.9279 	EXP 	text_2: autoDraw = True
222.9153 	EXP 	New trial (rep=0, index=1): {'Tipo': 'Operation', 'Span': 4, 'Estimulo': '( 4 + 9 ) × 2 = 26', 'Respuesta': 'right', 'Letra': 'B', 'CorRec': None}
222.9322 	EXP 	text_2: autoDraw = False
222.9322 	EXP 	text_2: autoDraw = False
222.9322 	EXP 	text: text = '( 4 + 9 ) × 2 = 26'
223.2378 	EXP 	text: autoDraw = True
225.5230 	DATA 	Keypress: right
225.5310 	EXP 	text: autoDraw = False
225.5310 	EXP 	text_2: text = 'B'
225.5310 	EXP 	text_2: autoDraw = True
226.5194 	EXP 	New trial (rep=0, index=2): {'Tipo': 'Operation', 'Span': 4, 'Estimulo': '( 3 + 9 ) × 1 = 12', 'Respuesta': 'right', 'Letra': 'Q', 'CorRec': None}
226.5378 	EXP 	text_2: autoDraw = False
226.5378 	EXP 	text_2: autoDraw = False
226.5378 	EXP 	text: text = '( 3 + 9 ) × 1 = 12'
226.8320 	EXP 	text: autoDraw = True
228.2805 	DATA 	Keypress: right
228.2868 	EXP 	text: autoDraw = False
228.2868 	EXP 	text_2: text = 'Q'
228.2868 	EXP 	text_2: autoDraw = True
229.2849 	EXP 	New trial (rep=0, index=3): {'Tipo': 'Operation', 'Span': 4, 'Estimulo': '( 6 + 2 ) × 2 = 16', 'Respuesta': 'right', 'Letra': 'R', 'CorRec': ['g', 'b', 'q', 'r']}
229.3010 	EXP 	text_2: autoDraw = False
229.3010 	EXP 	text: text = '( 6 + 2 ) × 2 = 16'
229.5872 	EXP 	text: autoDraw = True
231.9764 	DATA 	Keypress: right
232.0054 	EXP 	text: autoDraw = False
232.0054 	EXP 	text_2: text = 'R'
232.0054 	EXP 	text_2: autoDraw = True
233.0074 	EXP 	text_2: autoDraw = False
233.0074 	EXP 	text_2: autoDraw = False
233.0074 	EXP 	text_3: autoDraw = True
234.6639 	DATA 	Keypress: g
234.9813 	DATA 	Keypress: b
235.5654 	DATA 	Keypress: q
236.0021 	DATA 	Keypress: r
236.9774 	EXP 	New trial (rep=0, index=2): {'Eligebloque': 'Bloque3.xlsx'}
236.9845 	DATA 	Keypress: space
236.9919 	EXP 	text_3: autoDraw = False
236.9919 	EXP 	text_5: autoDraw = True
238.4934 	EXP 	Imported Bloque3.xlsx as conditions, 4 conditions, 6 params
238.4937 	EXP 	Created sequence: sequential, trialTypes=4, nReps=1, seed=None
238.4940 	EXP 	New trial (rep=0, index=0): {'Tipo': 'Operation', 'Span': 4, 'Estimulo': '( 4 + 8 ) × 1 = 11', 'Respuesta': 'right', 'Letra': 'S', 'CorRec': None}
238.5054 	EXP 	text_5: autoDraw = False
238.5054 	EXP 	text: text = '( 4 + 8 ) × 1 = 11'
238.7950 	EXP 	text: autoDraw = True
240.9392 	DATA 	Keypress: left
240.9726 	EXP 	text: autoDraw = False
240.9726 	EXP 	text_2: text = 'S'
240.9726 	EXP 	text_2: autoDraw = True
241.9658 	EXP 	New trial (rep=0, index=1): {'Tipo': 'Operation', 'Span': 4, 'Estimulo': '( 3 - 2 ) × 1 = 4', 'Respuesta': 'right', 'Letra': 'J', 'CorRec': None}
241.9813 	EXP 	text_2: autoDraw = False
241.9813 	EXP 	text: text = '( 3 - 2 ) × 1 = 4'
242.2652 	EXP 	text: autoDraw = True
244.6388 	DATA 	Keypress: left
244.6687 	EXP 	text: autoDraw = False
244.6687 	EXP 	text_2: text = 'J'
244.6687 	EXP 	text_2: autoDraw = True
245.6570 	EXP 	New trial (rep=0, index=2): {'Tipo': 'Operation', 'Span': 4, 'Estimulo': '( 1 + 4 ) × 2 = 10', 'Respuesta': 'right', 'Letra': 'N', 'CorRec': None}
245.6795 	EXP 	text_2: autoDraw = False
245.6795 	EXP 	text_2: autoDraw = False
245.6795 	EXP 	text: text = '( 1 + 4 ) × 2 = 10'
245.9713 	EXP 	text: autoDraw = True
247.3870 	DATA 	Keypress: right
247.3937 	EXP 	text: autoDraw = False
247.3937 	EXP 	text_2: text = 'N'
247.3937 	EXP 	text_2: autoDraw = True
248.3898 	EXP 	New trial (rep=0, index=3): {'Tipo': 'Operation', 'Span': 4, 'Estimulo': '( 3 + 7 ) × 1 = 10', 'Respuesta': 'left', 'Letra': 'T', 'CorRec': ['s', 'j', 'n', 't']}
248.4061 	EXP 	text_2: autoDraw = False
248.4061 	EXP 	text: text = '( 3 + 7 ) × 1 = 10'
248.6891 	EXP 	text: autoDraw = True
250.5246 	DATA 	Keypress: left
250.5308 	EXP 	text: autoDraw = False
250.5308 	EXP 	text_2: text = 'T'
250.5308 	EXP 	text_2: autoDraw = True
251.5421 	EXP 	text_2: autoDraw = False
251.5421 	EXP 	text_3: autoDraw = True
252.9029 	DATA 	Keypress: s
253.6005 	DATA 	Keypress: j
254.0856 	DATA 	Keypress: n
254.5897 	DATA 	Keypress: t
259.2928 	DATA 	Keypress: s
259.9506 	DATA 	Keypress: j
260.4760 	DATA 	Keypress: n
260.9600 	DATA 	Keypress: t
261.3938 	DATA 	Keypress: space
261.4170 	EXP 	Imported Bloques.xlsx as conditions, 3 conditions, 1 params
261.4173 	EXP 	Created sequence: sequential, trialTypes=3, nReps=1, seed=None
261.4176 	EXP 	New trial (rep=0, index=0): {'Eligebloque': 'Bloque1.xlsx'}
261.4262 	EXP 	text_3: autoDraw = False
261.4262 	EXP 	text_5: autoDraw = True
262.9378 	EXP 	Imported Bloque1.xlsx as conditions, 5 conditions, 6 params
262.9381 	EXP 	Created sequence: sequential, trialTypes=5, nReps=1, seed=None
262.9384 	EXP 	New trial (rep=0, index=0): {'Tipo': 'Operation', 'Span': 5, 'Estimulo': '( 5 - 2 ) × 3 = 9', 'Respuesta': 'right', 'Letra': 'L', 'CorRec': None}
262.9499 	EXP 	text_5: autoDraw = False
262.9499 	EXP 	text: text = '( 5 - 2 ) × 3 = 9'
263.2380 	EXP 	text: autoDraw = True
265.2467 	DATA 	Keypress: left
265.2535 	EXP 	text: autoDraw = False
265.2535 	EXP 	text_2: text = 'L'
265.2535 	EXP 	text_2: autoDraw = True
266.2429 	EXP 	New trial (rep=0, index=1): {'Tipo': 'Operation', 'Span': 5, 'Estimulo': '( 3 + 2 ) × 1 = 5', 'Respuesta': 'right', 'Letra': 'V', 'CorRec': None}
266.2585 	EXP 	text_2: autoDraw = False
266.2585 	EXP 	text: text = '( 3 + 2 ) × 1 = 5'
266.5436 	EXP 	text: autoDraw = True
268.5851 	DATA 	Keypress: right
268.6118 	EXP 	text: autoDraw = False
268.6118 	EXP 	text_2: text = 'V'
268.6118 	EXP 	text_2: autoDraw = True
269.5992 	EXP 	New trial (rep=0, index=2): {'Tipo': 'Operation', 'Span': 5, 'Estimulo': '( 3 + 9 ) × 3 = 36', 'Respuesta': 'right', 'Letra': 'X', 'CorRec': None}
269.6177 	EXP 	text_2: autoDraw = False
269.6177 	EXP 	text_2: autoDraw = False
269.6177 	EXP 	text: text = '( 3 + 9 ) × 3 = 36'
269.9131 	EXP 	text: autoDraw = True
272.0998 	DATA 	Keypress: right
272.1060 	EXP 	text: autoDraw = False
272.1060 	EXP 	text_2: text = 'X'
272.1060 	EXP 	text_2: autoDraw = True
273.0999 	EXP 	New trial (rep=0, index=3): {'Tipo': 'Operation', 'Span': 5, 'Estimulo': '( 5 + 3 ) × 1 = 8', 'Respuesta': 'right', 'Letra': 'P', 'CorRec': None}
273.1158 	EXP 	text_2: autoDraw = False
273.1158 	EXP 	text: text = '( 5 + 3 ) × 1 = 8'
273.3996 	EXP 	text: autoDraw = True
275.0768 	DATA 	Keypress: left
275.1065 	EXP 	text: autoDraw = False
275.1065 	EXP 	text_2: text = 'P'
275.1065 	EXP 	text_2: autoDraw = True
276.1031 	EXP 	New trial (rep=0, index=4): {'Tipo': 'Operation', 'Span': 5, 'Estimulo': '( 3 + 2 ) × 2 = 11', 'Respuesta': 'left', 'Letra': 'C', 'CorRec': ['l', 'v', 'x', 'p', 'c']}
276.1192 	EXP 	text_2: autoDraw = False
276.1192 	EXP 	text: text = '( 3 + 2 ) × 2 = 11'
276.4055 	EXP 	text: autoDraw = True
278.8111 	DATA 	Keypress: left
278.8401 	EXP 	text: autoDraw = False
278.8401 	EXP 	text_2: text = 'C'
278.8401 	EXP 	text_2: autoDraw = True
279.8415 	EXP 	text_2: autoDraw = False
279.8415 	EXP 	text_2: autoDraw = False
279.8415 	EXP 	text_3: autoDraw = True
281.5886 	DATA 	Keypress: l
282.5097 	DATA 	Keypress: v
283.1692 	DATA 	Keypress: x
283.6185 	DATA 	Keypress: c
284.3859 	EXP 	New trial (rep=0, index=1): {'Eligebloque': 'Bloque2.xlsx'}
284.3894 	DATA 	Keypress: space
284.3964 	EXP 	text_3: autoDraw = False
284.3964 	EXP 	text_5: autoDraw = True
285.9253 	EXP 	Imported Bloque2.xlsx as conditions, 5 conditions, 6 params
285.9259 	EXP 	Created sequence: sequential, trialTypes=5, nReps=1, seed=None
285.9265 	EXP 	New trial (rep=0, index=0): {'Tipo': 'Operation', 'Span': 5, 'Estimulo': '( 5 + 3 ) × 2 = 20', 'Respuesta': 'left', 'Letra': 'R', 'CorRec': None}
285.9399 	EXP 	text_5: autoDraw = False
285.9399 	EXP 	text_5: autoDraw = False
285.9399 	EXP 	text: text = '( 5 + 3 ) × 2 = 20'
286.2325 	EXP 	text: autoDraw = True
288.0587 	DATA 	Keypress: left
288.0667 	EXP 	text: autoDraw = False
288.0667 	EXP 	text_2: text = 'R'
288.0667 	EXP 	text_2: autoDraw = True
289.0529 	EXP 	New trial (rep=0, index=1): {'Tipo': 'Operation', 'Span': 5, 'Estimulo': '( 4 - 2 ) × 4 = 8', 'Respuesta': 'right', 'Letra': 'M', 'CorRec': None}
289.0671 	EXP 	text_2: autoDraw = False
289.0671 	EXP 	text_2: autoDraw = False
289.0671 	EXP 	text: text = '( 4 - 2 ) × 4 = 8'
289.3503 	EXP 	text: autoDraw = True
290.8629 	DATA 	Keypress: right
290.8699 	EXP 	text: autoDraw = False
290.8699 	EXP 	text_2: text = 'M'
290.8699 	EXP 	text_2: autoDraw = True
291.8584 	EXP 	New trial (rep=0, index=2): {'Tipo': 'Operation', 'Span': 5, 'Estimulo': '( 4 + 8 ) × 4 = 48', 'Respuesta': 'right', 'Letra': 'T', 'CorRec': None}
291.8785 	EXP 	text_2: autoDraw = False
291.8785 	EXP 	text_2: autoDraw = False
291.8785 	EXP 	text: text = '( 4 + 8 ) × 4 = 48'
292.1764 	EXP 	text: autoDraw = True
293.9066 	DATA 	Keypress: right
293.9131 	EXP 	text: autoDraw = False
293.9131 	EXP 	text_2: text = 'T'
293.9131 	EXP 	text_2: autoDraw = True
294.9069 	EXP 	New trial (rep=0, index=3): {'Tipo': 'Operation', 'Span': 5, 'Estimulo': '( 5 - 5 ) × 3 = 4', 'Respuesta': 'left', 'Letra': 'Z', 'CorRec': None}
294.9229 	EXP 	text_2: autoDraw = False
294.9229 	EXP 	text: text = '( 5 - 5 ) × 3 = 4'
295.2090 	EXP 	text: autoDraw = True
297.3279 	DATA 	Keypress: left
297.3344 	EXP 	text: autoDraw = False
297.3344 	EXP 	text_2: text = 'Z'
297.3344 	EXP 	text_2: autoDraw = True
298.3304 	EXP 	New trial (rep=0, index=4): {'Tipo': 'Operation', 'Span': 5, 'Estimulo': '( 3 - 2 ) × 4 = 6', 'Respuesta': 'left', 'Letra': 'B', 'CorRec': ['r', 'm', 't', 'z', 'b']}
298.3493 	EXP 	text_2: autoDraw = False
298.3493 	EXP 	text: text = '( 3 - 2 ) × 4 = 6'
298.6445 	EXP 	text: autoDraw = True
301.9408 	DATA 	Keypress: left
301.9492 	EXP 	text: autoDraw = False
301.9492 	EXP 	text_2: text = 'B'
301.9492 	EXP 	text_2: autoDraw = True
302.9502 	EXP 	text_2: autoDraw = False
302.9502 	EXP 	text_2: autoDraw = False
302.9502 	EXP 	text_3: autoDraw = True
304.4897 	DATA 	Keypress: r
304.8981 	DATA 	Keypress: n
306.7634 	DATA 	Keypress: y
307.8615 	DATA 	Keypress: z
312.7021 	DATA 	Keypress: r
313.2724 	DATA 	Keypress: m
314.0077 	DATA 	Keypress: t
314.6193 	DATA 	Keypress: z
315.0364 	DATA 	Keypress: v
315.3199 	DATA 	Keypress: space
315.3360 	EXP 	New trial (rep=0, index=2): {'Eligebloque': 'Bloque3.xlsx'}
315.3474 	EXP 	text_3: autoDraw = False
315.3474 	EXP 	text_5: autoDraw = True
316.8472 	EXP 	Imported Bloque3.xlsx as conditions, 5 conditions, 6 params
316.8475 	EXP 	Created sequence: sequential, trialTypes=5, nReps=1, seed=None
316.8479 	EXP 	New trial (rep=0, index=0): {'Tipo': 'Operation', 'Span': 5, 'Estimulo': '( 5 + 5 ) × 2 = 21', 'Respuesta': 'left', 'Letra': 'N', 'CorRec': None}
316.8591 	EXP 	text_5: autoDraw = False
316.8591 	EXP 	text_5: autoDraw = False
316.8591 	EXP 	text: text = '( 5 + 5 ) × 2 = 21'
317.1490 	EXP 	text: autoDraw = True
319.2555 	DATA 	Keypress: left
319.2623 	EXP 	text: autoDraw = False
319.2623 	EXP 	text_2: text = 'N'
319.2623 	EXP 	text_2: autoDraw = True
320.2559 	EXP 	New trial (rep=0, index=1): {'Tipo': 'Operation', 'Span': 5, 'Estimulo': '( 4 - 3 ) × 1 = 1', 'Respuesta': 'right', 'Letra': 'G', 'CorRec': None}
320.2755 	EXP 	text_2: autoDraw = False
320.2755 	EXP 	text: text = '( 4 - 3 ) × 1 = 1'
320.5707 	EXP 	text: autoDraw = True
322.0902 	DATA 	Keypress: right
322.0968 	EXP 	text: autoDraw = False
322.0968 	EXP 	text_2: text = 'G'
322.0968 	EXP 	text_2: autoDraw = True
323.0888 	EXP 	New trial (rep=0, index=2): {'Tipo': 'Operation', 'Span': 5, 'Estimulo': '( 3 - 2 ) × 5 = 5', 'Respuesta': 'right', 'Letra': 'V', 'CorRec': None}
323.1043 	EXP 	text_2: autoDraw = False
323.1043 	EXP 	text: text = '( 3 - 2 ) × 5 = 5'
323.3890 	EXP 	text: autoDraw = True
325.2120 	DATA 	Keypress: right
325.2406 	EXP 	text: autoDraw = False
325.2406 	EXP 	text_2: text = 'V'
325.2406 	EXP 	text_2: autoDraw = True
326.2262 	EXP 	New trial (rep=0, index=3): {'Tipo': 'Operation', 'Span': 5, 'Estimulo': '( 3 + 8 ) × 2 = 17', 'Respuesta': 'left', 'Letra': 'X', 'CorRec': None}
326.2409 	EXP 	text_2: autoDraw = False
326.2409 	EXP 	text_2: autoDraw = False
326.2409 	EXP 	text: text = '( 3 + 8 ) × 2 = 17'
326.5268 	EXP 	text: autoDraw = True
328.7872 	DATA 	Keypress: left
328.7954 	EXP 	text: autoDraw = False
328.7954 	EXP 	text_2: text = 'X'
328.7954 	EXP 	text_2: autoDraw = True
329.7833 	EXP 	New trial (rep=0, index=4): {'Tipo': 'Operation', 'Span': 5, 'Estimulo': '( 5 - 5 ) × 1 = 0', 'Respuesta': 'right', 'Letra': 'S', 'CorRec': ['n', 'g', 'v', 'x', 's']}
329.8010 	EXP 	text_2: autoDraw = False
329.8010 	EXP 	text_2: autoDraw = False
329.8010 	EXP 	text: text = '( 5 - 5 ) × 1 = 0'
330.0981 	EXP 	text: autoDraw = True
332.4697 	DATA 	Keypress: right
332.4991 	EXP 	text: autoDraw = False
332.4991 	EXP 	text_2: text = 'S'
332.4991 	EXP 	text_2: autoDraw = True
333.4989 	EXP 	text_2: autoDraw = False
333.4989 	EXP 	text_2: autoDraw = False
333.4989 	EXP 	text_3: autoDraw = True
335.3083 	DATA 	Keypress: n
336.0766 	DATA 	Keypress: g
336.4362 	DATA 	Keypress: v
336.9650 	DATA 	Keypress: x
337.4280 	DATA 	Keypress: s
338.6121 	DATA 	Keypress: space
343.4564 	DATA 	Keypress: n
345.0526 	DATA 	Keypress: g
345.3696 	DATA 	Keypress: v
345.9193 	DATA 	Keypress: x
346.2043 	DATA 	Keypress: s
346.7282 	EXP 	Imported Bloques.xlsx as conditions, 3 conditions, 1 params
346.7285 	EXP 	Created sequence: sequential, trialTypes=3, nReps=1, seed=None
346.7288 	EXP 	New trial (rep=0, index=0): {'Eligebloque': 'Bloque1.xlsx'}
346.7321 	DATA 	Keypress: space
346.7383 	EXP 	text_3: autoDraw = False
346.7383 	EXP 	text_5: autoDraw = True
348.2472 	EXP 	Imported Bloque1.xlsx as conditions, 6 conditions, 6 params
348.2475 	EXP 	Created sequence: sequential, trialTypes=6, nReps=1, seed=None
348.2478 	EXP 	New trial (rep=0, index=0): {'Tipo': 'Operation', 'Span': 6, 'Estimulo': '( 5 + 4 ) × 5 = 45', 'Respuesta': 'right', 'Letra': 'J', 'CorRec': None}
348.2597 	EXP 	text_5: autoDraw = False
348.2597 	EXP 	text: text = '( 5 + 4 ) × 5 = 45'
348.5507 	EXP 	text: autoDraw = True
351.1283 	DATA 	Keypress: left
351.1365 	EXP 	text: autoDraw = False
351.1365 	EXP 	text_2: text = 'J'
351.1365 	EXP 	text_2: autoDraw = True
352.1239 	EXP 	New trial (rep=0, index=1): {'Tipo': 'Operation', 'Span': 6, 'Estimulo': '( 3 - 3 ) × 2 = 0', 'Respuesta': 'right', 'Letra': 'P', 'CorRec': None}
352.1433 	EXP 	text_2: autoDraw = False
352.1433 	EXP 	text_2: autoDraw = False
352.1433 	EXP 	text: text = '( 3 - 3 ) × 2 = 0'
352.4382 	EXP 	text: autoDraw = True
354.1242 	DATA 	Keypress: right
354.1301 	EXP 	text: autoDraw = False
354.1301 	EXP 	text_2: text = 'P'
354.1301 	EXP 	text_2: autoDraw = True
355.1277 	EXP 	New trial (rep=0, index=2): {'Tipo': 'Operation', 'Span': 6, 'Estimulo': '( 4 - 3 ) × 3 = 3', 'Respuesta': 'right', 'Letra': 'K', 'CorRec': None}
355.1481 	EXP 	text_2: autoDraw = False
355.1481 	EXP 	text: text = '( 4 - 3 ) × 3 = 3'
355.4400 	EXP 	text: autoDraw = True
356.8674 	DATA 	Keypress: right
356.8739 	EXP 	text: autoDraw = False
356.8739 	EXP 	text_2: text = 'K'
356.8739 	EXP 	text_2: autoDraw = True
357.8622 	EXP 	New trial (rep=0, index=3): {'Tipo': 'Operation', 'Span': 6, 'Estimulo': '( 3 + 7 ) × 5 = 50', 'Respuesta': 'right', 'Letra': 'L', 'CorRec': None}
357.8805 	EXP 	text_2: autoDraw = False
357.8805 	EXP 	text: text = '( 3 + 7 ) × 5 = 50'
358.1829 	EXP 	text: autoDraw = True
359.7978 	DATA 	Keypress: right
359.8040 	EXP 	text: autoDraw = False
359.8040 	EXP 	text_2: text = 'L'
359.8040 	EXP 	text_2: autoDraw = True
360.7966 	EXP 	New trial (rep=0, index=4): {'Tipo': 'Operation', 'Span': 6, 'Estimulo': '( 4 + 7 ) × 3 = 30', 'Respuesta': 'left', 'Letra': 'T', 'CorRec': None}
360.8126 	EXP 	text_2: autoDraw = False
360.8126 	EXP 	text: text = '( 4 + 7 ) × 3 = 30'
361.0976 	EXP 	text: autoDraw = True
363.6040 	DATA 	Keypress: left
363.6332 	EXP 	text: autoDraw = False
363.6332 	EXP 	text_2: text = 'T'
363.6332 	EXP 	text_2: autoDraw = True
364.6194 	EXP 	New trial (rep=0, index=5): {'Tipo': 'Operation', 'Span': 6, 'Estimulo': '( 5 - 4 ) × 4 = 4', 'Respuesta': 'right', 'Letra': 'D', 'CorRec': ['j', 'p', 'k', 'l', 't', 'd']}
364.6338 	EXP 	text_2: autoDraw = False
364.6338 	EXP 	text_2: autoDraw = False
364.6338 	EXP 	text: text = '( 5 - 4 ) × 4 = 4'
364.9174 	EXP 	text: autoDraw = True
368.4916 	DATA 	Keypress: right
368.4983 	EXP 	text: autoDraw = False
368.4983 	EXP 	text_2: text = 'D'
368.4983 	EXP 	text_2: autoDraw = True
369.5056 	EXP 	text_2: autoDraw = False
369.5056 	EXP 	text_3: autoDraw = True
371.7005 	DATA 	Keypress: j
373.5554 	DATA 	Keypress: b
374.9611 	DATA 	Keypress: k
376.5870 	DATA 	Keypress: l
376.9482 	DATA 	Keypress: p
377.6876 	DATA 	Keypress: t
378.2547 	EXP 	New trial (rep=0, index=1): {'Eligebloque': 'Bloque2.xlsx'}
378.2575 	DATA 	Keypress: space
378.2659 	EXP 	text_3: autoDraw = False
378.2659 	EXP 	text_5: autoDraw = True
379.7663 	EXP 	Imported Bloque2.xlsx as conditions, 6 conditions, 6 params
379.7666 	EXP 	Created sequence: sequential, trialTypes=6, nReps=1, seed=None
379.7669 	EXP 	New trial (rep=0, index=0): {'Tipo': 'Operation', 'Span': 6, 'Estimulo': '( 3 + 3 ) × 3 = 15', 'Respuesta': 'left', 'Letra': 'C', 'CorRec': None}
379.7783 	EXP 	text_5: autoDraw = False
379.7783 	EXP 	text_5: autoDraw = False
379.7783 	EXP 	text: text = '( 3 + 3 ) × 3 = 15'
380.0683 	EXP 	text: autoDraw = True
382.1396 	DATA 	Keypress: left
382.1459 	EXP 	text: autoDraw = False
382.1459 	EXP 	text_2: text = 'C'
382.1459 	EXP 	text_2: autoDraw = True
383.1404 	EXP 	New trial (rep=0, index=1): {'Tipo': 'Operation', 'Span': 6, 'Estimulo': '( 3 + 9 ) × 4 = 48', 'Respuesta': 'right', 'Letra': 'M', 'CorRec': None}
383.1561 	EXP 	text_2: autoDraw = False
383.1561 	EXP 	text: text = '( 3 + 9 ) × 4 = 48'
383.4382 	EXP 	text: autoDraw = True
385.4331 	DATA 	Keypress: right
385.4668 	EXP 	text: autoDraw = False
385.4668 	EXP 	text_2: text = 'M'
385.4668 	EXP 	text_2: autoDraw = True
386.4605 	EXP 	New trial (rep=0, index=2): {'Tipo': 'Operation', 'Span': 6, 'Estimulo': '( 3 - 3 ) × 5 = 1', 'Respuesta': 'left', 'Letra': 'B', 'CorRec': None}
386.4770 	EXP 	text_2: autoDraw = False
386.4770 	EXP 	text: text = '( 3 - 3 ) × 5 = 1'
386.7763 	EXP 	text: autoDraw = True
389.5032 	DATA 	Keypress: left
389.5115 	EXP 	text: autoDraw = False
389.5115 	EXP 	text_2: text = 'B'
389.5115 	EXP 	text_2: autoDraw = True
390.4970 	EXP 	New trial (rep=0, index=3): {'Tipo': 'Operation', 'Span': 6, 'Estimulo': '( 4 - 3 ) × 3 = 6', 'Respuesta': 'left', 'Letra': 'R', 'CorRec': None}
390.5117 	EXP 	text_2: autoDraw = False
390.5117 	EXP 	text_2: autoDraw = False
390.5117 	EXP 	text: text = '( 4 - 3 ) × 3 = 6'
390.7956 	EXP 	text: autoDraw = True
392.6740 	DATA 	Keypress: left
392.6819 	EXP 	text: autoDraw = False
392.6819 	EXP 	text_2: text = 'R'
392.6819 	EXP 	text_2: autoDraw = True
393.6700 	EXP 	New trial (rep=0, index=4): {'Tipo': 'Operation', 'Span': 6, 'Estimulo': '( 3 + 4 ) × 2 = 14', 'Respuesta': 'right', 'Letra': 'Q', 'CorRec': None}
393.6880 	EXP 	text_2: autoDraw = False
393.6880 	EXP 	text_2: autoDraw = False
393.6880 	EXP 	text: text = '( 3 + 4 ) × 2 = 14'
393.9830 	EXP 	text: autoDraw = True
396.0123 	DATA 	Keypress: right
396.0190 	EXP 	text: autoDraw = False
396.0190 	EXP 	text_2: text = 'Q'
396.0190 	EXP 	text_2: autoDraw = True
397.0050 	EXP 	New trial (rep=0, index=5): {'Tipo': 'Operation', 'Span': 6, 'Estimulo': '( 4 + 3 ) × 4 = 28', 'Respuesta': 'right', 'Letra': 'S', 'CorRec': ['c', 'm', 'b', 'r', 'q', 's']}
397.0188 	EXP 	text_2: autoDraw = False
397.0188 	EXP 	text_2: autoDraw = False
397.0188 	EXP 	text: text = '( 4 + 3 ) × 4 = 28'
397.3053 	EXP 	text: autoDraw = True
400.1781 	DATA 	Keypress: right
400.2090 	EXP 	text: autoDraw = False
400.2090 	EXP 	text_2: text = 'S'
400.2090 	EXP 	text_2: autoDraw = True
401.2235 	EXP 	text_2: autoDraw = False
401.2235 	EXP 	text_3: autoDraw = True
403.4379 	DATA 	Keypress: l
403.8177 	DATA 	Keypress: m
404.3504 	DATA 	Keypress: b
405.1278 	DATA 	Keypress: r
405.8027 	DATA 	Keypress: s
408.3064 	DATA 	Keypress: l
408.5957 	DATA 	Keypress: m
409.3411 	DATA 	Keypress: b
410.3447 	DATA 	Keypress: r
410.7081 	DATA 	Keypress: s
411.4922 	DATA 	Keypress: t
413.2634 	EXP 	New trial (rep=0, index=2): {'Eligebloque': 'Bloque3.xlsx'}
413.2671 	DATA 	Keypress: space
413.2735 	EXP 	text_3: autoDraw = False
413.2735 	EXP 	text_5: autoDraw = True
414.7977 	EXP 	Imported Bloque3.xlsx as conditions, 6 conditions, 6 params
414.7981 	EXP 	Created sequence: sequential, trialTypes=6, nReps=1, seed=None
414.7988 	EXP 	New trial (rep=0, index=0): {'Tipo': 'Operation', 'Span': 6, 'Estimulo': '( 5 - 4 ) × 1 = 5', 'Respuesta': 'left', 'Letra': 'F', 'CorRec': None}
414.8109 	EXP 	text_5: autoDraw = False
414.8109 	EXP 	text_5: autoDraw = False
414.8109 	EXP 	text: text = '( 5 - 4 ) × 1 = 5'
415.1072 	EXP 	text: autoDraw = True
417.8301 	DATA 	Keypress: left
417.8594 	EXP 	text: autoDraw = False
417.8594 	EXP 	text_2: text = 'F'
417.8594 	EXP 	text_2: autoDraw = True
418.8459 	EXP 	New trial (rep=0, index=1): {'Tipo': 'Operation', 'Span': 6, 'Estimulo': '( 3 + 4 ) × 4 = 23', 'Respuesta': 'left', 'Letra': 'V', 'CorRec': None}
418.8600 	EXP 	text_2: autoDraw = False
418.8600 	EXP 	text_2: autoDraw = False
418.8600 	EXP 	text: text = '( 3 + 4 ) × 4 = 23'
419.1456 	EXP 	text: autoDraw = True
421.1219 	DATA 	Keypress: left
421.1305 	EXP 	text: autoDraw = False
421.1305 	EXP 	text_2: text = 'V'
421.1305 	EXP 	text_2: autoDraw = True
422.1174 	EXP 	New trial (rep=0, index=2): {'Tipo': 'Operation', 'Span': 6, 'Estimulo': '( 1 + 1 ) × 3 = 4', 'Respuesta': 'left', 'Letra': 'Z', 'CorRec': None}
422.1329 	EXP 	text_2: autoDraw = False
422.1329 	EXP 	text_2: autoDraw = False
422.1329 	EXP 	text: text = '( 1 + 1 ) × 3 = 4'
422.4315 	EXP 	text: autoDraw = True
424.1713 	DATA 	Keypress: left
424.1994 	EXP 	text: autoDraw = False
424.1994 	EXP 	text_2: text = 'Z'
424.1994 	EXP 	text_2: autoDraw = True
425.1862 	EXP 	New trial (rep=0, index=3): {'Tipo': 'Operation', 'Span': 6, 'Estimulo': '( 9 - 4 ) × 2 = 10', 'Respuesta': 'right', 'Letra': 'N', 'CorRec': None}
425.2011 	EXP 	text_2: autoDraw = False
425.2011 	EXP 	text_2: autoDraw = False
425.2011 	EXP 	text: text = '( 9 - 4 ) × 2 = 10'
425.4863 	EXP 	text: autoDraw = True
427.1286 	DATA 	Keypress: right
427.1367 	EXP 	text: autoDraw = False
427.1367 	EXP 	text_2: text = 'N'
427.1367 	EXP 	text_2: autoDraw = True
428.1244 	EXP 	New trial (rep=0, index=4): {'Tipo': 'Operation', 'Span': 6, 'Estimulo': '( 3 + 5 ) × 1 = 3', 'Respuesta': 'left', 'Letra': 'P', 'CorRec': None}
428.1433 	EXP 	text_2: autoDraw = False
428.1433 	EXP 	text_2: autoDraw = False
428.1433 	EXP 	text: text = '( 3 + 5 ) × 1 = 3'
428.4368 	EXP 	text: autoDraw = True
430.0996 	DATA 	Keypress: left
430.1325 	EXP 	text: autoDraw = False
430.1325 	EXP 	text_2: text = 'P'
430.1325 	EXP 	text_2: autoDraw = True
431.1273 	EXP 	New trial (rep=0, index=5): {'Tipo': 'Operation', 'Span': 6, 'Estimulo': '( 5 + 3 ) × 3 = 24', 'Respuesta': 'right', 'Letra': 'X', 'CorRec': ['f', 'v', 'z', 'n', 'p', 'x']}
431.1451 	EXP 	text_2: autoDraw = False
431.1451 	EXP 	text: text = '( 5 + 3 ) × 3 = 24'
431.4406 	EXP 	text: autoDraw = True
435.3876 	DATA 	Keypress: left
435.4180 	EXP 	text: autoDraw = False
435.4180 	EXP 	text_2: text = 'X'
435.4180 	EXP 	text_2: autoDraw = True
436.4310 	EXP 	text_2: autoDraw = False
436.4310 	EXP 	text_3: autoDraw = True
438.4885 	DATA 	Keypress: l
439.2896 	DATA 	Keypress: v
439.7389 	DATA 	Keypress: f
440.9976 	DATA 	Keypress: z
441.6861 	DATA 	Keypress: n
442.7558 	DATA 	Keypress: space
442.7633 	EXP 	text_3: autoDraw = False
442.9103 	EXP 	window1: mouseVisible = True
