11.2444 	WARNING 	User requested fullscreen with size [1024  768], but screen is actually [1920, 1080]. Using actual size
11.7877 	EXP 	Created window1 = Window(allowGUI=False, allowStencil=False, autoLog=True, backendConf=UNKNOWN, backgroundFit=<method-wrapper '__getattribute__' of attributeSetter object at 0x000002213409B6D0>, backgroundImage=<method-wrapper '__getattribute__' of attributeSetter object at 0x000002213409B730>, bitsMode=UNKNOWN, blendMode='avg', bpc=(8, 8, 8), color=array([0, 0, 0]), colorSpace='rgb', depthBits=8, fullscr=True, gamma=None, gammaErrorPolicy='raise', infoMsg=UNKNOWN, lms=UNKNOWN, monitor=<psychopy.monitors.calibTools.Monitor object at 0x0000022134150280>, multiSample=False, name='window1', numSamples=2, pos=[0.0, 0.0], screen=0, size=array([1920, 1080]), stencilBits=0, stereo=False, title='PsychoPy', units='norm', useFBO=True, useRetina=False, viewOri=0.0, viewPos=None, viewScale=None, waitBlanking=True, winType='pyglet')
11.7878 	EXP 	window1: backgroundImage = ''
11.7878 	EXP 	window1: backgroundFit = 'none'
11.9126 	EXP 	window1: Attempting to measure frame rate of screen (0) ...
11.9126 	EXP 	window1: recordFrameIntervals = False
11.9261 	DATA 	Mouse: wheel shift=(0,6), pos=(914,881)
12.0021 	DATA 	Mouse: wheel shift=(0,2), pos=(914,881)
12.0288 	DATA 	Mouse: wheel shift=(0,1), pos=(988,875)
12.0619 	DATA 	Mouse: wheel shift=(0,1), pos=(996,874)
12.0948 	DATA 	Mouse: wheel shift=(0,1), pos=(1007,874)
12.1428 	EXP 	window1: recordFrameIntervals = True
12.1454 	DATA 	Mouse: wheel shift=(0,1), pos=(1007,874)
12.1794 	DATA 	Mouse: wheel shift=(0,1), pos=(1007,874)
12.2295 	DATA 	Mouse: wheel shift=(0,1), pos=(1008,874)
12.2796 	DATA 	Mouse: wheel shift=(0,1), pos=(1016,862)
12.3267 	EXP 	Screen (0) actual frame rate measured at 59.62Hz
12.3268 	EXP 	window1: recordFrameIntervals = False
16.8458 	EXP 	OperationSpanTask: status = STARTED
17.0236 	EXP 	Created inst_text = TextStim(__class__=<class 'psychopy.visual.text.TextStim'>, alignHoriz=method-wrapper(...), alignText='center', alignVert=method-wrapper(...), anchorHoriz='center', anchorVert='center', antialias=True, autoDraw=False, autoLog=True, bold=False, color=array([1., 1., 1.]), colorSpace='rgb', contrast=1.0, depth=0.0, draggable=False, flipHoriz=False, flipVert=False, font='Arial', fontFiles=[], height=0.07, italic=False, languageStyle='LTR', name='inst_text', opacity=1, ori=0, pos=array([0., 0.]), rgb=UNKNOWN, text=str(...), units='norm', win=Window(...), wrapWidth=1)
17.0396 	EXP 	Created text_6 = TextStim(__class__=<class 'psychopy.visual.text.TextStim'>, alignHoriz=method-wrapper(...), alignText='center', alignVert=method-wrapper(...), anchorHoriz='center', anchorVert='center', antialias=True, autoDraw=False, autoLog=True, bold=False, color=array([1., 1., 1.]), colorSpace='rgb', contrast=1.0, depth=0.0, draggable=False, flipHoriz=False, flipVert=False, font='Arial', fontFiles=[], height=0.15, italic=False, languageStyle='LTR', name='text_6', opacity=1, ori=0, pos=array([0., 0.]), rgb=UNKNOWN, text='This is a practice trial', units='norm', win=Window(...), wrapWidth=1)
17.0418 	EXP 	Created text = TextStim(__class__=<class 'psychopy.visual.text.TextStim'>, alignHoriz=method-wrapper(...), alignText='center', alignVert=method-wrapper(...), anchorHoriz='center', anchorVert='center', antialias=True, autoDraw=False, autoLog=True, bold=False, color=array([1., 1., 1.]), colorSpace='rgb', contrast=1.0, depth=0.0, draggable=False, flipHoriz=False, flipVert=False, font='Arial', fontFiles=[], height=0.1, italic=False, languageStyle='LTR', name='text', opacity=1, ori=0, pos=array([0., 0.]), rgb=UNKNOWN, text='', units='norm', win=Window(...), wrapWidth=1)
17.0436 	EXP 	Created text_2 = TextStim(__class__=<class 'psychopy.visual.text.TextStim'>, alignHoriz=method-wrapper(...), alignText='center', alignVert=method-wrapper(...), anchorHoriz='center', anchorVert='center', antialias=True, autoDraw=False, autoLog=True, bold=False, color=array([-1., -1.,  1.]), colorSpace='rgb', contrast=1.0, depth=0.0, draggable=False, flipHoriz=False, flipVert=False, font='Arial', fontFiles=[], height=0.3, italic=False, languageStyle='LTR', name='text_2', opacity=1, ori=0, pos=array([0., 0.]), rgb=UNKNOWN, text='', units='norm', win=Window(...), wrapWidth=1)
17.0519 	EXP 	Created text_3 = TextStim(__class__=<class 'psychopy.visual.text.TextStim'>, alignHoriz=method-wrapper(...), alignText='center', alignVert=method-wrapper(...), anchorHoriz='center', anchorVert='center', antialias=True, autoDraw=False, autoLog=True, bold=False, color=array([ 1., -1., -1.]), colorSpace='rgb', contrast=1.0, depth=0.0, draggable=False, flipHoriz=False, flipVert=False, font='Arial', fontFiles=[], height=0.25, italic=False, languageStyle='LTR', name='text_3', opacity=1, ori=0, pos=array([0., 0.]), rgb=UNKNOWN, text='?', units='norm', win=Window(...), wrapWidth=1)
17.0886 	EXP 	Created text_5 = TextStim(__class__=<class 'psychopy.visual.text.TextStim'>, alignHoriz=method-wrapper(...), alignText='center', alignVert=method-wrapper(...), anchorHoriz='center', anchorVert='center', antialias=True, autoDraw=False, autoLog=True, bold=False, color=array([1., 1., 1.]), colorSpace='rgb', contrast=1.0, depth=0.0, draggable=False, flipHoriz=False, flipVert=False, font='Arial', fontFiles=[], height=0.15, italic=False, languageStyle='LTR', name='text_5', opacity=1, ori=0, pos=array([0., 0.]), rgb=UNKNOWN, text=str(...), units='norm', win=Window(...), wrapWidth=1)
17.0899 	EXP 	Created text = TextStim(__class__=<class 'psychopy.visual.text.TextStim'>, alignHoriz=method-wrapper(...), alignText='center', alignVert=method-wrapper(...), anchorHoriz='center', anchorVert='center', antialias=True, autoDraw=False, autoLog=True, bold=False, color=array([1., 1., 1.]), colorSpace='rgb', contrast=1.0, depth=0.0, draggable=False, flipHoriz=False, flipVert=False, font='Arial', fontFiles=[], height=0.1, italic=False, languageStyle='LTR', name='text', opacity=1, ori=0, pos=array([0., 0.]), rgb=UNKNOWN, text='', units='norm', win=Window(...), wrapWidth=1)
17.0914 	EXP 	Created text_2 = TextStim(__class__=<class 'psychopy.visual.text.TextStim'>, alignHoriz=method-wrapper(...), alignText='center', alignVert=method-wrapper(...), anchorHoriz='center', anchorVert='center', antialias=True, autoDraw=False, autoLog=True, bold=False, color=array([-1., -1.,  1.]), colorSpace='rgb', contrast=1.0, depth=0.0, draggable=False, flipHoriz=False, flipVert=False, font='Arial', fontFiles=[], height=0.3, italic=False, languageStyle='LTR', name='text_2', opacity=1, ori=0, pos=array([0., 0.]), rgb=UNKNOWN, text='', units='norm', win=Window(...), wrapWidth=1)
17.0949 	EXP 	Created text_3 = TextStim(__class__=<class 'psychopy.visual.text.TextStim'>, alignHoriz=method-wrapper(...), alignText='center', alignVert=method-wrapper(...), anchorHoriz='center', anchorVert='center', antialias=True, autoDraw=False, autoLog=True, bold=False, color=array([ 1., -1., -1.]), colorSpace='rgb', contrast=1.0, depth=0.0, draggable=False, flipHoriz=False, flipVert=False, font='Arial', fontFiles=[], height=0.25, italic=False, languageStyle='LTR', name='text_3', opacity=1, ori=0, pos=array([0., 0.]), rgb=UNKNOWN, text='?', units='norm', win=Window(...), wrapWidth=1)
17.1055 	EXP 	Created text_5 = TextStim(__class__=<class 'psychopy.visual.text.TextStim'>, alignHoriz=method-wrapper(...), alignText='center', alignVert=method-wrapper(...), anchorHoriz='center', anchorVert='center', antialias=True, autoDraw=False, autoLog=True, bold=False, color=array([1., 1., 1.]), colorSpace='rgb', contrast=1.0, depth=0.0, draggable=False, flipHoriz=False, flipVert=False, font='Arial', fontFiles=[], height=0.15, italic=False, languageStyle='LTR', name='text_5', opacity=1, ori=0, pos=array([0., 0.]), rgb=UNKNOWN, text=str(...), units='norm', win=Window(...), wrapWidth=1)
17.1070 	EXP 	Created text = TextStim(__class__=<class 'psychopy.visual.text.TextStim'>, alignHoriz=method-wrapper(...), alignText='center', alignVert=method-wrapper(...), anchorHoriz='center', anchorVert='center', antialias=True, autoDraw=False, autoLog=True, bold=False, color=array([1., 1., 1.]), colorSpace='rgb', contrast=1.0, depth=0.0, draggable=False, flipHoriz=False, flipVert=False, font='Arial', fontFiles=[], height=0.1, italic=False, languageStyle='LTR', name='text', opacity=1, ori=0, pos=array([0., 0.]), rgb=UNKNOWN, text='', units='norm', win=Window(...), wrapWidth=1)
17.1086 	EXP 	Created text_2 = TextStim(__class__=<class 'psychopy.visual.text.TextStim'>, alignHoriz=method-wrapper(...), alignText='center', alignVert=method-wrapper(...), anchorHoriz='center', anchorVert='center', antialias=True, autoDraw=False, autoLog=True, bold=False, color=array([-1., -1.,  1.]), colorSpace='rgb', contrast=1.0, depth=0.0, draggable=False, flipHoriz=False, flipVert=False, font='Arial', fontFiles=[], height=0.3, italic=False, languageStyle='LTR', name='text_2', opacity=1, ori=0, pos=array([0., 0.]), rgb=UNKNOWN, text='', units='norm', win=Window(...), wrapWidth=1)
17.1124 	EXP 	Created text_3 = TextStim(__class__=<class 'psychopy.visual.text.TextStim'>, alignHoriz=method-wrapper(...), alignText='center', alignVert=method-wrapper(...), anchorHoriz='center', anchorVert='center', antialias=True, autoDraw=False, autoLog=True, bold=False, color=array([ 1., -1., -1.]), colorSpace='rgb', contrast=1.0, depth=0.0, draggable=False, flipHoriz=False, flipVert=False, font='Arial', fontFiles=[], height=0.25, italic=False, languageStyle='LTR', name='text_3', opacity=1, ori=0, pos=array([0., 0.]), rgb=UNKNOWN, text='?', units='norm', win=Window(...), wrapWidth=1)
17.1231 	EXP 	Created text_5 = TextStim(__class__=<class 'psychopy.visual.text.TextStim'>, alignHoriz=method-wrapper(...), alignText='center', alignVert=method-wrapper(...), anchorHoriz='center', anchorVert='center', antialias=True, autoDraw=False, autoLog=True, bold=False, color=array([1., 1., 1.]), colorSpace='rgb', contrast=1.0, depth=0.0, draggable=False, flipHoriz=False, flipVert=False, font='Arial', fontFiles=[], height=0.15, italic=False, languageStyle='LTR', name='text_5', opacity=1, ori=0, pos=array([0., 0.]), rgb=UNKNOWN, text=str(...), units='norm', win=Window(...), wrapWidth=1)
17.1248 	EXP 	Created text = TextStim(__class__=<class 'psychopy.visual.text.TextStim'>, alignHoriz=method-wrapper(...), alignText='center', alignVert=method-wrapper(...), anchorHoriz='center', anchorVert='center', antialias=True, autoDraw=False, autoLog=True, bold=False, color=array([1., 1., 1.]), colorSpace='rgb', contrast=1.0, depth=0.0, draggable=False, flipHoriz=False, flipVert=False, font='Arial', fontFiles=[], height=0.1, italic=False, languageStyle='LTR', name='text', opacity=1, ori=0, pos=array([0., 0.]), rgb=UNKNOWN, text='', units='norm', win=Window(...), wrapWidth=1)
17.1262 	EXP 	Created text_2 = TextStim(__class__=<class 'psychopy.visual.text.TextStim'>, alignHoriz=method-wrapper(...), alignText='center', alignVert=method-wrapper(...), anchorHoriz='center', anchorVert='center', antialias=True, autoDraw=False, autoLog=True, bold=False, color=array([-1., -1.,  1.]), colorSpace='rgb', contrast=1.0, depth=0.0, draggable=False, flipHoriz=False, flipVert=False, font='Arial', fontFiles=[], height=0.3, italic=False, languageStyle='LTR', name='text_2', opacity=1, ori=0, pos=array([0., 0.]), rgb=UNKNOWN, text='', units='norm', win=Window(...), wrapWidth=1)
17.1300 	EXP 	Created text_3 = TextStim(__class__=<class 'psychopy.visual.text.TextStim'>, alignHoriz=method-wrapper(...), alignText='center', alignVert=method-wrapper(...), anchorHoriz='center', anchorVert='center', antialias=True, autoDraw=False, autoLog=True, bold=False, color=array([ 1., -1., -1.]), colorSpace='rgb', contrast=1.0, depth=0.0, draggable=False, flipHoriz=False, flipVert=False, font='Arial', fontFiles=[], height=0.25, italic=False, languageStyle='LTR', name='text_3', opacity=1, ori=0, pos=array([0., 0.]), rgb=UNKNOWN, text='?', units='norm', win=Window(...), wrapWidth=1)
17.1410 	EXP 	Created text_5 = TextStim(__class__=<class 'psychopy.visual.text.TextStim'>, alignHoriz=method-wrapper(...), alignText='center', alignVert=method-wrapper(...), anchorHoriz='center', anchorVert='center', antialias=True, autoDraw=False, autoLog=True, bold=False, color=array([1., 1., 1.]), colorSpace='rgb', contrast=1.0, depth=0.0, draggable=False, flipHoriz=False, flipVert=False, font='Arial', fontFiles=[], height=0.15, italic=False, languageStyle='LTR', name='text_5', opacity=1, ori=0, pos=array([0., 0.]), rgb=UNKNOWN, text=str(...), units='norm', win=Window(...), wrapWidth=1)
17.1426 	EXP 	Created text = TextStim(__class__=<class 'psychopy.visual.text.TextStim'>, alignHoriz=method-wrapper(...), alignText='center', alignVert=method-wrapper(...), anchorHoriz='center', anchorVert='center', antialias=True, autoDraw=False, autoLog=True, bold=False, color=array([1., 1., 1.]), colorSpace='rgb', contrast=1.0, depth=0.0, draggable=False, flipHoriz=False, flipVert=False, font='Arial', fontFiles=[], height=0.1, italic=False, languageStyle='LTR', name='text', opacity=1, ori=0, pos=array([0., 0.]), rgb=UNKNOWN, text='', units='norm', win=Window(...), wrapWidth=1)
17.1439 	EXP 	Created text_2 = TextStim(__class__=<class 'psychopy.visual.text.TextStim'>, alignHoriz=method-wrapper(...), alignText='center', alignVert=method-wrapper(...), anchorHoriz='center', anchorVert='center', antialias=True, autoDraw=False, autoLog=True, bold=False, color=array([-1., -1.,  1.]), colorSpace='rgb', contrast=1.0, depth=0.0, draggable=False, flipHoriz=False, flipVert=False, font='Arial', fontFiles=[], height=0.3, italic=False, languageStyle='LTR', name='text_2', opacity=1, ori=0, pos=array([0., 0.]), rgb=UNKNOWN, text='', units='norm', win=Window(...), wrapWidth=1)
17.1476 	EXP 	Created text_3 = TextStim(__class__=<class 'psychopy.visual.text.TextStim'>, alignHoriz=method-wrapper(...), alignText='center', alignVert=method-wrapper(...), anchorHoriz='center', anchorVert='center', antialias=True, autoDraw=False, autoLog=True, bold=False, color=array([ 1., -1., -1.]), colorSpace='rgb', contrast=1.0, depth=0.0, draggable=False, flipHoriz=False, flipVert=False, font='Arial', fontFiles=[], height=0.25, italic=False, languageStyle='LTR', name='text_3', opacity=1, ori=0, pos=array([0., 0.]), rgb=UNKNOWN, text='?', units='norm', win=Window(...), wrapWidth=1)
17.1592 	EXP 	Created text_5 = TextStim(__class__=<class 'psychopy.visual.text.TextStim'>, alignHoriz=method-wrapper(...), alignText='center', alignVert=method-wrapper(...), anchorHoriz='center', anchorVert='center', antialias=True, autoDraw=False, autoLog=True, bold=False, color=array([1., 1., 1.]), colorSpace='rgb', contrast=1.0, depth=0.0, draggable=False, flipHoriz=False, flipVert=False, font='Arial', fontFiles=[], height=0.15, italic=False, languageStyle='LTR', name='text_5', opacity=1, ori=0, pos=array([0., 0.]), rgb=UNKNOWN, text=str(...), units='norm', win=Window(...), wrapWidth=1)
17.1608 	EXP 	Created text = TextStim(__class__=<class 'psychopy.visual.text.TextStim'>, alignHoriz=method-wrapper(...), alignText='center', alignVert=method-wrapper(...), anchorHoriz='center', anchorVert='center', antialias=True, autoDraw=False, autoLog=True, bold=False, color=array([1., 1., 1.]), colorSpace='rgb', contrast=1.0, depth=0.0, draggable=False, flipHoriz=False, flipVert=False, font='Arial', fontFiles=[], height=0.1, italic=False, languageStyle='LTR', name='text', opacity=1, ori=0, pos=array([0., 0.]), rgb=UNKNOWN, text='', units='norm', win=Window(...), wrapWidth=1)
17.1622 	EXP 	Created text_2 = TextStim(__class__=<class 'psychopy.visual.text.TextStim'>, alignHoriz=method-wrapper(...), alignText='center', alignVert=method-wrapper(...), anchorHoriz='center', anchorVert='center', antialias=True, autoDraw=False, autoLog=True, bold=False, color=array([-1., -1.,  1.]), colorSpace='rgb', contrast=1.0, depth=0.0, draggable=False, flipHoriz=False, flipVert=False, font='Arial', fontFiles=[], height=0.3, italic=False, languageStyle='LTR', name='text_2', opacity=1, ori=0, pos=array([0., 0.]), rgb=UNKNOWN, text='', units='norm', win=Window(...), wrapWidth=1)
17.1663 	EXP 	Created text_3 = TextStim(__class__=<class 'psychopy.visual.text.TextStim'>, alignHoriz=method-wrapper(...), alignText='center', alignVert=method-wrapper(...), anchorHoriz='center', anchorVert='center', antialias=True, autoDraw=False, autoLog=True, bold=False, color=array([ 1., -1., -1.]), colorSpace='rgb', contrast=1.0, depth=0.0, draggable=False, flipHoriz=False, flipVert=False, font='Arial', fontFiles=[], height=0.25, italic=False, languageStyle='LTR', name='text_3', opacity=1, ori=0, pos=array([0., 0.]), rgb=UNKNOWN, text='?', units='norm', win=Window(...), wrapWidth=1)
0.0010 	DATA 	Mouse: wheel shift=(0,5), pos=(1025,847)
0.0292 	EXP 	inst_text: autoDraw = True
10.9792 	DATA 	Keypress: space
11.0079 	EXP 	Imported Block.xlsx as conditions, 2 conditions, 1 params
11.0082 	EXP 	New trial (rep=0, index=0): <Trial 0 (0 in rep 0) data={'selectblock': 'Block1.xlsx', 'thisN': 0, 'thisTrialN': 0, 'thisRepN': 0}>
11.0187 	EXP 	inst_text: autoDraw = False
11.0187 	EXP 	text_6: autoDraw = True
13.0249 	EXP 	Imported Block1.xlsx as conditions, 2 conditions, 6 params
13.0252 	EXP 	New trial (rep=0, index=0): <Trial 0 (0 in rep 0) data={'Type': 'Operation', 'Span': 'Example', 'Stimulus': '( 3 - 1 ) × 2 = 4', 'Response': 'right', 'Letter': 'D', 'corrResp': None, 'thisN': 0, 'thisTrialN': 0, 'thisRepN': 0}>
13.0497 	EXP 	text_6: autoDraw = False
13.0497 	EXP 	text: height = 0.1
13.0497 	EXP 	text: height = 0.1
13.0497 	EXP 	text: height = 0.1
13.0497 	EXP 	text: text = '( 3 - 1 ) × 2 = 4'
13.3133 	EXP 	text: autoDraw = True
18.5708 	DATA 	Keypress: right
18.6059 	EXP 	text: autoDraw = False
18.6059 	EXP 	text_2: height = 0.3
18.6059 	EXP 	text_2: height = 0.3
18.6059 	EXP 	text_2: height = 0.3
18.6059 	EXP 	text_2: text = 'D'
18.6059 	EXP 	text_2: autoDraw = True
19.6032 	EXP 	New trial (rep=0, index=1): <Trial 1 (1 in rep 0) data={'Type': 'Operation', 'Span': 'Example', 'Stimulus': '( 3 + 6 ) × 2 = 16', 'Response': 'left', 'Letter': 'T', 'corrResp': ['d', 't'], 'thisN': 1, 'thisTrialN': 1, 'thisRepN': 0}>
19.6226 	EXP 	text_2: autoDraw = False
19.6226 	EXP 	text: height = 0.1
19.6226 	EXP 	text: height = 0.1
19.6226 	EXP 	text: height = 0.1
19.6226 	EXP 	text: text = '( 3 + 6 ) × 2 = 16'
19.8865 	EXP 	text: autoDraw = True
24.1984 	DATA 	Keypress: left
24.2101 	EXP 	text: autoDraw = False
24.2101 	EXP 	text_2: height = 0.3
24.2101 	EXP 	text_2: height = 0.3
24.2101 	EXP 	text_2: height = 0.3
24.2101 	EXP 	text_2: text = 'T'
24.2101 	EXP 	text_2: autoDraw = True
25.2252 	EXP 	text_2: autoDraw = False
25.2252 	EXP 	text_3: autoDraw = True
27.2461 	DATA 	Keypress: d
27.7302 	DATA 	Keypress: t
28.9480 	EXP 	New trial (rep=0, index=1): <Trial 1 (1 in rep 0) data={'selectblock': 'Block2.xlsx', 'thisN': 1, 'thisTrialN': 1, 'thisRepN': 0}>
28.9496 	DATA 	Keypress: space
28.9623 	EXP 	text_3: autoDraw = False
28.9623 	EXP 	text_6: autoDraw = True
30.9608 	EXP 	Imported Block2.xlsx as conditions, 2 conditions, 6 params
30.9611 	EXP 	New trial (rep=0, index=0): <Trial 0 (0 in rep 0) data={'Type': 'Operation', 'Span': 'Example', 'Stimulus': '( 5 - 2 ) × 2 = 3', 'Response': 'left', 'Letter': 'R', 'corrResp': None, 'thisN': 0, 'thisTrialN': 0, 'thisRepN': 0}>
30.9767 	EXP 	text_6: autoDraw = False
30.9767 	EXP 	text_6: autoDraw = False
30.9767 	EXP 	text: height = 0.1
30.9767 	EXP 	text: height = 0.1
30.9767 	EXP 	text: height = 0.1
30.9767 	EXP 	text: text = '( 5 - 2 ) × 2 = 3'
31.2479 	EXP 	text: autoDraw = True
35.0626 	DATA 	Keypress: left
35.0716 	EXP 	text: autoDraw = False
35.0716 	EXP 	text_2: height = 0.3
35.0716 	EXP 	text_2: height = 0.3
35.0716 	EXP 	text_2: height = 0.3
35.0716 	EXP 	text_2: text = 'R'
35.0716 	EXP 	text_2: autoDraw = True
36.0697 	EXP 	New trial (rep=0, index=1): <Trial 1 (1 in rep 0) data={'Type': 'Operation', 'Span': 'Example', 'Stimulus': '( 4 + 1 ) × 1 = 5', 'Response': 'right', 'Letter': 'V', 'corrResp': ['r', 'v'], 'thisN': 1, 'thisTrialN': 1, 'thisRepN': 0}>
36.0866 	EXP 	text_2: autoDraw = False
36.0866 	EXP 	text: height = 0.1
36.0866 	EXP 	text: height = 0.1
36.0866 	EXP 	text: height = 0.1
36.0866 	EXP 	text: text = '( 4 + 1 ) × 1 = 5'
36.3531 	EXP 	text: autoDraw = True
38.7302 	DATA 	Keypress: right
38.7522 	EXP 	text: autoDraw = False
38.7522 	EXP 	text_2: height = 0.3
38.7522 	EXP 	text_2: height = 0.3
38.7522 	EXP 	text_2: height = 0.3
38.7522 	EXP 	text_2: text = 'V'
38.7522 	EXP 	text_2: autoDraw = True
39.7564 	EXP 	text_2: autoDraw = False
39.7564 	EXP 	text_3: autoDraw = True
40.9767 	DATA 	Keypress: r
41.3774 	DATA 	Keypress: v
42.1494 	EXP 	Imported Block.xlsx as conditions, 3 conditions, 1 params
42.1498 	EXP 	New trial (rep=0, index=0): <Trial 0 (0 in rep 0) data={'selectblock': 'Block1.xlsx', 'thisN': 0, 'thisTrialN': 0, 'thisRepN': 0}>
42.1528 	DATA 	Keypress: space
42.1628 	EXP 	text_3: autoDraw = False
42.1628 	EXP 	text_5: autoDraw = True
43.6732 	EXP 	Imported Block1.xlsx as conditions, 2 conditions, 6 params
43.6735 	EXP 	New trial (rep=0, index=0): <Trial 0 (0 in rep 0) data={'Type': 'Operation', 'Span': 2, 'Stimulus': '( 4 - 1 ) × 1 = 6', 'Response': 'left', 'Letter': 'S', 'corrResp': None, 'thisN': 0, 'thisTrialN': 0, 'thisRepN': 0}>
43.6860 	EXP 	text_5: autoDraw = False
43.6860 	EXP 	text: height = 0.1
43.6860 	EXP 	text: height = 0.1
43.6860 	EXP 	text: height = 0.1
43.6860 	EXP 	text: text = '( 4 - 1 ) × 1 = 6'
43.9440 	EXP 	text: autoDraw = True
47.8668 	DATA 	Keypress: escape
47.9994 	EXP 	OperationSpanTask: status = STOPPED
48.0148 	EXP 	text: autoDraw = False
48.0149 	EXP 	OperationSpanTask: status = STOPPED
