4.2851 	DEBUG 	Fullscreen settings ignored as running in pilot mode.
4.2858 	INFO 	Loaded monitor calibration from ['2025_04_02 00:13']
4.5123 	EXP 	Created window1 = Window(allowGUI=False, allowStencil=False, autoLog=True, backendConf=UNKNOWN, backgroundFit=<method-wrapper '__getattribute__' of attributeSetter object at 0x7f77c93cda60>, backgroundImage=<method-wrapper '__getattribute__' of attributeSetter object at 0x7f77c93cd970>, bitsMode=UNKNOWN, blendMode='avg', bpc=(8, 8, 8), color=array([0, 0, 0]), colorSpace='rgb', depthBits=8, fullscr=False, gamma=None, gammaErrorPolicy='raise', infoMsg=UNKNOWN, lms=UNKNOWN, monitor=<psychopy.monitors.calibTools.Monitor object at 0x7f77c93fb430>, multiSample=False, name='window1', numSamples=2, pos=[464.0, 258.5], screen=0, size=array([1600, 1200]), stencilBits=0, stereo=False, title='PsychoPy', units='norm', useFBO=True, useRetina=True, viewOri=0.0, viewPos=None, viewScale=None, waitBlanking=True, winType='pyglet')
4.5123 	EXP 	window1: backgroundImage = ''
4.5124 	EXP 	window1: backgroundFit = 'none'
4.5235 	DEBUG 	TextBox2 loaded 1 chars with 0 blanks and 1 valid
4.5239 	DEBUG 	TextBox2 loaded 1 chars with 0 blanks and 1 valid
4.5246 	DEBUG 	TextBox2 loaded 1 chars with 0 blanks and 1 valid
4.5256 	DEBUG 	TextBox2 loaded 1 chars with 0 blanks and 1 valid
4.5264 	DEBUG 	TextBox2 loaded 1 chars with 0 blanks and 1 valid
4.5273 	DEBUG 	TextBox2 loaded 1 chars with 0 blanks and 1 valid
4.5282 	DEBUG 	TextBox2 loaded 1 chars with 0 blanks and 1 valid
4.5286 	DEBUG 	TextBox2 loaded 1 chars with 0 blanks and 1 valid
4.5288 	DEBUG 	TextBox2 loaded 1 chars with 0 blanks and 1 valid
4.5290 	DEBUG 	TextBox2 loaded 1 chars with 0 blanks and 1 valid
4.5298 	DEBUG 	TextBox2 loaded 1 chars with 0 blanks and 1 valid
4.5306 	DEBUG 	TextBox2 loaded 1 chars with 0 blanks and 1 valid
4.5309 	DEBUG 	TextBox2 loaded 1 chars with 0 blanks and 1 valid
4.5315 	DEBUG 	TextBox2 loaded 1 chars with 0 blanks and 1 valid
4.5321 	DEBUG 	TextBox2 loaded 1 chars with 0 blanks and 1 valid
4.5329 	DEBUG 	TextBox2 loaded 1 chars with 0 blanks and 1 valid
4.5335 	DEBUG 	TextBox2 loaded 1 chars with 0 blanks and 1 valid
4.5340 	DEBUG 	TextBox2 loaded 1 chars with 0 blanks and 1 valid
4.5347 	DEBUG 	TextBox2 loaded 1 chars with 0 blanks and 1 valid
4.5353 	DEBUG 	TextBox2 loaded 1 chars with 0 blanks and 1 valid
4.5361 	DEBUG 	TextBox2 loaded 1 chars with 0 blanks and 1 valid
4.5369 	DEBUG 	TextBox2 loaded 1 chars with 0 blanks and 1 valid
4.5376 	DEBUG 	TextBox2 loaded 1 chars with 0 blanks and 1 valid
4.5384 	DEBUG 	TextBox2 loaded 1 chars with 0 blanks and 1 valid
4.5390 	DEBUG 	TextBox2 loaded 1 chars with 0 blanks and 1 valid
4.5396 	DEBUG 	TextBox2 loaded 1 chars with 0 blanks and 1 valid
4.5405 	DEBUG 	TextBox2 loaded 1 chars with 0 blanks and 1 valid
4.5408 	DEBUG 	TextBox2 loaded 1 chars with 0 blanks and 1 valid
4.5410 	DEBUG 	Uploading Texture Font fontname to graphics card
4.5450 	DEBUG 	Upload of Texture Font fontname complete
4.5519 	DEBUG 	TextBox2 loaded 1 chars with 0 blanks and 1 valid
4.5528 	DEBUG 	TextBox2 loaded 1 chars with 0 blanks and 1 valid
4.5530 	DEBUG 	Uploading Texture Font fontname to graphics card
4.5552 	DEBUG 	Upload of Texture Font fontname complete
5.1978 	INFO 	keyboard.Keyboard is using ptb backend.
5.3206 	INFO 	keyboard.Keyboard is using ptb backend.
5.4047 	INFO 	keyboard.Keyboard is using ptb backend.
5.4879 	INFO 	keyboard.Keyboard is using ptb backend.
5.5713 	INFO 	keyboard.Keyboard is using ptb backend.
5.6543 	INFO 	keyboard.Keyboard is using ptb backend.
5.7371 	INFO 	keyboard.Keyboard is using ptb backend.
5.7372 	EXP 	OperationSpanTask: status = STARTED
5.7955 	EXP 	Created nback_inst = TextStim(__class__=<class 'psychopy.visual.text.TextStim'>, alignHoriz=method-wrapper(...), alignText='center', alignVert=method-wrapper(...), anchorHoriz='center', anchorVert='center', antialias=True, autoDraw=False, autoLog=True, bold=False, color=array([1., 1., 1.]), colorSpace='rgb', contrast=1.0, depth=0.0, draggable=False, flipHoriz=False, flipVert=False, font='Arial', fontFiles=[], height=0.05, italic=False, languageStyle='LTR', name='nback_inst', opacity=1, ori=0.0, pos=array([0., 0.]), rgb=UNKNOWN, text=str(...), units='norm', win=Window(...), wrapWidth=1)
5.7965 	EXP 	Created nback_stim = TextStim(__class__=<class 'psychopy.visual.text.TextStim'>, alignHoriz=method-wrapper(...), alignText='center', alignVert=method-wrapper(...), anchorHoriz='center', anchorVert='center', antialias=True, autoDraw=False, autoLog=True, bold=False, color=array([-1., -1.,  1.]), colorSpace='rgb', contrast=1.0, depth=0.0, draggable=False, flipHoriz=False, flipVert=False, font='Arial', fontFiles=[], height=0.3, italic=False, languageStyle='LTR', name='nback_stim', opacity=1.0, ori=0.0, pos=array([0., 0.]), rgb=UNKNOWN, text='', units='norm', win=Window(...), wrapWidth=1)
5.8306 	EXP 	Created inst_text = TextStim(__class__=<class 'psychopy.visual.text.TextStim'>, alignHoriz=method-wrapper(...), alignText='center', alignVert=method-wrapper(...), anchorHoriz='center', anchorVert='center', antialias=True, autoDraw=False, autoLog=True, bold=False, color=array([1., 1., 1.]), colorSpace='rgb', contrast=1.0, depth=0.0, draggable=False, flipHoriz=False, flipVert=False, font='Open Sans', fontFiles=[], height=0.05, italic=False, languageStyle='LTR', name='inst_text', opacity=1, ori=0, pos=array([0., 0.]), rgb=UNKNOWN, text=str(...), units='norm', win=Window(...), wrapWidth=1)
5.8387 	EXP 	Created text_6 = TextStim(__class__=<class 'psychopy.visual.text.TextStim'>, alignHoriz=method-wrapper(...), alignText='center', alignVert=method-wrapper(...), anchorHoriz='center', anchorVert='center', antialias=True, autoDraw=False, autoLog=True, bold=False, color=array([1., 1., 1.]), colorSpace='rgb', contrast=1.0, depth=0.0, draggable=False, flipHoriz=False, flipVert=False, font='Arial', fontFiles=[], height=0.15, italic=False, languageStyle='LTR', name='text_6', opacity=1, ori=0, pos=array([0., 0.]), rgb=UNKNOWN, text='This is a practice trial.', units='norm', win=Window(...), wrapWidth=1)
5.8396 	EXP 	Created text = TextStim(__class__=<class 'psychopy.visual.text.TextStim'>, alignHoriz=method-wrapper(...), alignText='center', alignVert=method-wrapper(...), anchorHoriz='center', anchorVert='center', antialias=True, autoDraw=False, autoLog=True, bold=False, color=array([1., 1., 1.]), colorSpace='rgb', contrast=1.0, depth=0.0, draggable=False, flipHoriz=False, flipVert=False, font='Arial', fontFiles=[], height=0.1, italic=False, languageStyle='LTR', name='text', opacity=1, ori=0, pos=array([0., 0.]), rgb=UNKNOWN, text='', units='norm', win=Window(...), wrapWidth=1)
5.8403 	EXP 	Created text_2 = TextStim(__class__=<class 'psychopy.visual.text.TextStim'>, alignHoriz=method-wrapper(...), alignText='center', alignVert=method-wrapper(...), anchorHoriz='center', anchorVert='center', antialias=True, autoDraw=False, autoLog=True, bold=False, color=array([-1., -1.,  1.]), colorSpace='rgb', contrast=1.0, depth=0.0, draggable=False, flipHoriz=False, flipVert=False, font='Arial', fontFiles=[], height=0.3, italic=False, languageStyle='LTR', name='text_2', opacity=1, ori=0, pos=array([0., 0.]), rgb=UNKNOWN, text='', units='norm', win=Window(...), wrapWidth=1)
5.8431 	EXP 	Created text_3 = TextStim(__class__=<class 'psychopy.visual.text.TextStim'>, alignHoriz=method-wrapper(...), alignText='center', alignVert=method-wrapper(...), anchorHoriz='center', anchorVert='center', antialias=True, autoDraw=False, autoLog=True, bold=False, color=array([ 1., -1., -1.]), colorSpace='rgb', contrast=1.0, depth=0.0, draggable=False, flipHoriz=False, flipVert=False, font='Arial', fontFiles=[], height=0.25, italic=False, languageStyle='LTR', name='text_3', opacity=1, ori=0, pos=array([0., 0.]), rgb=UNKNOWN, text='?', units='norm', win=Window(...), wrapWidth=1)
5.8568 	EXP 	Created text_5 = TextStim(__class__=<class 'psychopy.visual.text.TextStim'>, alignHoriz=method-wrapper(...), alignText='center', alignVert=method-wrapper(...), anchorHoriz='center', anchorVert='center', antialias=True, autoDraw=False, autoLog=True, bold=False, color=array([1., 1., 1.]), colorSpace='rgb', contrast=1.0, depth=0.0, draggable=False, flipHoriz=False, flipVert=False, font='Arial', fontFiles=[], height=0.15, italic=False, languageStyle='LTR', name='text_5', opacity=1, ori=0, pos=array([0., 0.]), rgb=UNKNOWN, text=str(...), units='norm', win=Window(...), wrapWidth=1)
5.8576 	EXP 	Created text = TextStim(__class__=<class 'psychopy.visual.text.TextStim'>, alignHoriz=method-wrapper(...), alignText='center', alignVert=method-wrapper(...), anchorHoriz='center', anchorVert='center', antialias=True, autoDraw=False, autoLog=True, bold=False, color=array([1., 1., 1.]), colorSpace='rgb', contrast=1.0, depth=0.0, draggable=False, flipHoriz=False, flipVert=False, font='Arial', fontFiles=[], height=0.1, italic=False, languageStyle='LTR', name='text', opacity=1, ori=0, pos=array([0., 0.]), rgb=UNKNOWN, text='', units='norm', win=Window(...), wrapWidth=1)
5.8583 	EXP 	Created text_2 = TextStim(__class__=<class 'psychopy.visual.text.TextStim'>, alignHoriz=method-wrapper(...), alignText='center', alignVert=method-wrapper(...), anchorHoriz='center', anchorVert='center', antialias=True, autoDraw=False, autoLog=True, bold=False, color=array([-1., -1.,  1.]), colorSpace='rgb', contrast=1.0, depth=0.0, draggable=False, flipHoriz=False, flipVert=False, font='Arial', fontFiles=[], height=0.3, italic=False, languageStyle='LTR', name='text_2', opacity=1, ori=0, pos=array([0., 0.]), rgb=UNKNOWN, text='', units='norm', win=Window(...), wrapWidth=1)
5.8602 	EXP 	Created text_3 = TextStim(__class__=<class 'psychopy.visual.text.TextStim'>, alignHoriz=method-wrapper(...), alignText='center', alignVert=method-wrapper(...), anchorHoriz='center', anchorVert='center', antialias=True, autoDraw=False, autoLog=True, bold=False, color=array([ 1., -1., -1.]), colorSpace='rgb', contrast=1.0, depth=0.0, draggable=False, flipHoriz=False, flipVert=False, font='Arial', fontFiles=[], height=0.25, italic=False, languageStyle='LTR', name='text_3', opacity=1, ori=0, pos=array([0., 0.]), rgb=UNKNOWN, text='?', units='norm', win=Window(...), wrapWidth=1)
5.8650 	EXP 	Created text_5 = TextStim(__class__=<class 'psychopy.visual.text.TextStim'>, alignHoriz=method-wrapper(...), alignText='center', alignVert=method-wrapper(...), anchorHoriz='center', anchorVert='center', antialias=True, autoDraw=False, autoLog=True, bold=False, color=array([1., 1., 1.]), colorSpace='rgb', contrast=1.0, depth=0.0, draggable=False, flipHoriz=False, flipVert=False, font='Arial', fontFiles=[], height=0.15, italic=False, languageStyle='LTR', name='text_5', opacity=1, ori=0, pos=array([0., 0.]), rgb=UNKNOWN, text=str(...), units='norm', win=Window(...), wrapWidth=1)
5.8658 	EXP 	Created text = TextStim(__class__=<class 'psychopy.visual.text.TextStim'>, alignHoriz=method-wrapper(...), alignText='center', alignVert=method-wrapper(...), anchorHoriz='center', anchorVert='center', antialias=True, autoDraw=False, autoLog=True, bold=False, color=array([1., 1., 1.]), colorSpace='rgb', contrast=1.0, depth=0.0, draggable=False, flipHoriz=False, flipVert=False, font='Arial', fontFiles=[], height=0.1, italic=False, languageStyle='LTR', name='text', opacity=1, ori=0, pos=array([0., 0.]), rgb=UNKNOWN, text='', units='norm', win=Window(...), wrapWidth=1)
5.8664 	EXP 	Created text_2 = TextStim(__class__=<class 'psychopy.visual.text.TextStim'>, alignHoriz=method-wrapper(...), alignText='center', alignVert=method-wrapper(...), anchorHoriz='center', anchorVert='center', antialias=True, autoDraw=False, autoLog=True, bold=False, color=array([-1., -1.,  1.]), colorSpace='rgb', contrast=1.0, depth=0.0, draggable=False, flipHoriz=False, flipVert=False, font='Arial', fontFiles=[], height=0.3, italic=False, languageStyle='LTR', name='text_2', opacity=1, ori=0, pos=array([0., 0.]), rgb=UNKNOWN, text='', units='norm', win=Window(...), wrapWidth=1)
5.8681 	EXP 	Created text_3 = TextStim(__class__=<class 'psychopy.visual.text.TextStim'>, alignHoriz=method-wrapper(...), alignText='center', alignVert=method-wrapper(...), anchorHoriz='center', anchorVert='center', antialias=True, autoDraw=False, autoLog=True, bold=False, color=array([ 1., -1., -1.]), colorSpace='rgb', contrast=1.0, depth=0.0, draggable=False, flipHoriz=False, flipVert=False, font='Arial', fontFiles=[], height=0.25, italic=False, languageStyle='LTR', name='text_3', opacity=1, ori=0, pos=array([0., 0.]), rgb=UNKNOWN, text='?', units='norm', win=Window(...), wrapWidth=1)
5.8728 	EXP 	Created text_5 = TextStim(__class__=<class 'psychopy.visual.text.TextStim'>, alignHoriz=method-wrapper(...), alignText='center', alignVert=method-wrapper(...), anchorHoriz='center', anchorVert='center', antialias=True, autoDraw=False, autoLog=True, bold=False, color=array([1., 1., 1.]), colorSpace='rgb', contrast=1.0, depth=0.0, draggable=False, flipHoriz=False, flipVert=False, font='Arial', fontFiles=[], height=0.15, italic=False, languageStyle='LTR', name='text_5', opacity=1, ori=0, pos=array([0., 0.]), rgb=UNKNOWN, text=str(...), units='norm', win=Window(...), wrapWidth=1)
5.8735 	EXP 	Created text = TextStim(__class__=<class 'psychopy.visual.text.TextStim'>, alignHoriz=method-wrapper(...), alignText='center', alignVert=method-wrapper(...), anchorHoriz='center', anchorVert='center', antialias=True, autoDraw=False, autoLog=True, bold=False, color=array([1., 1., 1.]), colorSpace='rgb', contrast=1.0, depth=0.0, draggable=False, flipHoriz=False, flipVert=False, font='Arial', fontFiles=[], height=0.1, italic=False, languageStyle='LTR', name='text', opacity=1, ori=0, pos=array([0., 0.]), rgb=UNKNOWN, text='', units='norm', win=Window(...), wrapWidth=1)
5.8742 	EXP 	Created text_2 = TextStim(__class__=<class 'psychopy.visual.text.TextStim'>, alignHoriz=method-wrapper(...), alignText='center', alignVert=method-wrapper(...), anchorHoriz='center', anchorVert='center', antialias=True, autoDraw=False, autoLog=True, bold=False, color=array([-1., -1.,  1.]), colorSpace='rgb', contrast=1.0, depth=0.0, draggable=False, flipHoriz=False, flipVert=False, font='Arial', fontFiles=[], height=0.3, italic=False, languageStyle='LTR', name='text_2', opacity=1, ori=0, pos=array([0., 0.]), rgb=UNKNOWN, text='', units='norm', win=Window(...), wrapWidth=1)
5.8758 	EXP 	Created text_3 = TextStim(__class__=<class 'psychopy.visual.text.TextStim'>, alignHoriz=method-wrapper(...), alignText='center', alignVert=method-wrapper(...), anchorHoriz='center', anchorVert='center', antialias=True, autoDraw=False, autoLog=True, bold=False, color=array([ 1., -1., -1.]), colorSpace='rgb', contrast=1.0, depth=0.0, draggable=False, flipHoriz=False, flipVert=False, font='Arial', fontFiles=[], height=0.25, italic=False, languageStyle='LTR', name='text_3', opacity=1, ori=0, pos=array([0., 0.]), rgb=UNKNOWN, text='?', units='norm', win=Window(...), wrapWidth=1)
5.8805 	EXP 	Created text_5 = TextStim(__class__=<class 'psychopy.visual.text.TextStim'>, alignHoriz=method-wrapper(...), alignText='center', alignVert=method-wrapper(...), anchorHoriz='center', anchorVert='center', antialias=True, autoDraw=False, autoLog=True, bold=False, color=array([1., 1., 1.]), colorSpace='rgb', contrast=1.0, depth=0.0, draggable=False, flipHoriz=False, flipVert=False, font='Arial', fontFiles=[], height=0.15, italic=False, languageStyle='LTR', name='text_5', opacity=1, ori=0, pos=array([0., 0.]), rgb=UNKNOWN, text=str(...), units='norm', win=Window(...), wrapWidth=1)
5.8812 	EXP 	Created text = TextStim(__class__=<class 'psychopy.visual.text.TextStim'>, alignHoriz=method-wrapper(...), alignText='center', alignVert=method-wrapper(...), anchorHoriz='center', anchorVert='center', antialias=True, autoDraw=False, autoLog=True, bold=False, color=array([1., 1., 1.]), colorSpace='rgb', contrast=1.0, depth=0.0, draggable=False, flipHoriz=False, flipVert=False, font='Arial', fontFiles=[], height=0.1, italic=False, languageStyle='LTR', name='text', opacity=1, ori=0, pos=array([0., 0.]), rgb=UNKNOWN, text='', units='norm', win=Window(...), wrapWidth=1)
5.8819 	EXP 	Created text_2 = TextStim(__class__=<class 'psychopy.visual.text.TextStim'>, alignHoriz=method-wrapper(...), alignText='center', alignVert=method-wrapper(...), anchorHoriz='center', anchorVert='center', antialias=True, autoDraw=False, autoLog=True, bold=False, color=array([-1., -1.,  1.]), colorSpace='rgb', contrast=1.0, depth=0.0, draggable=False, flipHoriz=False, flipVert=False, font='Arial', fontFiles=[], height=0.3, italic=False, languageStyle='LTR', name='text_2', opacity=1, ori=0, pos=array([0., 0.]), rgb=UNKNOWN, text='', units='norm', win=Window(...), wrapWidth=1)
5.8835 	EXP 	Created text_3 = TextStim(__class__=<class 'psychopy.visual.text.TextStim'>, alignHoriz=method-wrapper(...), alignText='center', alignVert=method-wrapper(...), anchorHoriz='center', anchorVert='center', antialias=True, autoDraw=False, autoLog=True, bold=False, color=array([ 1., -1., -1.]), colorSpace='rgb', contrast=1.0, depth=0.0, draggable=False, flipHoriz=False, flipVert=False, font='Arial', fontFiles=[], height=0.25, italic=False, languageStyle='LTR', name='text_3', opacity=1, ori=0, pos=array([0., 0.]), rgb=UNKNOWN, text='?', units='norm', win=Window(...), wrapWidth=1)
5.8881 	EXP 	Created text_5 = TextStim(__class__=<class 'psychopy.visual.text.TextStim'>, alignHoriz=method-wrapper(...), alignText='center', alignVert=method-wrapper(...), anchorHoriz='center', anchorVert='center', antialias=True, autoDraw=False, autoLog=True, bold=False, color=array([1., 1., 1.]), colorSpace='rgb', contrast=1.0, depth=0.0, draggable=False, flipHoriz=False, flipVert=False, font='Arial', fontFiles=[], height=0.15, italic=False, languageStyle='LTR', name='text_5', opacity=1, ori=0, pos=array([0., 0.]), rgb=UNKNOWN, text=str(...), units='norm', win=Window(...), wrapWidth=1)
5.8888 	EXP 	Created text = TextStim(__class__=<class 'psychopy.visual.text.TextStim'>, alignHoriz=method-wrapper(...), alignText='center', alignVert=method-wrapper(...), anchorHoriz='center', anchorVert='center', antialias=True, autoDraw=False, autoLog=True, bold=False, color=array([1., 1., 1.]), colorSpace='rgb', contrast=1.0, depth=0.0, draggable=False, flipHoriz=False, flipVert=False, font='Arial', fontFiles=[], height=0.1, italic=False, languageStyle='LTR', name='text', opacity=1, ori=0, pos=array([0., 0.]), rgb=UNKNOWN, text='', units='norm', win=Window(...), wrapWidth=1)
5.8895 	EXP 	Created text_2 = TextStim(__class__=<class 'psychopy.visual.text.TextStim'>, alignHoriz=method-wrapper(...), alignText='center', alignVert=method-wrapper(...), anchorHoriz='center', anchorVert='center', antialias=True, autoDraw=False, autoLog=True, bold=False, color=array([-1., -1.,  1.]), colorSpace='rgb', contrast=1.0, depth=0.0, draggable=False, flipHoriz=False, flipVert=False, font='Arial', fontFiles=[], height=0.3, italic=False, languageStyle='LTR', name='text_2', opacity=1, ori=0, pos=array([0., 0.]), rgb=UNKNOWN, text='', units='norm', win=Window(...), wrapWidth=1)
5.8911 	EXP 	Created text_3 = TextStim(__class__=<class 'psychopy.visual.text.TextStim'>, alignHoriz=method-wrapper(...), alignText='center', alignVert=method-wrapper(...), anchorHoriz='center', anchorVert='center', antialias=True, autoDraw=False, autoLog=True, bold=False, color=array([ 1., -1., -1.]), colorSpace='rgb', contrast=1.0, depth=0.0, draggable=False, flipHoriz=False, flipVert=False, font='Arial', fontFiles=[], height=0.25, italic=False, languageStyle='LTR', name='text_3', opacity=1, ori=0, pos=array([0., 0.]), rgb=UNKNOWN, text='?', units='norm', win=Window(...), wrapWidth=1)
0.0292 	EXP 	New trial (rep=0, index=0): <Trial 0 (0 in rep 0) data={'thisN': 0, 'thisTrialN': 0, 'thisRepN': 0}>
2.3346 	EXP 	Sound  reached end of file
2.3347 	EXP 	Sound  started
2.3532 	EXP 	nback_inst: autoDraw = True
2.8280 	INFO 	Keyboard events cleared
3.1623 	DEBUG 	Read excel file with openpyxl: resources/letters1.xlsx
3.1633 	EXP 	Imported resources/letters1.xlsx as conditions, 29 conditions, 2 params
3.1637 	EXP 	New trial (rep=0, index=0): <Trial 0 (0 in rep 0) data={'letter': 'M', 'correct': None, 'thisN': 0, 'thisTrialN': 0, 'thisRepN': 0}>
3.1706 	DATA 	Keypress: space
3.1729 	EXP 	nback_inst: autoDraw = False
3.1729 	EXP 	nback_stim: height = 0.3
3.1729 	EXP 	nback_stim: height = 0.3
3.1729 	EXP 	nback_stim: height = 0.3
3.1729 	EXP 	nback_stim: text = 'M'
4.6474 	INFO 	Keyboard events cleared
4.6473 	EXP 	nback_stim: autoDraw = True
5.6429 	EXP 	New trial (rep=0, index=1): <Trial 1 (1 in rep 0) data={'letter': 'O', 'correct': None, 'thisN': 1, 'thisTrialN': 1, 'thisRepN': 0}>
5.6466 	EXP 	nback_stim: autoDraw = False
5.6466 	EXP 	nback_stim: autoDraw = False
5.6466 	EXP 	nback_stim: height = 0.3
5.6466 	EXP 	nback_stim: height = 0.3
5.6466 	EXP 	nback_stim: height = 0.3
5.6466 	EXP 	nback_stim: text = 'O'
6.4162 	DATA 	Keypress: 2
6.4779 	DATA 	Keypress: 3
6.5488 	DATA 	Keypress: 1
6.6947 	DATA 	Keypress: 3
6.7944 	DATA 	Keypress: 1
6.8282 	DATA 	Keypress: 2
6.9120 	DATA 	Keypress: 3
7.0119 	DATA 	Keypress: 1
7.0647 	DATA 	Keypress: 2
7.1275 	DATA 	Keypress: 3
7.1448 	INFO 	Keyboard events cleared
7.1447 	EXP 	nback_stim: autoDraw = True
7.2290 	DATA 	Keypress: 1
7.2950 	DATA 	Keypress: 2
7.3614 	DATA 	Keypress: 3
7.4778 	DATA 	Keypress: 1
7.5012 	DATA 	Keypress: 2
7.5956 	DATA 	Keypress: 3
7.6995 	DATA 	Keypress: 1
7.7118 	DATA 	Keypress: 2
7.8001 	DATA 	Keypress: 3
8.1303 	EXP 	New trial (rep=0, index=2): <Trial 2 (2 in rep 0) data={'letter': 'X', 'correct': None, 'thisN': 2, 'thisTrialN': 2, 'thisRepN': 0}>
8.1409 	EXP 	nback_stim: autoDraw = False
8.1409 	EXP 	nback_stim: autoDraw = False
8.1409 	EXP 	nback_stim: height = 0.3
8.1409 	EXP 	nback_stim: height = 0.3
8.1409 	EXP 	nback_stim: height = 0.3
8.1409 	EXP 	nback_stim: text = 'X'
9.6454 	INFO 	Keyboard events cleared
9.6454 	EXP 	nback_stim: autoDraw = True
10.0062 	DATA 	Keypress: down
10.1281 	DATA 	Keypress: right
10.1287 	DATA 	Keypress: left
10.2695 	DATA 	Keypress: left
10.3116 	DATA 	Keypress: right
10.4613 	DATA 	Keypress: left
10.4778 	DATA 	Keypress: right
10.6297 	EXP 	New trial (rep=0, index=3): <Trial 3 (3 in rep 0) data={'letter': 'P', 'correct': None, 'thisN': 3, 'thisTrialN': 3, 'thisRepN': 0}>
10.6410 	EXP 	nback_stim: autoDraw = False
10.6410 	EXP 	nback_stim: autoDraw = False
10.6410 	EXP 	nback_stim: height = 0.3
10.6410 	EXP 	nback_stim: height = 0.3
10.6410 	EXP 	nback_stim: height = 0.3
10.6410 	EXP 	nback_stim: text = 'P'
10.6777 	DATA 	Keypress: left
10.8775 	DATA 	Keypress: left
11.0278 	DATA 	Keypress: right
11.0827 	DATA 	Keypress: left
11.1689 	DATA 	Keypress: left
11.2607 	DATA 	Keypress: right
11.3809 	DATA 	Keypress: left
11.5302 	DATA 	Keypress: right
11.6111 	DATA 	Keypress: left
11.7324 	DATA 	Keypress: left
11.9652 	DATA 	Keypress: left
12.1477 	INFO 	Keyboard events cleared
12.1477 	EXP 	nback_stim: autoDraw = True
12.1815 	DATA 	Keypress: right
12.3813 	DATA 	Keypress: left
12.4112 	DATA 	Keypress: right
12.5815 	DATA 	Keypress: left
12.5945 	DATA 	Keypress: right
12.7946 	DATA 	Keypress: left
13.0315 	DATA 	Keypress: left
13.1434 	EXP 	New trial (rep=0, index=4): <Trial 4 (4 in rep 0) data={'letter': 'X', 'correct': None, 'thisN': 4, 'thisTrialN': 4, 'thisRepN': 0}>
13.1469 	EXP 	nback_stim: autoDraw = False
13.1469 	EXP 	nback_stim: autoDraw = False
13.1469 	EXP 	nback_stim: height = 0.3
13.1469 	EXP 	nback_stim: height = 0.3
13.1469 	EXP 	nback_stim: height = 0.3
13.1469 	EXP 	nback_stim: text = 'X'
13.3107 	DATA 	Keypress: right
13.4778 	DATA 	Keypress: left
13.7631 	DATA 	Keypress: left
13.9779 	DATA 	Keypress: left
14.3945 	DATA 	Keypress: left
14.6165 	DATA 	Keypress: left
14.6482 	INFO 	Keyboard events cleared
14.6482 	EXP 	nback_stim: autoDraw = True
14.8147 	DATA 	Keypress: left
14.9632 	DATA 	Keypress: left
15.1637 	DATA 	Keypress: left
15.6434 	EXP 	New trial (rep=0, index=5): <Trial 5 (5 in rep 0) data={'letter': 'L', 'correct': None, 'thisN': 5, 'thisTrialN': 5, 'thisRepN': 0}>
15.6470 	DATA 	Keypress: left
15.6485 	EXP 	nback_stim: autoDraw = False
15.6485 	EXP 	nback_stim: autoDraw = False
15.6485 	EXP 	nback_stim: height = 0.3
15.6485 	EXP 	nback_stim: height = 0.3
15.6485 	EXP 	nback_stim: height = 0.3
15.6485 	EXP 	nback_stim: text = 'L'
15.8310 	DATA 	Keypress: left
16.0144 	DATA 	Keypress: left
16.1639 	DATA 	Keypress: left
16.3315 	DATA 	Keypress: left
16.4945 	DATA 	Keypress: left
16.6781 	DATA 	Keypress: left
16.8646 	DATA 	Keypress: left
17.0645 	DATA 	Keypress: left
17.1493 	INFO 	Keyboard events cleared
17.1492 	EXP 	nback_stim: autoDraw = True
17.2447 	DATA 	Keypress: left
17.4113 	DATA 	Keypress: left
17.5868 	DATA 	Keypress: left
17.7775 	DATA 	Keypress: left
17.9312 	DATA 	Keypress: left
18.1475 	EXP 	New trial (rep=0, index=6): <Trial 6 (6 in rep 0) data={'letter': 'P', 'correct': 'space', 'thisN': 6, 'thisTrialN': 6, 'thisRepN': 0}>
18.1507 	EXP 	nback_stim: autoDraw = False
18.1507 	EXP 	nback_stim: autoDraw = False
18.1507 	EXP 	nback_stim: height = 0.3
18.1507 	EXP 	nback_stim: height = 0.3
18.1507 	EXP 	nback_stim: height = 0.3
18.1507 	EXP 	nback_stim: text = 'P'
18.7814 	DATA 	Keypress: escape
18.8800 	EXP 	OperationSpanTask: status = STOPPED
18.8929 	EXP 	OperationSpanTask: status = STOPPED
18.8963 	INFO 	saved data to '/Users/liuhaojie/Desktop/ospan_副本/ospan_with_sound/data/123_OperationSpanTask_2025-05-13_15h28.55.557.csv'
18.8968 	INFO 	saved data to /Users/liuhaojie/Desktop/ospan_副本/ospan_with_sound/data/123_OperationSpanTask_2025-05-13_15h28.55.557.psydat
19.0449 	DEBUG 	Saving data for OperationSpanTask ExperimentHandler
19.0494 	WARNING 	Stopping key buffers but this could be dangerous ifother keyboards rely on the same.
19.0494 	WARNING 	Stopping key buffers but this could be dangerous ifother keyboards rely on the same.
19.0494 	WARNING 	Stopping key buffers but this could be dangerous ifother keyboards rely on the same.
19.0494 	WARNING 	Stopping key buffers but this could be dangerous ifother keyboards rely on the same.
19.0495 	WARNING 	Stopping key buffers but this could be dangerous ifother keyboards rely on the same.
19.0495 	WARNING 	Stopping key buffers but this could be dangerous ifother keyboards rely on the same.
19.0495 	WARNING 	Stopping key buffers but this could be dangerous ifother keyboards rely on the same.
