3.9109 	DEBUG 	Fullscreen settings ignored as running in pilot mode.
3.9117 	INFO 	Loaded monitor calibration from ['2025_04_02 00:13']
4.1394 	EXP 	Created window1 = Window(allowGUI=False, allowStencil=True, autoLog=True, backendConf=UNKNOWN, backgroundFit=<method-wrapper '__getattribute__' of attributeSetter object at 0x7fb3d280d9d0>, backgroundImage=<method-wrapper '__getattribute__' of attributeSetter object at 0x7fb3d280d8b0>, bitsMode=UNKNOWN, blendMode='avg', bpc=(8, 8, 8), color=array([0, 0, 0]), colorSpace='rgb', depthBits=8, fullscr=False, gamma=None, gammaErrorPolicy='raise', infoMsg=UNKNOWN, lms=UNKNOWN, monitor=<psychopy.monitors.calibTools.Monitor object at 0x7fb3d2839430>, multiSample=False, name='window1', numSamples=2, pos=[464.0, 258.5], screen=0, size=array([1600, 1200]), stencilBits=8, stereo=False, title='PsychoPy', units='norm', useFBO=True, useRetina=True, viewOri=0.0, viewPos=None, viewScale=None, waitBlanking=True, winType='pyglet')
4.1395 	EXP 	window1: backgroundImage = ''
4.1395 	EXP 	window1: backgroundFit = 'none'
4.1513 	DEBUG 	TextBox2 loaded 1 chars with 0 blanks and 1 valid
4.1517 	DEBUG 	TextBox2 loaded 1 chars with 0 blanks and 1 valid
4.1525 	DEBUG 	TextBox2 loaded 1 chars with 0 blanks and 1 valid
4.1534 	DEBUG 	TextBox2 loaded 1 chars with 0 blanks and 1 valid
4.1542 	DEBUG 	TextBox2 loaded 1 chars with 0 blanks and 1 valid
4.1551 	DEBUG 	TextBox2 loaded 1 chars with 0 blanks and 1 valid
4.1561 	DEBUG 	TextBox2 loaded 1 chars with 0 blanks and 1 valid
4.1565 	DEBUG 	TextBox2 loaded 1 chars with 0 blanks and 1 valid
4.1566 	DEBUG 	TextBox2 loaded 1 chars with 0 blanks and 1 valid
4.1569 	DEBUG 	TextBox2 loaded 1 chars with 0 blanks and 1 valid
4.1577 	DEBUG 	TextBox2 loaded 1 chars with 0 blanks and 1 valid
4.1585 	DEBUG 	TextBox2 loaded 1 chars with 0 blanks and 1 valid
4.1588 	DEBUG 	TextBox2 loaded 1 chars with 0 blanks and 1 valid
4.1594 	DEBUG 	TextBox2 loaded 1 chars with 0 blanks and 1 valid
4.1600 	DEBUG 	TextBox2 loaded 1 chars with 0 blanks and 1 valid
4.1607 	DEBUG 	TextBox2 loaded 1 chars with 0 blanks and 1 valid
4.1614 	DEBUG 	TextBox2 loaded 1 chars with 0 blanks and 1 valid
4.1619 	DEBUG 	TextBox2 loaded 1 chars with 0 blanks and 1 valid
4.1625 	DEBUG 	TextBox2 loaded 1 chars with 0 blanks and 1 valid
4.1631 	DEBUG 	TextBox2 loaded 1 chars with 0 blanks and 1 valid
4.1640 	DEBUG 	TextBox2 loaded 1 chars with 0 blanks and 1 valid
4.1648 	DEBUG 	TextBox2 loaded 1 chars with 0 blanks and 1 valid
4.1654 	DEBUG 	TextBox2 loaded 1 chars with 0 blanks and 1 valid
4.1662 	DEBUG 	TextBox2 loaded 1 chars with 0 blanks and 1 valid
4.1668 	DEBUG 	TextBox2 loaded 1 chars with 0 blanks and 1 valid
4.1674 	DEBUG 	TextBox2 loaded 1 chars with 0 blanks and 1 valid
4.1683 	DEBUG 	TextBox2 loaded 1 chars with 0 blanks and 1 valid
4.1686 	DEBUG 	TextBox2 loaded 1 chars with 0 blanks and 1 valid
4.1688 	DEBUG 	Uploading Texture Font fontname to graphics card
4.1730 	DEBUG 	Upload of Texture Font fontname complete
4.1802 	DEBUG 	TextBox2 loaded 1 chars with 0 blanks and 1 valid
4.1810 	DEBUG 	TextBox2 loaded 1 chars with 0 blanks and 1 valid
4.1812 	DEBUG 	Uploading Texture Font fontname to graphics card
4.1835 	DEBUG 	Upload of Texture Font fontname complete
4.6436 	INFO 	keyboard.Keyboard is using ptb backend.
4.7677 	INFO 	keyboard.Keyboard is using ptb backend.
4.8522 	INFO 	keyboard.Keyboard is using ptb backend.
4.9357 	INFO 	keyboard.Keyboard is using ptb backend.
5.0203 	INFO 	keyboard.Keyboard is using ptb backend.
5.1037 	INFO 	keyboard.Keyboard is using ptb backend.
5.1867 	INFO 	keyboard.Keyboard is using ptb backend.
5.2699 	INFO 	keyboard.Keyboard is using ptb backend.
5.2699 	EXP 	OperationSpanTask: status = STARTED
5.3185 	EXP 	Created sound_question_text = TextStim(__class__=<class 'psychopy.visual.text.TextStim'>, alignHoriz=method-wrapper(...), alignText='center', alignVert=method-wrapper(...), anchorHoriz='center', anchorVert='center', antialias=True, autoDraw=False, autoLog=True, bold=False, color=array([1., 1., 1.]), colorSpace='rgb', contrast=1.0, depth=0.0, draggable=False, flipHoriz=False, flipVert=False, font='Arial', fontFiles=[], height=0.05, italic=False, languageStyle='LTR', name='sound_question_text', opacity=1, ori=0.0, pos=array([0.  , 0.25]), rgb=UNKNOWN, text=str(...), units='norm', win=Window(...), wrapWidth=1)
5.3471 	EXP 	Created nback_inst = TextStim(__class__=<class 'psychopy.visual.text.TextStim'>, alignHoriz=method-wrapper(...), alignText='center', alignVert=method-wrapper(...), anchorHoriz='center', anchorVert='center', antialias=True, autoDraw=False, autoLog=True, bold=False, color=array([1., 1., 1.]), colorSpace='rgb', contrast=1.0, depth=0.0, draggable=False, flipHoriz=False, flipVert=False, font='Arial', fontFiles=[], height=0.05, italic=False, languageStyle='LTR', name='nback_inst', opacity=1, ori=0.0, pos=array([0., 0.]), rgb=UNKNOWN, text=str(...), units='norm', win=Window(...), wrapWidth=1)
5.3481 	EXP 	Created nback_stim = TextStim(__class__=<class 'psychopy.visual.text.TextStim'>, alignHoriz=method-wrapper(...), alignText='center', alignVert=method-wrapper(...), anchorHoriz='center', anchorVert='center', antialias=True, autoDraw=False, autoLog=True, bold=False, color=array([-1., -1.,  1.]), colorSpace='rgb', contrast=1.0, depth=0.0, draggable=False, flipHoriz=False, flipVert=False, font='Arial', fontFiles=[], height=0.3, italic=False, languageStyle='LTR', name='nback_stim', opacity=1.0, ori=0.0, pos=array([0., 0.]), rgb=UNKNOWN, text='', units='norm', win=Window(...), wrapWidth=1)
5.3806 	EXP 	Created inst_text = TextStim(__class__=<class 'psychopy.visual.text.TextStim'>, alignHoriz=method-wrapper(...), alignText='center', alignVert=method-wrapper(...), anchorHoriz='center', anchorVert='center', antialias=True, autoDraw=False, autoLog=True, bold=False, color=array([1., 1., 1.]), colorSpace='rgb', contrast=1.0, depth=0.0, draggable=False, flipHoriz=False, flipVert=False, font='Open Sans', fontFiles=[], height=0.05, italic=False, languageStyle='LTR', name='inst_text', opacity=1, ori=0, pos=array([0., 0.]), rgb=UNKNOWN, text=str(...), units='norm', win=Window(...), wrapWidth=1)
5.3885 	EXP 	Created text_6 = TextStim(__class__=<class 'psychopy.visual.text.TextStim'>, alignHoriz=method-wrapper(...), alignText='center', alignVert=method-wrapper(...), anchorHoriz='center', anchorVert='center', antialias=True, autoDraw=False, autoLog=True, bold=False, color=array([1., 1., 1.]), colorSpace='rgb', contrast=1.0, depth=0.0, draggable=False, flipHoriz=False, flipVert=False, font='Arial', fontFiles=[], height=0.15, italic=False, languageStyle='LTR', name='text_6', opacity=1, ori=0, pos=array([0., 0.]), rgb=UNKNOWN, text='This is a practice trial.', units='norm', win=Window(...), wrapWidth=1)
5.3894 	EXP 	Created text = TextStim(__class__=<class 'psychopy.visual.text.TextStim'>, alignHoriz=method-wrapper(...), alignText='center', alignVert=method-wrapper(...), anchorHoriz='center', anchorVert='center', antialias=True, autoDraw=False, autoLog=True, bold=False, color=array([1., 1., 1.]), colorSpace='rgb', contrast=1.0, depth=0.0, draggable=False, flipHoriz=False, flipVert=False, font='Arial', fontFiles=[], height=0.1, italic=False, languageStyle='LTR', name='text', opacity=1, ori=0, pos=array([0., 0.]), rgb=UNKNOWN, text='', units='norm', win=Window(...), wrapWidth=1)
5.3901 	EXP 	Created text_2 = TextStim(__class__=<class 'psychopy.visual.text.TextStim'>, alignHoriz=method-wrapper(...), alignText='center', alignVert=method-wrapper(...), anchorHoriz='center', anchorVert='center', antialias=True, autoDraw=False, autoLog=True, bold=False, color=array([-1., -1.,  1.]), colorSpace='rgb', contrast=1.0, depth=0.0, draggable=False, flipHoriz=False, flipVert=False, font='Arial', fontFiles=[], height=0.3, italic=False, languageStyle='LTR', name='text_2', opacity=1, ori=0, pos=array([0., 0.]), rgb=UNKNOWN, text='', units='norm', win=Window(...), wrapWidth=1)
5.3928 	EXP 	Created text_3 = TextStim(__class__=<class 'psychopy.visual.text.TextStim'>, alignHoriz=method-wrapper(...), alignText='center', alignVert=method-wrapper(...), anchorHoriz='center', anchorVert='center', antialias=True, autoDraw=False, autoLog=True, bold=False, color=array([ 1., -1., -1.]), colorSpace='rgb', contrast=1.0, depth=0.0, draggable=False, flipHoriz=False, flipVert=False, font='Arial', fontFiles=[], height=0.25, italic=False, languageStyle='LTR', name='text_3', opacity=1, ori=0, pos=array([0., 0.]), rgb=UNKNOWN, text='?', units='norm', win=Window(...), wrapWidth=1)
5.4069 	EXP 	Created text_5 = TextStim(__class__=<class 'psychopy.visual.text.TextStim'>, alignHoriz=method-wrapper(...), alignText='center', alignVert=method-wrapper(...), anchorHoriz='center', anchorVert='center', antialias=True, autoDraw=False, autoLog=True, bold=False, color=array([1., 1., 1.]), colorSpace='rgb', contrast=1.0, depth=0.0, draggable=False, flipHoriz=False, flipVert=False, font='Arial', fontFiles=[], height=0.15, italic=False, languageStyle='LTR', name='text_5', opacity=1, ori=0, pos=array([0., 0.]), rgb=UNKNOWN, text=str(...), units='norm', win=Window(...), wrapWidth=1)
5.4076 	EXP 	Created text = TextStim(__class__=<class 'psychopy.visual.text.TextStim'>, alignHoriz=method-wrapper(...), alignText='center', alignVert=method-wrapper(...), anchorHoriz='center', anchorVert='center', antialias=True, autoDraw=False, autoLog=True, bold=False, color=array([1., 1., 1.]), colorSpace='rgb', contrast=1.0, depth=0.0, draggable=False, flipHoriz=False, flipVert=False, font='Arial', fontFiles=[], height=0.1, italic=False, languageStyle='LTR', name='text', opacity=1, ori=0, pos=array([0., 0.]), rgb=UNKNOWN, text='', units='norm', win=Window(...), wrapWidth=1)
5.4083 	EXP 	Created text_2 = TextStim(__class__=<class 'psychopy.visual.text.TextStim'>, alignHoriz=method-wrapper(...), alignText='center', alignVert=method-wrapper(...), anchorHoriz='center', anchorVert='center', antialias=True, autoDraw=False, autoLog=True, bold=False, color=array([-1., -1.,  1.]), colorSpace='rgb', contrast=1.0, depth=0.0, draggable=False, flipHoriz=False, flipVert=False, font='Arial', fontFiles=[], height=0.3, italic=False, languageStyle='LTR', name='text_2', opacity=1, ori=0, pos=array([0., 0.]), rgb=UNKNOWN, text='', units='norm', win=Window(...), wrapWidth=1)
5.4103 	EXP 	Created text_3 = TextStim(__class__=<class 'psychopy.visual.text.TextStim'>, alignHoriz=method-wrapper(...), alignText='center', alignVert=method-wrapper(...), anchorHoriz='center', anchorVert='center', antialias=True, autoDraw=False, autoLog=True, bold=False, color=array([ 1., -1., -1.]), colorSpace='rgb', contrast=1.0, depth=0.0, draggable=False, flipHoriz=False, flipVert=False, font='Arial', fontFiles=[], height=0.25, italic=False, languageStyle='LTR', name='text_3', opacity=1, ori=0, pos=array([0., 0.]), rgb=UNKNOWN, text='?', units='norm', win=Window(...), wrapWidth=1)
5.4151 	EXP 	Created text_5 = TextStim(__class__=<class 'psychopy.visual.text.TextStim'>, alignHoriz=method-wrapper(...), alignText='center', alignVert=method-wrapper(...), anchorHoriz='center', anchorVert='center', antialias=True, autoDraw=False, autoLog=True, bold=False, color=array([1., 1., 1.]), colorSpace='rgb', contrast=1.0, depth=0.0, draggable=False, flipHoriz=False, flipVert=False, font='Arial', fontFiles=[], height=0.15, italic=False, languageStyle='LTR', name='text_5', opacity=1, ori=0, pos=array([0., 0.]), rgb=UNKNOWN, text=str(...), units='norm', win=Window(...), wrapWidth=1)
5.4158 	EXP 	Created text = TextStim(__class__=<class 'psychopy.visual.text.TextStim'>, alignHoriz=method-wrapper(...), alignText='center', alignVert=method-wrapper(...), anchorHoriz='center', anchorVert='center', antialias=True, autoDraw=False, autoLog=True, bold=False, color=array([1., 1., 1.]), colorSpace='rgb', contrast=1.0, depth=0.0, draggable=False, flipHoriz=False, flipVert=False, font='Arial', fontFiles=[], height=0.1, italic=False, languageStyle='LTR', name='text', opacity=1, ori=0, pos=array([0., 0.]), rgb=UNKNOWN, text='', units='norm', win=Window(...), wrapWidth=1)
5.4165 	EXP 	Created text_2 = TextStim(__class__=<class 'psychopy.visual.text.TextStim'>, alignHoriz=method-wrapper(...), alignText='center', alignVert=method-wrapper(...), anchorHoriz='center', anchorVert='center', antialias=True, autoDraw=False, autoLog=True, bold=False, color=array([-1., -1.,  1.]), colorSpace='rgb', contrast=1.0, depth=0.0, draggable=False, flipHoriz=False, flipVert=False, font='Arial', fontFiles=[], height=0.3, italic=False, languageStyle='LTR', name='text_2', opacity=1, ori=0, pos=array([0., 0.]), rgb=UNKNOWN, text='', units='norm', win=Window(...), wrapWidth=1)
5.4181 	EXP 	Created text_3 = TextStim(__class__=<class 'psychopy.visual.text.TextStim'>, alignHoriz=method-wrapper(...), alignText='center', alignVert=method-wrapper(...), anchorHoriz='center', anchorVert='center', antialias=True, autoDraw=False, autoLog=True, bold=False, color=array([ 1., -1., -1.]), colorSpace='rgb', contrast=1.0, depth=0.0, draggable=False, flipHoriz=False, flipVert=False, font='Arial', fontFiles=[], height=0.25, italic=False, languageStyle='LTR', name='text_3', opacity=1, ori=0, pos=array([0., 0.]), rgb=UNKNOWN, text='?', units='norm', win=Window(...), wrapWidth=1)
5.4228 	EXP 	Created text_5 = TextStim(__class__=<class 'psychopy.visual.text.TextStim'>, alignHoriz=method-wrapper(...), alignText='center', alignVert=method-wrapper(...), anchorHoriz='center', anchorVert='center', antialias=True, autoDraw=False, autoLog=True, bold=False, color=array([1., 1., 1.]), colorSpace='rgb', contrast=1.0, depth=0.0, draggable=False, flipHoriz=False, flipVert=False, font='Arial', fontFiles=[], height=0.15, italic=False, languageStyle='LTR', name='text_5', opacity=1, ori=0, pos=array([0., 0.]), rgb=UNKNOWN, text=str(...), units='norm', win=Window(...), wrapWidth=1)
5.4235 	EXP 	Created text = TextStim(__class__=<class 'psychopy.visual.text.TextStim'>, alignHoriz=method-wrapper(...), alignText='center', alignVert=method-wrapper(...), anchorHoriz='center', anchorVert='center', antialias=True, autoDraw=False, autoLog=True, bold=False, color=array([1., 1., 1.]), colorSpace='rgb', contrast=1.0, depth=0.0, draggable=False, flipHoriz=False, flipVert=False, font='Arial', fontFiles=[], height=0.1, italic=False, languageStyle='LTR', name='text', opacity=1, ori=0, pos=array([0., 0.]), rgb=UNKNOWN, text='', units='norm', win=Window(...), wrapWidth=1)
5.4242 	EXP 	Created text_2 = TextStim(__class__=<class 'psychopy.visual.text.TextStim'>, alignHoriz=method-wrapper(...), alignText='center', alignVert=method-wrapper(...), anchorHoriz='center', anchorVert='center', antialias=True, autoDraw=False, autoLog=True, bold=False, color=array([-1., -1.,  1.]), colorSpace='rgb', contrast=1.0, depth=0.0, draggable=False, flipHoriz=False, flipVert=False, font='Arial', fontFiles=[], height=0.3, italic=False, languageStyle='LTR', name='text_2', opacity=1, ori=0, pos=array([0., 0.]), rgb=UNKNOWN, text='', units='norm', win=Window(...), wrapWidth=1)
5.4259 	EXP 	Created text_3 = TextStim(__class__=<class 'psychopy.visual.text.TextStim'>, alignHoriz=method-wrapper(...), alignText='center', alignVert=method-wrapper(...), anchorHoriz='center', anchorVert='center', antialias=True, autoDraw=False, autoLog=True, bold=False, color=array([ 1., -1., -1.]), colorSpace='rgb', contrast=1.0, depth=0.0, draggable=False, flipHoriz=False, flipVert=False, font='Arial', fontFiles=[], height=0.25, italic=False, languageStyle='LTR', name='text_3', opacity=1, ori=0, pos=array([0., 0.]), rgb=UNKNOWN, text='?', units='norm', win=Window(...), wrapWidth=1)
5.4306 	EXP 	Created text_5 = TextStim(__class__=<class 'psychopy.visual.text.TextStim'>, alignHoriz=method-wrapper(...), alignText='center', alignVert=method-wrapper(...), anchorHoriz='center', anchorVert='center', antialias=True, autoDraw=False, autoLog=True, bold=False, color=array([1., 1., 1.]), colorSpace='rgb', contrast=1.0, depth=0.0, draggable=False, flipHoriz=False, flipVert=False, font='Arial', fontFiles=[], height=0.15, italic=False, languageStyle='LTR', name='text_5', opacity=1, ori=0, pos=array([0., 0.]), rgb=UNKNOWN, text=str(...), units='norm', win=Window(...), wrapWidth=1)
5.4313 	EXP 	Created text = TextStim(__class__=<class 'psychopy.visual.text.TextStim'>, alignHoriz=method-wrapper(...), alignText='center', alignVert=method-wrapper(...), anchorHoriz='center', anchorVert='center', antialias=True, autoDraw=False, autoLog=True, bold=False, color=array([1., 1., 1.]), colorSpace='rgb', contrast=1.0, depth=0.0, draggable=False, flipHoriz=False, flipVert=False, font='Arial', fontFiles=[], height=0.1, italic=False, languageStyle='LTR', name='text', opacity=1, ori=0, pos=array([0., 0.]), rgb=UNKNOWN, text='', units='norm', win=Window(...), wrapWidth=1)
5.4320 	EXP 	Created text_2 = TextStim(__class__=<class 'psychopy.visual.text.TextStim'>, alignHoriz=method-wrapper(...), alignText='center', alignVert=method-wrapper(...), anchorHoriz='center', anchorVert='center', antialias=True, autoDraw=False, autoLog=True, bold=False, color=array([-1., -1.,  1.]), colorSpace='rgb', contrast=1.0, depth=0.0, draggable=False, flipHoriz=False, flipVert=False, font='Arial', fontFiles=[], height=0.3, italic=False, languageStyle='LTR', name='text_2', opacity=1, ori=0, pos=array([0., 0.]), rgb=UNKNOWN, text='', units='norm', win=Window(...), wrapWidth=1)
5.4336 	EXP 	Created text_3 = TextStim(__class__=<class 'psychopy.visual.text.TextStim'>, alignHoriz=method-wrapper(...), alignText='center', alignVert=method-wrapper(...), anchorHoriz='center', anchorVert='center', antialias=True, autoDraw=False, autoLog=True, bold=False, color=array([ 1., -1., -1.]), colorSpace='rgb', contrast=1.0, depth=0.0, draggable=False, flipHoriz=False, flipVert=False, font='Arial', fontFiles=[], height=0.25, italic=False, languageStyle='LTR', name='text_3', opacity=1, ori=0, pos=array([0., 0.]), rgb=UNKNOWN, text='?', units='norm', win=Window(...), wrapWidth=1)
5.4383 	EXP 	Created text_5 = TextStim(__class__=<class 'psychopy.visual.text.TextStim'>, alignHoriz=method-wrapper(...), alignText='center', alignVert=method-wrapper(...), anchorHoriz='center', anchorVert='center', antialias=True, autoDraw=False, autoLog=True, bold=False, color=array([1., 1., 1.]), colorSpace='rgb', contrast=1.0, depth=0.0, draggable=False, flipHoriz=False, flipVert=False, font='Arial', fontFiles=[], height=0.15, italic=False, languageStyle='LTR', name='text_5', opacity=1, ori=0, pos=array([0., 0.]), rgb=UNKNOWN, text=str(...), units='norm', win=Window(...), wrapWidth=1)
5.4390 	EXP 	Created text = TextStim(__class__=<class 'psychopy.visual.text.TextStim'>, alignHoriz=method-wrapper(...), alignText='center', alignVert=method-wrapper(...), anchorHoriz='center', anchorVert='center', antialias=True, autoDraw=False, autoLog=True, bold=False, color=array([1., 1., 1.]), colorSpace='rgb', contrast=1.0, depth=0.0, draggable=False, flipHoriz=False, flipVert=False, font='Arial', fontFiles=[], height=0.1, italic=False, languageStyle='LTR', name='text', opacity=1, ori=0, pos=array([0., 0.]), rgb=UNKNOWN, text='', units='norm', win=Window(...), wrapWidth=1)
5.4397 	EXP 	Created text_2 = TextStim(__class__=<class 'psychopy.visual.text.TextStim'>, alignHoriz=method-wrapper(...), alignText='center', alignVert=method-wrapper(...), anchorHoriz='center', anchorVert='center', antialias=True, autoDraw=False, autoLog=True, bold=False, color=array([-1., -1.,  1.]), colorSpace='rgb', contrast=1.0, depth=0.0, draggable=False, flipHoriz=False, flipVert=False, font='Arial', fontFiles=[], height=0.3, italic=False, languageStyle='LTR', name='text_2', opacity=1, ori=0, pos=array([0., 0.]), rgb=UNKNOWN, text='', units='norm', win=Window(...), wrapWidth=1)
5.4413 	EXP 	Created text_3 = TextStim(__class__=<class 'psychopy.visual.text.TextStim'>, alignHoriz=method-wrapper(...), alignText='center', alignVert=method-wrapper(...), anchorHoriz='center', anchorVert='center', antialias=True, autoDraw=False, autoLog=True, bold=False, color=array([ 1., -1., -1.]), colorSpace='rgb', contrast=1.0, depth=0.0, draggable=False, flipHoriz=False, flipVert=False, font='Arial', fontFiles=[], height=0.25, italic=False, languageStyle='LTR', name='text_3', opacity=1, ori=0, pos=array([0., 0.]), rgb=UNKNOWN, text='?', units='norm', win=Window(...), wrapWidth=1)
0.0200 	EXP 	sound_question_textbox: autoLog = True
0.0282 	EXP 	New trial (rep=0, index=0): <Trial 0 (0 in rep 0) data={'thisN': 0, 'thisTrialN': 0, 'thisRepN': 0}>
0.0294 	DEBUG 	TextBox2 loaded 1 chars with 0 blanks and 1 valid
0.0299 	DEBUG 	TextBox2 loaded 1 chars with 0 blanks and 1 valid
0.0301 	DEBUG 	Uploading Texture Font fontname to graphics card
0.0336 	DEBUG 	Upload of Texture Font fontname complete
0.0343 	DEBUG 	TextBox2 loaded 1 chars with 0 blanks and 1 valid
0.0349 	DEBUG 	TextBox2 loaded 1 chars with 0 blanks and 1 valid
0.0354 	DEBUG 	TextBox2 loaded 1 chars with 0 blanks and 1 valid
0.0359 	DEBUG 	TextBox2 loaded 1 chars with 0 blanks and 1 valid
0.0363 	DEBUG 	TextBox2 loaded 1 chars with 0 blanks and 1 valid
0.0368 	DEBUG 	TextBox2 loaded 1 chars with 0 blanks and 1 valid
0.0371 	DEBUG 	TextBox2 loaded 1 chars with 0 blanks and 1 valid
0.0373 	DEBUG 	Uploading Texture Font fontname to graphics card
0.0396 	DEBUG 	Upload of Texture Font fontname complete
0.0545 	INFO 	Keyboard events cleared
0.0544 	EXP 	sound_question_textbox: placeholder = 'Type here...'
0.0544 	EXP 	sound_question_text: autoDraw = True
0.0544 	EXP 	sound_question_textbox: autoDraw = True
2.2252 	DEBUG 	TextBox2 loaded 1 chars with 0 blanks and 1 valid
2.2254 	DEBUG 	Uploading Texture Font fontname to graphics card
2.2290 	DEBUG 	Upload of Texture Font fontname complete
2.2297 	DATA 	Keypress: w
2.2652 	DATA 	Keypress: h
2.3870 	DEBUG 	TextBox2 loaded 1 chars with 0 blanks and 1 valid
2.3872 	DEBUG 	Uploading Texture Font fontname to graphics card
2.3905 	DEBUG 	Upload of Texture Font fontname complete
2.3912 	DATA 	Keypress: i
2.5199 	DATA 	Keypress: r
2.5878 	DATA 	Keypress: e
2.8704 	DATA 	Keypress: backspace
3.0021 	DATA 	Keypress: backspace
3.0653 	DEBUG 	TextBox2 loaded 1 chars with 0 blanks and 1 valid
3.0656 	DEBUG 	Uploading Texture Font fontname to graphics card
3.0688 	DEBUG 	Upload of Texture Font fontname complete
3.0696 	DATA 	Keypress: t
3.1318 	DATA 	Keypress: e
4.1207 	DATA 	Keypress: space
4.8210 	DEBUG 	TextBox2 loaded 1 chars with 0 blanks and 1 valid
4.8212 	DEBUG 	Uploading Texture Font fontname to graphics card
4.8245 	DEBUG 	Upload of Texture Font fontname complete
4.8253 	DATA 	Keypress: n
4.9874 	DEBUG 	TextBox2 loaded 1 chars with 0 blanks and 1 valid
4.9876 	DEBUG 	Uploading Texture Font fontname to graphics card
4.9909 	DEBUG 	Upload of Texture Font fontname complete
4.9915 	DATA 	Keypress: o
5.2038 	DATA 	Keypress: i
5.3651 	DEBUG 	TextBox2 loaded 1 chars with 0 blanks and 1 valid
5.3653 	DEBUG 	Uploading Texture Font fontname to graphics card
5.3685 	DEBUG 	Upload of Texture Font fontname complete
5.3692 	DATA 	Keypress: s
5.4704 	DATA 	Keypress: e
5.6309 	DATA 	Keypress: return
5.6327 	EXP 	sound_question_text: autoDraw = False
5.6327 	EXP 	sound_question_textbox: autoDraw = False
5.6327 	EXP 	nback_inst: autoDraw = True
6.1262 	INFO 	Keyboard events cleared
8.0043 	DEBUG 	Read excel file with openpyxl: resources/letters1.xlsx
8.0053 	EXP 	Imported resources/letters1.xlsx as conditions, 29 conditions, 2 params
8.0056 	EXP 	New trial (rep=0, index=0): <Trial 0 (0 in rep 0) data={'letter': 'M', 'correct': None, 'thisN': 0, 'thisTrialN': 0, 'thisRepN': 0}>
8.0107 	DATA 	Keypress: space
8.0123 	EXP 	nback_inst: autoDraw = False
8.0123 	EXP 	nback_stim: height = 0.3
8.0123 	EXP 	nback_stim: height = 0.3
8.0123 	EXP 	nback_stim: height = 0.3
8.0123 	EXP 	nback_stim: text = 'M'
9.4928 	INFO 	Keyboard events cleared
9.4928 	EXP 	nback_stim: autoDraw = True
10.0617 	DATA 	Keypress: escape
10.1286 	EXP 	OperationSpanTask: status = STOPPED
10.1306 	EXP 	nback_stim: autoDraw = False
10.1324 	EXP 	OperationSpanTask: status = STOPPED
10.1352 	INFO 	saved data to '/Users/liuhaojie/Desktop/ospan_副本/ospan_with_sound/data/123_OperationSpanTask_2025-05-13_15h41.10.531.csv'
10.1357 	INFO 	saved data to /Users/liuhaojie/Desktop/ospan_副本/ospan_with_sound/data/123_OperationSpanTask_2025-05-13_15h41.10.531.psydat
10.1621 	DEBUG 	Saving data for OperationSpanTask ExperimentHandler
10.1633 	WARNING 	Stopping key buffers but this could be dangerous ifother keyboards rely on the same.
10.1634 	WARNING 	Stopping key buffers but this could be dangerous ifother keyboards rely on the same.
10.1634 	WARNING 	Stopping key buffers but this could be dangerous ifother keyboards rely on the same.
10.1634 	WARNING 	Stopping key buffers but this could be dangerous ifother keyboards rely on the same.
10.1634 	WARNING 	Stopping key buffers but this could be dangerous ifother keyboards rely on the same.
10.1634 	WARNING 	Stopping key buffers but this could be dangerous ifother keyboards rely on the same.
10.1634 	WARNING 	Stopping key buffers but this could be dangerous ifother keyboards rely on the same.
10.1634 	WARNING 	Stopping key buffers but this could be dangerous ifother keyboards rely on the same.
