3.9154 	DEBUG 	Fullscreen settings ignored as running in pilot mode.
3.9161 	INFO 	Loaded monitor calibration from ['2025_04_02 00:13']
4.1409 	EXP 	Created window1 = Window(allowGUI=False, allowStencil=True, autoLog=True, backendConf=UNKNOWN, backgroundFit=<method-wrapper '__getattribute__' of attributeSetter object at 0x7fa6ac3639a0>, backgroundImage=<method-wrapper '__getattribute__' of attributeSetter object at 0x7fa6ac3638e0>, bitsMode=UNKNOWN, blendMode='avg', bpc=(8, 8, 8), color=array([0, 0, 0]), colorSpace='rgb', depthBits=8, fullscr=False, gamma=None, gammaErrorPolicy='raise', infoMsg=UNKNOWN, lms=UNKNOWN, monitor=<psychopy.monitors.calibTools.Monitor object at 0x7fa6ac3913a0>, multiSample=False, name='window1', numSamples=2, pos=[464.0, 258.5], screen=0, size=array([1600, 1200]), stencilBits=8, stereo=False, title='PsychoPy', units='norm', useFBO=True, useRetina=True, viewOri=0.0, viewPos=None, viewScale=None, waitBlanking=True, winType='pyglet')
4.1410 	EXP 	window1: backgroundImage = ''
4.1410 	EXP 	window1: backgroundFit = 'none'
4.1514 	DEBUG 	TextBox2 loaded 1 chars with 0 blanks and 1 valid
4.1518 	DEBUG 	TextBox2 loaded 1 chars with 0 blanks and 1 valid
4.1526 	DEBUG 	TextBox2 loaded 1 chars with 0 blanks and 1 valid
4.1535 	DEBUG 	TextBox2 loaded 1 chars with 0 blanks and 1 valid
4.1544 	DEBUG 	TextBox2 loaded 1 chars with 0 blanks and 1 valid
4.1552 	DEBUG 	TextBox2 loaded 1 chars with 0 blanks and 1 valid
4.1562 	DEBUG 	TextBox2 loaded 1 chars with 0 blanks and 1 valid
4.1566 	DEBUG 	TextBox2 loaded 1 chars with 0 blanks and 1 valid
4.1568 	DEBUG 	TextBox2 loaded 1 chars with 0 blanks and 1 valid
4.1571 	DEBUG 	TextBox2 loaded 1 chars with 0 blanks and 1 valid
4.1578 	DEBUG 	TextBox2 loaded 1 chars with 0 blanks and 1 valid
4.1587 	DEBUG 	TextBox2 loaded 1 chars with 0 blanks and 1 valid
4.1590 	DEBUG 	TextBox2 loaded 1 chars with 0 blanks and 1 valid
4.1596 	DEBUG 	TextBox2 loaded 1 chars with 0 blanks and 1 valid
4.1602 	DEBUG 	TextBox2 loaded 1 chars with 0 blanks and 1 valid
4.1610 	DEBUG 	TextBox2 loaded 1 chars with 0 blanks and 1 valid
4.1616 	DEBUG 	TextBox2 loaded 1 chars with 0 blanks and 1 valid
4.1622 	DEBUG 	TextBox2 loaded 1 chars with 0 blanks and 1 valid
4.1628 	DEBUG 	TextBox2 loaded 1 chars with 0 blanks and 1 valid
4.1635 	DEBUG 	TextBox2 loaded 1 chars with 0 blanks and 1 valid
4.1643 	DEBUG 	TextBox2 loaded 1 chars with 0 blanks and 1 valid
4.1651 	DEBUG 	TextBox2 loaded 1 chars with 0 blanks and 1 valid
4.1658 	DEBUG 	TextBox2 loaded 1 chars with 0 blanks and 1 valid
4.1666 	DEBUG 	TextBox2 loaded 1 chars with 0 blanks and 1 valid
4.1672 	DEBUG 	TextBox2 loaded 1 chars with 0 blanks and 1 valid
4.1678 	DEBUG 	TextBox2 loaded 1 chars with 0 blanks and 1 valid
4.1688 	DEBUG 	TextBox2 loaded 1 chars with 0 blanks and 1 valid
4.1690 	DEBUG 	TextBox2 loaded 1 chars with 0 blanks and 1 valid
4.1692 	DEBUG 	Uploading Texture Font fontname to graphics card
4.1736 	DEBUG 	Upload of Texture Font fontname complete
4.1807 	DEBUG 	TextBox2 loaded 1 chars with 0 blanks and 1 valid
4.1816 	DEBUG 	TextBox2 loaded 1 chars with 0 blanks and 1 valid
4.1818 	DEBUG 	Uploading Texture Font fontname to graphics card
4.1841 	DEBUG 	Upload of Texture Font fontname complete
4.6400 	INFO 	keyboard.Keyboard is using ptb backend.
4.7634 	INFO 	keyboard.Keyboard is using ptb backend.
4.8474 	INFO 	keyboard.Keyboard is using ptb backend.
4.9298 	INFO 	keyboard.Keyboard is using ptb backend.
5.0118 	INFO 	keyboard.Keyboard is using ptb backend.
5.0943 	INFO 	keyboard.Keyboard is using ptb backend.
5.1762 	INFO 	keyboard.Keyboard is using ptb backend.
5.2586 	INFO 	keyboard.Keyboard is using ptb backend.
5.2587 	EXP 	OperationSpanTask: status = STARTED
5.3092 	EXP 	Created sound_question_text = TextStim(__class__=<class 'psychopy.visual.text.TextStim'>, alignHoriz=method-wrapper(...), alignText='center', alignVert=method-wrapper(...), anchorHoriz='center', anchorVert='center', antialias=True, autoDraw=False, autoLog=True, bold=False, color=array([1., 1., 1.]), colorSpace='rgb', contrast=1.0, depth=0.0, draggable=False, flipHoriz=False, flipVert=False, font='Arial', fontFiles=[], height=0.05, italic=False, languageStyle='LTR', name='sound_question_text', opacity=1, ori=0.0, pos=array([0.  , 0.25]), rgb=UNKNOWN, text=str(...), units='norm', win=Window(...), wrapWidth=1)
5.3410 	EXP 	Created nback_inst = TextStim(__class__=<class 'psychopy.visual.text.TextStim'>, alignHoriz=method-wrapper(...), alignText='center', alignVert=method-wrapper(...), anchorHoriz='center', anchorVert='center', antialias=True, autoDraw=False, autoLog=True, bold=False, color=array([1., 1., 1.]), colorSpace='rgb', contrast=1.0, depth=0.0, draggable=False, flipHoriz=False, flipVert=False, font='Arial', fontFiles=[], height=0.05, italic=False, languageStyle='LTR', name='nback_inst', opacity=1, ori=0.0, pos=array([0., 0.]), rgb=UNKNOWN, text=str(...), units='norm', win=Window(...), wrapWidth=1)
5.3421 	EXP 	Created nback_stim = TextStim(__class__=<class 'psychopy.visual.text.TextStim'>, alignHoriz=method-wrapper(...), alignText='center', alignVert=method-wrapper(...), anchorHoriz='center', anchorVert='center', antialias=True, autoDraw=False, autoLog=True, bold=False, color=array([-1., -1.,  1.]), colorSpace='rgb', contrast=1.0, depth=0.0, draggable=False, flipHoriz=False, flipVert=False, font='Arial', fontFiles=[], height=0.3, italic=False, languageStyle='LTR', name='nback_stim', opacity=1.0, ori=0.0, pos=array([0., 0.]), rgb=UNKNOWN, text='', units='norm', win=Window(...), wrapWidth=1)
5.3767 	EXP 	Created inst_text = TextStim(__class__=<class 'psychopy.visual.text.TextStim'>, alignHoriz=method-wrapper(...), alignText='center', alignVert=method-wrapper(...), anchorHoriz='center', anchorVert='center', antialias=True, autoDraw=False, autoLog=True, bold=False, color=array([1., 1., 1.]), colorSpace='rgb', contrast=1.0, depth=0.0, draggable=False, flipHoriz=False, flipVert=False, font='Open Sans', fontFiles=[], height=0.05, italic=False, languageStyle='LTR', name='inst_text', opacity=1, ori=0, pos=array([0., 0.]), rgb=UNKNOWN, text=str(...), units='norm', win=Window(...), wrapWidth=1)
5.3860 	EXP 	Created text_6 = TextStim(__class__=<class 'psychopy.visual.text.TextStim'>, alignHoriz=method-wrapper(...), alignText='center', alignVert=method-wrapper(...), anchorHoriz='center', anchorVert='center', antialias=True, autoDraw=False, autoLog=True, bold=False, color=array([1., 1., 1.]), colorSpace='rgb', contrast=1.0, depth=0.0, draggable=False, flipHoriz=False, flipVert=False, font='Arial', fontFiles=[], height=0.15, italic=False, languageStyle='LTR', name='text_6', opacity=1, ori=0, pos=array([0., 0.]), rgb=UNKNOWN, text='This is a practice trial.', units='norm', win=Window(...), wrapWidth=1)
5.3871 	EXP 	Created text = TextStim(__class__=<class 'psychopy.visual.text.TextStim'>, alignHoriz=method-wrapper(...), alignText='center', alignVert=method-wrapper(...), anchorHoriz='center', anchorVert='center', antialias=True, autoDraw=False, autoLog=True, bold=False, color=array([1., 1., 1.]), colorSpace='rgb', contrast=1.0, depth=0.0, draggable=False, flipHoriz=False, flipVert=False, font='Arial', fontFiles=[], height=0.1, italic=False, languageStyle='LTR', name='text', opacity=1, ori=0, pos=array([0., 0.]), rgb=UNKNOWN, text='', units='norm', win=Window(...), wrapWidth=1)
5.3879 	EXP 	Created text_2 = TextStim(__class__=<class 'psychopy.visual.text.TextStim'>, alignHoriz=method-wrapper(...), alignText='center', alignVert=method-wrapper(...), anchorHoriz='center', anchorVert='center', antialias=True, autoDraw=False, autoLog=True, bold=False, color=array([-1., -1.,  1.]), colorSpace='rgb', contrast=1.0, depth=0.0, draggable=False, flipHoriz=False, flipVert=False, font='Arial', fontFiles=[], height=0.3, italic=False, languageStyle='LTR', name='text_2', opacity=1, ori=0, pos=array([0., 0.]), rgb=UNKNOWN, text='', units='norm', win=Window(...), wrapWidth=1)
5.3912 	EXP 	Created text_3 = TextStim(__class__=<class 'psychopy.visual.text.TextStim'>, alignHoriz=method-wrapper(...), alignText='center', alignVert=method-wrapper(...), anchorHoriz='center', anchorVert='center', antialias=True, autoDraw=False, autoLog=True, bold=False, color=array([ 1., -1., -1.]), colorSpace='rgb', contrast=1.0, depth=0.0, draggable=False, flipHoriz=False, flipVert=False, font='Arial', fontFiles=[], height=0.25, italic=False, languageStyle='LTR', name='text_3', opacity=1, ori=0, pos=array([0., 0.]), rgb=UNKNOWN, text='?', units='norm', win=Window(...), wrapWidth=1)
5.4074 	EXP 	Created text_5 = TextStim(__class__=<class 'psychopy.visual.text.TextStim'>, alignHoriz=method-wrapper(...), alignText='center', alignVert=method-wrapper(...), anchorHoriz='center', anchorVert='center', antialias=True, autoDraw=False, autoLog=True, bold=False, color=array([1., 1., 1.]), colorSpace='rgb', contrast=1.0, depth=0.0, draggable=False, flipHoriz=False, flipVert=False, font='Arial', fontFiles=[], height=0.15, italic=False, languageStyle='LTR', name='text_5', opacity=1, ori=0, pos=array([0., 0.]), rgb=UNKNOWN, text=str(...), units='norm', win=Window(...), wrapWidth=1)
5.4083 	EXP 	Created text = TextStim(__class__=<class 'psychopy.visual.text.TextStim'>, alignHoriz=method-wrapper(...), alignText='center', alignVert=method-wrapper(...), anchorHoriz='center', anchorVert='center', antialias=True, autoDraw=False, autoLog=True, bold=False, color=array([1., 1., 1.]), colorSpace='rgb', contrast=1.0, depth=0.0, draggable=False, flipHoriz=False, flipVert=False, font='Arial', fontFiles=[], height=0.1, italic=False, languageStyle='LTR', name='text', opacity=1, ori=0, pos=array([0., 0.]), rgb=UNKNOWN, text='', units='norm', win=Window(...), wrapWidth=1)
5.4090 	EXP 	Created text_2 = TextStim(__class__=<class 'psychopy.visual.text.TextStim'>, alignHoriz=method-wrapper(...), alignText='center', alignVert=method-wrapper(...), anchorHoriz='center', anchorVert='center', antialias=True, autoDraw=False, autoLog=True, bold=False, color=array([-1., -1.,  1.]), colorSpace='rgb', contrast=1.0, depth=0.0, draggable=False, flipHoriz=False, flipVert=False, font='Arial', fontFiles=[], height=0.3, italic=False, languageStyle='LTR', name='text_2', opacity=1, ori=0, pos=array([0., 0.]), rgb=UNKNOWN, text='', units='norm', win=Window(...), wrapWidth=1)
5.4112 	EXP 	Created text_3 = TextStim(__class__=<class 'psychopy.visual.text.TextStim'>, alignHoriz=method-wrapper(...), alignText='center', alignVert=method-wrapper(...), anchorHoriz='center', anchorVert='center', antialias=True, autoDraw=False, autoLog=True, bold=False, color=array([ 1., -1., -1.]), colorSpace='rgb', contrast=1.0, depth=0.0, draggable=False, flipHoriz=False, flipVert=False, font='Arial', fontFiles=[], height=0.25, italic=False, languageStyle='LTR', name='text_3', opacity=1, ori=0, pos=array([0., 0.]), rgb=UNKNOWN, text='?', units='norm', win=Window(...), wrapWidth=1)
5.4161 	EXP 	Created text_5 = TextStim(__class__=<class 'psychopy.visual.text.TextStim'>, alignHoriz=method-wrapper(...), alignText='center', alignVert=method-wrapper(...), anchorHoriz='center', anchorVert='center', antialias=True, autoDraw=False, autoLog=True, bold=False, color=array([1., 1., 1.]), colorSpace='rgb', contrast=1.0, depth=0.0, draggable=False, flipHoriz=False, flipVert=False, font='Arial', fontFiles=[], height=0.15, italic=False, languageStyle='LTR', name='text_5', opacity=1, ori=0, pos=array([0., 0.]), rgb=UNKNOWN, text=str(...), units='norm', win=Window(...), wrapWidth=1)
5.4168 	EXP 	Created text = TextStim(__class__=<class 'psychopy.visual.text.TextStim'>, alignHoriz=method-wrapper(...), alignText='center', alignVert=method-wrapper(...), anchorHoriz='center', anchorVert='center', antialias=True, autoDraw=False, autoLog=True, bold=False, color=array([1., 1., 1.]), colorSpace='rgb', contrast=1.0, depth=0.0, draggable=False, flipHoriz=False, flipVert=False, font='Arial', fontFiles=[], height=0.1, italic=False, languageStyle='LTR', name='text', opacity=1, ori=0, pos=array([0., 0.]), rgb=UNKNOWN, text='', units='norm', win=Window(...), wrapWidth=1)
5.4176 	EXP 	Created text_2 = TextStim(__class__=<class 'psychopy.visual.text.TextStim'>, alignHoriz=method-wrapper(...), alignText='center', alignVert=method-wrapper(...), anchorHoriz='center', anchorVert='center', antialias=True, autoDraw=False, autoLog=True, bold=False, color=array([-1., -1.,  1.]), colorSpace='rgb', contrast=1.0, depth=0.0, draggable=False, flipHoriz=False, flipVert=False, font='Arial', fontFiles=[], height=0.3, italic=False, languageStyle='LTR', name='text_2', opacity=1, ori=0, pos=array([0., 0.]), rgb=UNKNOWN, text='', units='norm', win=Window(...), wrapWidth=1)
5.4192 	EXP 	Created text_3 = TextStim(__class__=<class 'psychopy.visual.text.TextStim'>, alignHoriz=method-wrapper(...), alignText='center', alignVert=method-wrapper(...), anchorHoriz='center', anchorVert='center', antialias=True, autoDraw=False, autoLog=True, bold=False, color=array([ 1., -1., -1.]), colorSpace='rgb', contrast=1.0, depth=0.0, draggable=False, flipHoriz=False, flipVert=False, font='Arial', fontFiles=[], height=0.25, italic=False, languageStyle='LTR', name='text_3', opacity=1, ori=0, pos=array([0., 0.]), rgb=UNKNOWN, text='?', units='norm', win=Window(...), wrapWidth=1)
5.4240 	EXP 	Created text_5 = TextStim(__class__=<class 'psychopy.visual.text.TextStim'>, alignHoriz=method-wrapper(...), alignText='center', alignVert=method-wrapper(...), anchorHoriz='center', anchorVert='center', antialias=True, autoDraw=False, autoLog=True, bold=False, color=array([1., 1., 1.]), colorSpace='rgb', contrast=1.0, depth=0.0, draggable=False, flipHoriz=False, flipVert=False, font='Arial', fontFiles=[], height=0.15, italic=False, languageStyle='LTR', name='text_5', opacity=1, ori=0, pos=array([0., 0.]), rgb=UNKNOWN, text=str(...), units='norm', win=Window(...), wrapWidth=1)
5.4248 	EXP 	Created text = TextStim(__class__=<class 'psychopy.visual.text.TextStim'>, alignHoriz=method-wrapper(...), alignText='center', alignVert=method-wrapper(...), anchorHoriz='center', anchorVert='center', antialias=True, autoDraw=False, autoLog=True, bold=False, color=array([1., 1., 1.]), colorSpace='rgb', contrast=1.0, depth=0.0, draggable=False, flipHoriz=False, flipVert=False, font='Arial', fontFiles=[], height=0.1, italic=False, languageStyle='LTR', name='text', opacity=1, ori=0, pos=array([0., 0.]), rgb=UNKNOWN, text='', units='norm', win=Window(...), wrapWidth=1)
5.4255 	EXP 	Created text_2 = TextStim(__class__=<class 'psychopy.visual.text.TextStim'>, alignHoriz=method-wrapper(...), alignText='center', alignVert=method-wrapper(...), anchorHoriz='center', anchorVert='center', antialias=True, autoDraw=False, autoLog=True, bold=False, color=array([-1., -1.,  1.]), colorSpace='rgb', contrast=1.0, depth=0.0, draggable=False, flipHoriz=False, flipVert=False, font='Arial', fontFiles=[], height=0.3, italic=False, languageStyle='LTR', name='text_2', opacity=1, ori=0, pos=array([0., 0.]), rgb=UNKNOWN, text='', units='norm', win=Window(...), wrapWidth=1)
5.4271 	EXP 	Created text_3 = TextStim(__class__=<class 'psychopy.visual.text.TextStim'>, alignHoriz=method-wrapper(...), alignText='center', alignVert=method-wrapper(...), anchorHoriz='center', anchorVert='center', antialias=True, autoDraw=False, autoLog=True, bold=False, color=array([ 1., -1., -1.]), colorSpace='rgb', contrast=1.0, depth=0.0, draggable=False, flipHoriz=False, flipVert=False, font='Arial', fontFiles=[], height=0.25, italic=False, languageStyle='LTR', name='text_3', opacity=1, ori=0, pos=array([0., 0.]), rgb=UNKNOWN, text='?', units='norm', win=Window(...), wrapWidth=1)
5.4319 	EXP 	Created text_5 = TextStim(__class__=<class 'psychopy.visual.text.TextStim'>, alignHoriz=method-wrapper(...), alignText='center', alignVert=method-wrapper(...), anchorHoriz='center', anchorVert='center', antialias=True, autoDraw=False, autoLog=True, bold=False, color=array([1., 1., 1.]), colorSpace='rgb', contrast=1.0, depth=0.0, draggable=False, flipHoriz=False, flipVert=False, font='Arial', fontFiles=[], height=0.15, italic=False, languageStyle='LTR', name='text_5', opacity=1, ori=0, pos=array([0., 0.]), rgb=UNKNOWN, text=str(...), units='norm', win=Window(...), wrapWidth=1)
5.4326 	EXP 	Created text = TextStim(__class__=<class 'psychopy.visual.text.TextStim'>, alignHoriz=method-wrapper(...), alignText='center', alignVert=method-wrapper(...), anchorHoriz='center', anchorVert='center', antialias=True, autoDraw=False, autoLog=True, bold=False, color=array([1., 1., 1.]), colorSpace='rgb', contrast=1.0, depth=0.0, draggable=False, flipHoriz=False, flipVert=False, font='Arial', fontFiles=[], height=0.1, italic=False, languageStyle='LTR', name='text', opacity=1, ori=0, pos=array([0., 0.]), rgb=UNKNOWN, text='', units='norm', win=Window(...), wrapWidth=1)
5.4333 	EXP 	Created text_2 = TextStim(__class__=<class 'psychopy.visual.text.TextStim'>, alignHoriz=method-wrapper(...), alignText='center', alignVert=method-wrapper(...), anchorHoriz='center', anchorVert='center', antialias=True, autoDraw=False, autoLog=True, bold=False, color=array([-1., -1.,  1.]), colorSpace='rgb', contrast=1.0, depth=0.0, draggable=False, flipHoriz=False, flipVert=False, font='Arial', fontFiles=[], height=0.3, italic=False, languageStyle='LTR', name='text_2', opacity=1, ori=0, pos=array([0., 0.]), rgb=UNKNOWN, text='', units='norm', win=Window(...), wrapWidth=1)
5.4350 	EXP 	Created text_3 = TextStim(__class__=<class 'psychopy.visual.text.TextStim'>, alignHoriz=method-wrapper(...), alignText='center', alignVert=method-wrapper(...), anchorHoriz='center', anchorVert='center', antialias=True, autoDraw=False, autoLog=True, bold=False, color=array([ 1., -1., -1.]), colorSpace='rgb', contrast=1.0, depth=0.0, draggable=False, flipHoriz=False, flipVert=False, font='Arial', fontFiles=[], height=0.25, italic=False, languageStyle='LTR', name='text_3', opacity=1, ori=0, pos=array([0., 0.]), rgb=UNKNOWN, text='?', units='norm', win=Window(...), wrapWidth=1)
5.4397 	EXP 	Created text_5 = TextStim(__class__=<class 'psychopy.visual.text.TextStim'>, alignHoriz=method-wrapper(...), alignText='center', alignVert=method-wrapper(...), anchorHoriz='center', anchorVert='center', antialias=True, autoDraw=False, autoLog=True, bold=False, color=array([1., 1., 1.]), colorSpace='rgb', contrast=1.0, depth=0.0, draggable=False, flipHoriz=False, flipVert=False, font='Arial', fontFiles=[], height=0.15, italic=False, languageStyle='LTR', name='text_5', opacity=1, ori=0, pos=array([0., 0.]), rgb=UNKNOWN, text=str(...), units='norm', win=Window(...), wrapWidth=1)
5.4405 	EXP 	Created text = TextStim(__class__=<class 'psychopy.visual.text.TextStim'>, alignHoriz=method-wrapper(...), alignText='center', alignVert=method-wrapper(...), anchorHoriz='center', anchorVert='center', antialias=True, autoDraw=False, autoLog=True, bold=False, color=array([1., 1., 1.]), colorSpace='rgb', contrast=1.0, depth=0.0, draggable=False, flipHoriz=False, flipVert=False, font='Arial', fontFiles=[], height=0.1, italic=False, languageStyle='LTR', name='text', opacity=1, ori=0, pos=array([0., 0.]), rgb=UNKNOWN, text='', units='norm', win=Window(...), wrapWidth=1)
5.4411 	EXP 	Created text_2 = TextStim(__class__=<class 'psychopy.visual.text.TextStim'>, alignHoriz=method-wrapper(...), alignText='center', alignVert=method-wrapper(...), anchorHoriz='center', anchorVert='center', antialias=True, autoDraw=False, autoLog=True, bold=False, color=array([-1., -1.,  1.]), colorSpace='rgb', contrast=1.0, depth=0.0, draggable=False, flipHoriz=False, flipVert=False, font='Arial', fontFiles=[], height=0.3, italic=False, languageStyle='LTR', name='text_2', opacity=1, ori=0, pos=array([0., 0.]), rgb=UNKNOWN, text='', units='norm', win=Window(...), wrapWidth=1)
5.4428 	EXP 	Created text_3 = TextStim(__class__=<class 'psychopy.visual.text.TextStim'>, alignHoriz=method-wrapper(...), alignText='center', alignVert=method-wrapper(...), anchorHoriz='center', anchorVert='center', antialias=True, autoDraw=False, autoLog=True, bold=False, color=array([ 1., -1., -1.]), colorSpace='rgb', contrast=1.0, depth=0.0, draggable=False, flipHoriz=False, flipVert=False, font='Arial', fontFiles=[], height=0.25, italic=False, languageStyle='LTR', name='text_3', opacity=1, ori=0, pos=array([0., 0.]), rgb=UNKNOWN, text='?', units='norm', win=Window(...), wrapWidth=1)
0.0216 	EXP 	sound_question_textbox: autoLog = True
0.0295 	EXP 	New trial (rep=0, index=0): <Trial 0 (0 in rep 0) data={'thisN': 0, 'thisTrialN': 0, 'thisRepN': 0}>
0.0308 	DEBUG 	TextBox2 loaded 1 chars with 0 blanks and 1 valid
0.0312 	DEBUG 	TextBox2 loaded 1 chars with 0 blanks and 1 valid
0.0314 	DEBUG 	Uploading Texture Font fontname to graphics card
0.0348 	DEBUG 	Upload of Texture Font fontname complete
0.0355 	DEBUG 	TextBox2 loaded 1 chars with 0 blanks and 1 valid
0.0361 	DEBUG 	TextBox2 loaded 1 chars with 0 blanks and 1 valid
0.0366 	DEBUG 	TextBox2 loaded 1 chars with 0 blanks and 1 valid
0.0370 	DEBUG 	TextBox2 loaded 1 chars with 0 blanks and 1 valid
0.0375 	DEBUG 	TextBox2 loaded 1 chars with 0 blanks and 1 valid
0.0380 	DEBUG 	TextBox2 loaded 1 chars with 0 blanks and 1 valid
0.0383 	DEBUG 	TextBox2 loaded 1 chars with 0 blanks and 1 valid
0.0385 	DEBUG 	Uploading Texture Font fontname to graphics card
0.0407 	DEBUG 	Upload of Texture Font fontname complete
0.0501 	INFO 	Keyboard events cleared
0.0500 	EXP 	sound_question_textbox: placeholder = 'Type here...'
0.0500 	EXP 	sound_question_text: autoDraw = True
0.0500 	EXP 	sound_question_textbox: autoDraw = True
2.5819 	DEBUG 	TextBox2 loaded 1 chars with 0 blanks and 1 valid
2.5823 	DEBUG 	Uploading Texture Font fontname to graphics card
2.5858 	DEBUG 	Upload of Texture Font fontname complete
2.5892 	DATA 	Keypress: s
2.8139 	DEBUG 	TextBox2 loaded 1 chars with 0 blanks and 1 valid
2.8141 	DEBUG 	Uploading Texture Font fontname to graphics card
2.8173 	DEBUG 	Upload of Texture Font fontname complete
2.8180 	DATA 	Keypress: i
2.9800 	DEBUG 	TextBox2 loaded 1 chars with 0 blanks and 1 valid
2.9803 	DEBUG 	Uploading Texture Font fontname to graphics card
2.9836 	DEBUG 	Upload of Texture Font fontname complete
2.9842 	DATA 	Keypress: l
3.1307 	DATA 	Keypress: e
3.3250 	DEBUG 	TextBox2 loaded 1 chars with 0 blanks and 1 valid
3.3252 	DEBUG 	Uploading Texture Font fontname to graphics card
3.3284 	DEBUG 	Upload of Texture Font fontname complete
3.3290 	DATA 	Keypress: c
3.4580 	DATA 	Keypress: e
3.9966 	DATA 	Keypress: backspace
4.1284 	DATA 	Keypress: backspace
4.2460 	DATA 	Keypress: backspace
4.3626 	DATA 	Keypress: backspace
5.3631 	DATA 	Keypress: l
5.8469 	DATA 	Keypress: e
5.9751 	DEBUG 	TextBox2 loaded 1 chars with 0 blanks and 1 valid
5.9753 	DEBUG 	Uploading Texture Font fontname to graphics card
5.9785 	DEBUG 	Upload of Texture Font fontname complete
5.9793 	DATA 	Keypress: n
6.1582 	DATA 	Keypress: c
6.2410 	DATA 	Keypress: e
6.8238 	EXP 	sound_question_text: autoDraw = False
6.8238 	EXP 	sound_question_textbox: autoDraw = False
6.8238 	EXP 	nback_inst: autoDraw = True
6.8276 	DATA 	Keypress: return
7.3190 	INFO 	Keyboard events cleared
9.6907 	DATA 	Keypress: escape
9.7713 	EXP 	OperationSpanTask: status = STOPPED
9.7730 	EXP 	nback_inst: autoDraw = False
9.7747 	EXP 	OperationSpanTask: status = STOPPED
9.7771 	INFO 	saved data to '/Users/liuhaojie/Desktop/ospan_副本/ospan_with_sound/data/123_OperationSpanTask_2025-05-13_15h37.52.496.csv'
9.7775 	INFO 	saved data to /Users/liuhaojie/Desktop/ospan_副本/ospan_with_sound/data/123_OperationSpanTask_2025-05-13_15h37.52.496.psydat
9.8042 	DEBUG 	Saving data for OperationSpanTask ExperimentHandler
9.8053 	WARNING 	Stopping key buffers but this could be dangerous ifother keyboards rely on the same.
9.8054 	WARNING 	Stopping key buffers but this could be dangerous ifother keyboards rely on the same.
9.8054 	WARNING 	Stopping key buffers but this could be dangerous ifother keyboards rely on the same.
9.8054 	WARNING 	Stopping key buffers but this could be dangerous ifother keyboards rely on the same.
9.8054 	WARNING 	Stopping key buffers but this could be dangerous ifother keyboards rely on the same.
9.8054 	WARNING 	Stopping key buffers but this could be dangerous ifother keyboards rely on the same.
9.8054 	WARNING 	Stopping key buffers but this could be dangerous ifother keyboards rely on the same.
9.8055 	WARNING 	Stopping key buffers but this could be dangerous ifother keyboards rely on the same.
