3.7081 	DEBUG 	Fullscreen settings ignored as running in pilot mode.
3.7088 	INFO 	Loaded monitor calibration from ['2025_04_02 00:13']
3.9289 	EXP 	Created window1 = Window(allowGUI=False, allowStencil=False, autoLog=True, backendConf=UNKNOWN, backgroundFit=<method-wrapper '__getattribute__' of attributeSetter object at 0x7f8d01e61520>, backgroundImage=<method-wrapper '__getattribute__' of attributeSetter object at 0x7f8d01e614c0>, bitsMode=UNKNOWN, blendMode='avg', bpc=(8, 8, 8), color=array([0, 0, 0]), colorSpace='rgb', depthBits=8, fullscr=False, gamma=None, gammaErrorPolicy='raise', infoMsg=UNKNOWN, lms=UNKNOWN, monitor=<psychopy.monitors.calibTools.Monitor object at 0x7f8d019cff40>, multiSample=False, name='window1', numSamples=2, pos=[464.0, 258.5], screen=0, size=array([1600, 1200]), stencilBits=0, stereo=False, title='PsychoPy', units='norm', useFBO=True, useRetina=True, viewOri=0.0, viewPos=None, viewScale=None, waitBlanking=True, winType='pyglet')
3.9290 	EXP 	window1: backgroundImage = ''
3.9290 	EXP 	window1: backgroundFit = 'none'
3.9391 	DEBUG 	TextBox2 loaded 1 chars with 0 blanks and 1 valid
3.9395 	DEBUG 	TextBox2 loaded 1 chars with 0 blanks and 1 valid
3.9403 	DEBUG 	TextBox2 loaded 1 chars with 0 blanks and 1 valid
3.9413 	DEBUG 	TextBox2 loaded 1 chars with 0 blanks and 1 valid
3.9421 	DEBUG 	TextBox2 loaded 1 chars with 0 blanks and 1 valid
3.9430 	DEBUG 	TextBox2 loaded 1 chars with 0 blanks and 1 valid
3.9439 	DEBUG 	TextBox2 loaded 1 chars with 0 blanks and 1 valid
3.9444 	DEBUG 	TextBox2 loaded 1 chars with 0 blanks and 1 valid
3.9446 	DEBUG 	TextBox2 loaded 1 chars with 0 blanks and 1 valid
3.9448 	DEBUG 	TextBox2 loaded 1 chars with 0 blanks and 1 valid
3.9456 	DEBUG 	TextBox2 loaded 1 chars with 0 blanks and 1 valid
3.9464 	DEBUG 	TextBox2 loaded 1 chars with 0 blanks and 1 valid
3.9468 	DEBUG 	TextBox2 loaded 1 chars with 0 blanks and 1 valid
3.9474 	DEBUG 	TextBox2 loaded 1 chars with 0 blanks and 1 valid
3.9480 	DEBUG 	TextBox2 loaded 1 chars with 0 blanks and 1 valid
3.9488 	DEBUG 	TextBox2 loaded 1 chars with 0 blanks and 1 valid
3.9494 	DEBUG 	TextBox2 loaded 1 chars with 0 blanks and 1 valid
3.9500 	DEBUG 	TextBox2 loaded 1 chars with 0 blanks and 1 valid
3.9506 	DEBUG 	TextBox2 loaded 1 chars with 0 blanks and 1 valid
3.9512 	DEBUG 	TextBox2 loaded 1 chars with 0 blanks and 1 valid
3.9521 	DEBUG 	TextBox2 loaded 1 chars with 0 blanks and 1 valid
3.9529 	DEBUG 	TextBox2 loaded 1 chars with 0 blanks and 1 valid
3.9536 	DEBUG 	TextBox2 loaded 1 chars with 0 blanks and 1 valid
3.9544 	DEBUG 	TextBox2 loaded 1 chars with 0 blanks and 1 valid
3.9551 	DEBUG 	TextBox2 loaded 1 chars with 0 blanks and 1 valid
3.9557 	DEBUG 	TextBox2 loaded 1 chars with 0 blanks and 1 valid
3.9566 	DEBUG 	TextBox2 loaded 1 chars with 0 blanks and 1 valid
3.9568 	DEBUG 	TextBox2 loaded 1 chars with 0 blanks and 1 valid
3.9570 	DEBUG 	Uploading Texture Font fontname to graphics card
3.9610 	DEBUG 	Upload of Texture Font fontname complete
3.9680 	DEBUG 	TextBox2 loaded 1 chars with 0 blanks and 1 valid
3.9689 	DEBUG 	TextBox2 loaded 1 chars with 0 blanks and 1 valid
3.9691 	DEBUG 	Uploading Texture Font fontname to graphics card
3.9714 	DEBUG 	Upload of Texture Font fontname complete
4.4548 	INFO 	keyboard.Keyboard is using ptb backend.
4.5787 	INFO 	keyboard.Keyboard is using ptb backend.
4.6630 	INFO 	keyboard.Keyboard is using ptb backend.
4.7466 	INFO 	keyboard.Keyboard is using ptb backend.
4.8302 	INFO 	keyboard.Keyboard is using ptb backend.
4.9136 	INFO 	keyboard.Keyboard is using ptb backend.
4.9974 	INFO 	keyboard.Keyboard is using ptb backend.
4.9975 	EXP 	OperationSpanTask: status = STARTED
5.0510 	EXP 	Created nback_inst = TextStim(__class__=<class 'psychopy.visual.text.TextStim'>, alignHoriz=method-wrapper(...), alignText='center', alignVert=method-wrapper(...), anchorHoriz='center', anchorVert='center', antialias=True, autoDraw=False, autoLog=True, bold=False, color=array([1., 1., 1.]), colorSpace='rgb', contrast=1.0, depth=0.0, draggable=False, flipHoriz=False, flipVert=False, font='Arial', fontFiles=[], height=0.05, italic=False, languageStyle='LTR', name='nback_inst', opacity=1, ori=0.0, pos=array([0., 0.]), rgb=UNKNOWN, text=str(...), units='norm', win=Window(...), wrapWidth=1)
5.0521 	EXP 	Created nback_stim = TextStim(__class__=<class 'psychopy.visual.text.TextStim'>, alignHoriz=method-wrapper(...), alignText='center', alignVert=method-wrapper(...), anchorHoriz='center', anchorVert='center', antialias=True, autoDraw=False, autoLog=True, bold=False, color=array([-1., -1.,  1.]), colorSpace='rgb', contrast=1.0, depth=0.0, draggable=False, flipHoriz=False, flipVert=False, font='Arial', fontFiles=[], height=0.3, italic=False, languageStyle='LTR', name='nback_stim', opacity=1.0, ori=0.0, pos=array([0., 0.]), rgb=UNKNOWN, text='', units='norm', win=Window(...), wrapWidth=1)
5.0853 	EXP 	Created inst_text = TextStim(__class__=<class 'psychopy.visual.text.TextStim'>, alignHoriz=method-wrapper(...), alignText='center', alignVert=method-wrapper(...), anchorHoriz='center', anchorVert='center', antialias=True, autoDraw=False, autoLog=True, bold=False, color=array([1., 1., 1.]), colorSpace='rgb', contrast=1.0, depth=0.0, draggable=False, flipHoriz=False, flipVert=False, font='Open Sans', fontFiles=[], height=0.05, italic=False, languageStyle='LTR', name='inst_text', opacity=1, ori=0, pos=array([0., 0.]), rgb=UNKNOWN, text=str(...), units='norm', win=Window(...), wrapWidth=1)
5.0935 	EXP 	Created text_6 = TextStim(__class__=<class 'psychopy.visual.text.TextStim'>, alignHoriz=method-wrapper(...), alignText='center', alignVert=method-wrapper(...), anchorHoriz='center', anchorVert='center', antialias=True, autoDraw=False, autoLog=True, bold=False, color=array([1., 1., 1.]), colorSpace='rgb', contrast=1.0, depth=0.0, draggable=False, flipHoriz=False, flipVert=False, font='Arial', fontFiles=[], height=0.15, italic=False, languageStyle='LTR', name='text_6', opacity=1, ori=0, pos=array([0., 0.]), rgb=UNKNOWN, text='This is a practice trial.', units='norm', win=Window(...), wrapWidth=1)
5.0944 	EXP 	Created text = TextStim(__class__=<class 'psychopy.visual.text.TextStim'>, alignHoriz=method-wrapper(...), alignText='center', alignVert=method-wrapper(...), anchorHoriz='center', anchorVert='center', antialias=True, autoDraw=False, autoLog=True, bold=False, color=array([1., 1., 1.]), colorSpace='rgb', contrast=1.0, depth=0.0, draggable=False, flipHoriz=False, flipVert=False, font='Arial', fontFiles=[], height=0.1, italic=False, languageStyle='LTR', name='text', opacity=1, ori=0, pos=array([0., 0.]), rgb=UNKNOWN, text='', units='norm', win=Window(...), wrapWidth=1)
5.0951 	EXP 	Created text_2 = TextStim(__class__=<class 'psychopy.visual.text.TextStim'>, alignHoriz=method-wrapper(...), alignText='center', alignVert=method-wrapper(...), anchorHoriz='center', anchorVert='center', antialias=True, autoDraw=False, autoLog=True, bold=False, color=array([-1., -1.,  1.]), colorSpace='rgb', contrast=1.0, depth=0.0, draggable=False, flipHoriz=False, flipVert=False, font='Arial', fontFiles=[], height=0.3, italic=False, languageStyle='LTR', name='text_2', opacity=1, ori=0, pos=array([0., 0.]), rgb=UNKNOWN, text='', units='norm', win=Window(...), wrapWidth=1)
5.0980 	EXP 	Created text_3 = TextStim(__class__=<class 'psychopy.visual.text.TextStim'>, alignHoriz=method-wrapper(...), alignText='center', alignVert=method-wrapper(...), anchorHoriz='center', anchorVert='center', antialias=True, autoDraw=False, autoLog=True, bold=False, color=array([ 1., -1., -1.]), colorSpace='rgb', contrast=1.0, depth=0.0, draggable=False, flipHoriz=False, flipVert=False, font='Arial', fontFiles=[], height=0.25, italic=False, languageStyle='LTR', name='text_3', opacity=1, ori=0, pos=array([0., 0.]), rgb=UNKNOWN, text='?', units='norm', win=Window(...), wrapWidth=1)
5.1115 	EXP 	Created text_5 = TextStim(__class__=<class 'psychopy.visual.text.TextStim'>, alignHoriz=method-wrapper(...), alignText='center', alignVert=method-wrapper(...), anchorHoriz='center', anchorVert='center', antialias=True, autoDraw=False, autoLog=True, bold=False, color=array([1., 1., 1.]), colorSpace='rgb', contrast=1.0, depth=0.0, draggable=False, flipHoriz=False, flipVert=False, font='Arial', fontFiles=[], height=0.15, italic=False, languageStyle='LTR', name='text_5', opacity=1, ori=0, pos=array([0., 0.]), rgb=UNKNOWN, text=str(...), units='norm', win=Window(...), wrapWidth=1)
5.1123 	EXP 	Created text = TextStim(__class__=<class 'psychopy.visual.text.TextStim'>, alignHoriz=method-wrapper(...), alignText='center', alignVert=method-wrapper(...), anchorHoriz='center', anchorVert='center', antialias=True, autoDraw=False, autoLog=True, bold=False, color=array([1., 1., 1.]), colorSpace='rgb', contrast=1.0, depth=0.0, draggable=False, flipHoriz=False, flipVert=False, font='Arial', fontFiles=[], height=0.1, italic=False, languageStyle='LTR', name='text', opacity=1, ori=0, pos=array([0., 0.]), rgb=UNKNOWN, text='', units='norm', win=Window(...), wrapWidth=1)
5.1130 	EXP 	Created text_2 = TextStim(__class__=<class 'psychopy.visual.text.TextStim'>, alignHoriz=method-wrapper(...), alignText='center', alignVert=method-wrapper(...), anchorHoriz='center', anchorVert='center', antialias=True, autoDraw=False, autoLog=True, bold=False, color=array([-1., -1.,  1.]), colorSpace='rgb', contrast=1.0, depth=0.0, draggable=False, flipHoriz=False, flipVert=False, font='Arial', fontFiles=[], height=0.3, italic=False, languageStyle='LTR', name='text_2', opacity=1, ori=0, pos=array([0., 0.]), rgb=UNKNOWN, text='', units='norm', win=Window(...), wrapWidth=1)
5.1149 	EXP 	Created text_3 = TextStim(__class__=<class 'psychopy.visual.text.TextStim'>, alignHoriz=method-wrapper(...), alignText='center', alignVert=method-wrapper(...), anchorHoriz='center', anchorVert='center', antialias=True, autoDraw=False, autoLog=True, bold=False, color=array([ 1., -1., -1.]), colorSpace='rgb', contrast=1.0, depth=0.0, draggable=False, flipHoriz=False, flipVert=False, font='Arial', fontFiles=[], height=0.25, italic=False, languageStyle='LTR', name='text_3', opacity=1, ori=0, pos=array([0., 0.]), rgb=UNKNOWN, text='?', units='norm', win=Window(...), wrapWidth=1)
5.1198 	EXP 	Created text_5 = TextStim(__class__=<class 'psychopy.visual.text.TextStim'>, alignHoriz=method-wrapper(...), alignText='center', alignVert=method-wrapper(...), anchorHoriz='center', anchorVert='center', antialias=True, autoDraw=False, autoLog=True, bold=False, color=array([1., 1., 1.]), colorSpace='rgb', contrast=1.0, depth=0.0, draggable=False, flipHoriz=False, flipVert=False, font='Arial', fontFiles=[], height=0.15, italic=False, languageStyle='LTR', name='text_5', opacity=1, ori=0, pos=array([0., 0.]), rgb=UNKNOWN, text=str(...), units='norm', win=Window(...), wrapWidth=1)
5.1205 	EXP 	Created text = TextStim(__class__=<class 'psychopy.visual.text.TextStim'>, alignHoriz=method-wrapper(...), alignText='center', alignVert=method-wrapper(...), anchorHoriz='center', anchorVert='center', antialias=True, autoDraw=False, autoLog=True, bold=False, color=array([1., 1., 1.]), colorSpace='rgb', contrast=1.0, depth=0.0, draggable=False, flipHoriz=False, flipVert=False, font='Arial', fontFiles=[], height=0.1, italic=False, languageStyle='LTR', name='text', opacity=1, ori=0, pos=array([0., 0.]), rgb=UNKNOWN, text='', units='norm', win=Window(...), wrapWidth=1)
5.1212 	EXP 	Created text_2 = TextStim(__class__=<class 'psychopy.visual.text.TextStim'>, alignHoriz=method-wrapper(...), alignText='center', alignVert=method-wrapper(...), anchorHoriz='center', anchorVert='center', antialias=True, autoDraw=False, autoLog=True, bold=False, color=array([-1., -1.,  1.]), colorSpace='rgb', contrast=1.0, depth=0.0, draggable=False, flipHoriz=False, flipVert=False, font='Arial', fontFiles=[], height=0.3, italic=False, languageStyle='LTR', name='text_2', opacity=1, ori=0, pos=array([0., 0.]), rgb=UNKNOWN, text='', units='norm', win=Window(...), wrapWidth=1)
5.1229 	EXP 	Created text_3 = TextStim(__class__=<class 'psychopy.visual.text.TextStim'>, alignHoriz=method-wrapper(...), alignText='center', alignVert=method-wrapper(...), anchorHoriz='center', anchorVert='center', antialias=True, autoDraw=False, autoLog=True, bold=False, color=array([ 1., -1., -1.]), colorSpace='rgb', contrast=1.0, depth=0.0, draggable=False, flipHoriz=False, flipVert=False, font='Arial', fontFiles=[], height=0.25, italic=False, languageStyle='LTR', name='text_3', opacity=1, ori=0, pos=array([0., 0.]), rgb=UNKNOWN, text='?', units='norm', win=Window(...), wrapWidth=1)
5.1276 	EXP 	Created text_5 = TextStim(__class__=<class 'psychopy.visual.text.TextStim'>, alignHoriz=method-wrapper(...), alignText='center', alignVert=method-wrapper(...), anchorHoriz='center', anchorVert='center', antialias=True, autoDraw=False, autoLog=True, bold=False, color=array([1., 1., 1.]), colorSpace='rgb', contrast=1.0, depth=0.0, draggable=False, flipHoriz=False, flipVert=False, font='Arial', fontFiles=[], height=0.15, italic=False, languageStyle='LTR', name='text_5', opacity=1, ori=0, pos=array([0., 0.]), rgb=UNKNOWN, text=str(...), units='norm', win=Window(...), wrapWidth=1)
5.1283 	EXP 	Created text = TextStim(__class__=<class 'psychopy.visual.text.TextStim'>, alignHoriz=method-wrapper(...), alignText='center', alignVert=method-wrapper(...), anchorHoriz='center', anchorVert='center', antialias=True, autoDraw=False, autoLog=True, bold=False, color=array([1., 1., 1.]), colorSpace='rgb', contrast=1.0, depth=0.0, draggable=False, flipHoriz=False, flipVert=False, font='Arial', fontFiles=[], height=0.1, italic=False, languageStyle='LTR', name='text', opacity=1, ori=0, pos=array([0., 0.]), rgb=UNKNOWN, text='', units='norm', win=Window(...), wrapWidth=1)
5.1290 	EXP 	Created text_2 = TextStim(__class__=<class 'psychopy.visual.text.TextStim'>, alignHoriz=method-wrapper(...), alignText='center', alignVert=method-wrapper(...), anchorHoriz='center', anchorVert='center', antialias=True, autoDraw=False, autoLog=True, bold=False, color=array([-1., -1.,  1.]), colorSpace='rgb', contrast=1.0, depth=0.0, draggable=False, flipHoriz=False, flipVert=False, font='Arial', fontFiles=[], height=0.3, italic=False, languageStyle='LTR', name='text_2', opacity=1, ori=0, pos=array([0., 0.]), rgb=UNKNOWN, text='', units='norm', win=Window(...), wrapWidth=1)
5.1306 	EXP 	Created text_3 = TextStim(__class__=<class 'psychopy.visual.text.TextStim'>, alignHoriz=method-wrapper(...), alignText='center', alignVert=method-wrapper(...), anchorHoriz='center', anchorVert='center', antialias=True, autoDraw=False, autoLog=True, bold=False, color=array([ 1., -1., -1.]), colorSpace='rgb', contrast=1.0, depth=0.0, draggable=False, flipHoriz=False, flipVert=False, font='Arial', fontFiles=[], height=0.25, italic=False, languageStyle='LTR', name='text_3', opacity=1, ori=0, pos=array([0., 0.]), rgb=UNKNOWN, text='?', units='norm', win=Window(...), wrapWidth=1)
5.1353 	EXP 	Created text_5 = TextStim(__class__=<class 'psychopy.visual.text.TextStim'>, alignHoriz=method-wrapper(...), alignText='center', alignVert=method-wrapper(...), anchorHoriz='center', anchorVert='center', antialias=True, autoDraw=False, autoLog=True, bold=False, color=array([1., 1., 1.]), colorSpace='rgb', contrast=1.0, depth=0.0, draggable=False, flipHoriz=False, flipVert=False, font='Arial', fontFiles=[], height=0.15, italic=False, languageStyle='LTR', name='text_5', opacity=1, ori=0, pos=array([0., 0.]), rgb=UNKNOWN, text=str(...), units='norm', win=Window(...), wrapWidth=1)
5.1361 	EXP 	Created text = TextStim(__class__=<class 'psychopy.visual.text.TextStim'>, alignHoriz=method-wrapper(...), alignText='center', alignVert=method-wrapper(...), anchorHoriz='center', anchorVert='center', antialias=True, autoDraw=False, autoLog=True, bold=False, color=array([1., 1., 1.]), colorSpace='rgb', contrast=1.0, depth=0.0, draggable=False, flipHoriz=False, flipVert=False, font='Arial', fontFiles=[], height=0.1, italic=False, languageStyle='LTR', name='text', opacity=1, ori=0, pos=array([0., 0.]), rgb=UNKNOWN, text='', units='norm', win=Window(...), wrapWidth=1)
5.1368 	EXP 	Created text_2 = TextStim(__class__=<class 'psychopy.visual.text.TextStim'>, alignHoriz=method-wrapper(...), alignText='center', alignVert=method-wrapper(...), anchorHoriz='center', anchorVert='center', antialias=True, autoDraw=False, autoLog=True, bold=False, color=array([-1., -1.,  1.]), colorSpace='rgb', contrast=1.0, depth=0.0, draggable=False, flipHoriz=False, flipVert=False, font='Arial', fontFiles=[], height=0.3, italic=False, languageStyle='LTR', name='text_2', opacity=1, ori=0, pos=array([0., 0.]), rgb=UNKNOWN, text='', units='norm', win=Window(...), wrapWidth=1)
5.1384 	EXP 	Created text_3 = TextStim(__class__=<class 'psychopy.visual.text.TextStim'>, alignHoriz=method-wrapper(...), alignText='center', alignVert=method-wrapper(...), anchorHoriz='center', anchorVert='center', antialias=True, autoDraw=False, autoLog=True, bold=False, color=array([ 1., -1., -1.]), colorSpace='rgb', contrast=1.0, depth=0.0, draggable=False, flipHoriz=False, flipVert=False, font='Arial', fontFiles=[], height=0.25, italic=False, languageStyle='LTR', name='text_3', opacity=1, ori=0, pos=array([0., 0.]), rgb=UNKNOWN, text='?', units='norm', win=Window(...), wrapWidth=1)
5.1431 	EXP 	Created text_5 = TextStim(__class__=<class 'psychopy.visual.text.TextStim'>, alignHoriz=method-wrapper(...), alignText='center', alignVert=method-wrapper(...), anchorHoriz='center', anchorVert='center', antialias=True, autoDraw=False, autoLog=True, bold=False, color=array([1., 1., 1.]), colorSpace='rgb', contrast=1.0, depth=0.0, draggable=False, flipHoriz=False, flipVert=False, font='Arial', fontFiles=[], height=0.15, italic=False, languageStyle='LTR', name='text_5', opacity=1, ori=0, pos=array([0., 0.]), rgb=UNKNOWN, text=str(...), units='norm', win=Window(...), wrapWidth=1)
5.1439 	EXP 	Created text = TextStim(__class__=<class 'psychopy.visual.text.TextStim'>, alignHoriz=method-wrapper(...), alignText='center', alignVert=method-wrapper(...), anchorHoriz='center', anchorVert='center', antialias=True, autoDraw=False, autoLog=True, bold=False, color=array([1., 1., 1.]), colorSpace='rgb', contrast=1.0, depth=0.0, draggable=False, flipHoriz=False, flipVert=False, font='Arial', fontFiles=[], height=0.1, italic=False, languageStyle='LTR', name='text', opacity=1, ori=0, pos=array([0., 0.]), rgb=UNKNOWN, text='', units='norm', win=Window(...), wrapWidth=1)
5.1446 	EXP 	Created text_2 = TextStim(__class__=<class 'psychopy.visual.text.TextStim'>, alignHoriz=method-wrapper(...), alignText='center', alignVert=method-wrapper(...), anchorHoriz='center', anchorVert='center', antialias=True, autoDraw=False, autoLog=True, bold=False, color=array([-1., -1.,  1.]), colorSpace='rgb', contrast=1.0, depth=0.0, draggable=False, flipHoriz=False, flipVert=False, font='Arial', fontFiles=[], height=0.3, italic=False, languageStyle='LTR', name='text_2', opacity=1, ori=0, pos=array([0., 0.]), rgb=UNKNOWN, text='', units='norm', win=Window(...), wrapWidth=1)
5.1462 	EXP 	Created text_3 = TextStim(__class__=<class 'psychopy.visual.text.TextStim'>, alignHoriz=method-wrapper(...), alignText='center', alignVert=method-wrapper(...), anchorHoriz='center', anchorVert='center', antialias=True, autoDraw=False, autoLog=True, bold=False, color=array([ 1., -1., -1.]), colorSpace='rgb', contrast=1.0, depth=0.0, draggable=False, flipHoriz=False, flipVert=False, font='Arial', fontFiles=[], height=0.25, italic=False, languageStyle='LTR', name='text_3', opacity=1, ori=0, pos=array([0., 0.]), rgb=UNKNOWN, text='?', units='norm', win=Window(...), wrapWidth=1)
0.0295 	EXP 	New trial (rep=0, index=0): <Trial 0 (0 in rep 0) data={'thisN': 0, 'thisTrialN': 0, 'thisRepN': 0}>
2.2762 	EXP 	Sound  reached end of file
2.2763 	EXP 	Sound  started
2.2891 	EXP 	nback_inst: autoDraw = True
2.7748 	INFO 	Keyboard events cleared
8.9191 	DATA 	Keypress: escape
8.9251 	EXP 	OperationSpanTask: status = STOPPED
8.9272 	EXP 	nback_inst: autoDraw = False
8.9291 	EXP 	OperationSpanTask: status = STOPPED
8.9313 	INFO 	saved data to '/Users/liuhaojie/Desktop/ospan_副本/ospan_with_sound/data/123_OperationSpanTask_2025-05-13_15h32.11.237.csv'
8.9317 	INFO 	saved data to /Users/liuhaojie/Desktop/ospan_副本/ospan_with_sound/data/123_OperationSpanTask_2025-05-13_15h32.11.237.psydat
9.0826 	DEBUG 	Saving data for OperationSpanTask ExperimentHandler
9.0851 	WARNING 	Stopping key buffers but this could be dangerous ifother keyboards rely on the same.
9.0852 	WARNING 	Stopping key buffers but this could be dangerous ifother keyboards rely on the same.
9.0852 	WARNING 	Stopping key buffers but this could be dangerous ifother keyboards rely on the same.
9.0852 	WARNING 	Stopping key buffers but this could be dangerous ifother keyboards rely on the same.
9.0852 	WARNING 	Stopping key buffers but this could be dangerous ifother keyboards rely on the same.
9.0852 	WARNING 	Stopping key buffers but this could be dangerous ifother keyboards rely on the same.
9.0852 	WARNING 	Stopping key buffers but this could be dangerous ifother keyboards rely on the same.
