12.1458 	WARNING 	User requested fullscreen with size [1024  768], but screen is actually [1920, 1080]. Using actual size
12.7943 	EXP 	Created window1 = Window(allowGUI=False, allowStencil=False, autoLog=True, backendConf=UNKNOWN, backgroundFit=<method-wrapper '__getattribute__' of attributeSetter object at 0x000001CFAE7FB6D0>, backgroundImage=<method-wrapper '__getattribute__' of attributeSetter object at 0x000001CFAE7FB730>, bitsMode=UNKNOWN, blendMode='avg', bpc=(8, 8, 8), color=array([0, 0, 0]), colorSpace='rgb', depthBits=8, fullscr=True, gamma=None, gammaErrorPolicy='raise', infoMsg=UNKNOWN, lms=UNKNOWN, monitor=<psychopy.monitors.calibTools.Monitor object at 0x000001CFAE8B0280>, multiSample=False, name='window1', numSamples=2, pos=[0.0, 0.0], screen=0, size=array([1920, 1080]), stencilBits=0, stereo=False, title='PsychoPy', units='norm', useFBO=True, useRetina=False, viewOri=0.0, viewPos=None, viewScale=None, waitBlanking=True, winType='pyglet')
12.7944 	EXP 	window1: backgroundImage = ''
12.7944 	EXP 	window1: backgroundFit = 'none'
12.9283 	EXP 	window1: Attempting to measure frame rate of screen (0) ...
12.9283 	EXP 	window1: recordFrameIntervals = False
13.1636 	EXP 	window1: recordFrameIntervals = True
13.3471 	EXP 	Screen (0) actual frame rate measured at 60.27Hz
13.3472 	EXP 	window1: recordFrameIntervals = False
18.0291 	EXP 	OperationSpanTask: status = STARTED
18.2102 	EXP 	Created inst_text = TextStim(__class__=<class 'psychopy.visual.text.TextStim'>, alignHoriz=method-wrapper(...), alignText='center', alignVert=method-wrapper(...), anchorHoriz='center', anchorVert='center', antialias=True, autoDraw=False, autoLog=True, bold=False, color=array([1., 1., 1.]), colorSpace='rgb', contrast=1.0, depth=0.0, draggable=False, flipHoriz=False, flipVert=False, font='Arial', fontFiles=[], height=0.07, italic=False, languageStyle='LTR', name='inst_text', opacity=1, ori=0, pos=array([0., 0.]), rgb=UNKNOWN, text=str(...), units='norm', win=Window(...), wrapWidth=1)
18.2252 	EXP 	Created text_6 = TextStim(__class__=<class 'psychopy.visual.text.TextStim'>, alignHoriz=method-wrapper(...), alignText='center', alignVert=method-wrapper(...), anchorHoriz='center', anchorVert='center', antialias=True, autoDraw=False, autoLog=True, bold=False, color=array([1., 1., 1.]), colorSpace='rgb', contrast=1.0, depth=0.0, draggable=False, flipHoriz=False, flipVert=False, font='Arial', fontFiles=[], height=0.15, italic=False, languageStyle='LTR', name='text_6', opacity=1, ori=0, pos=array([0., 0.]), rgb=UNKNOWN, text='This is a practice trial', units='norm', win=Window(...), wrapWidth=1)
18.2271 	EXP 	Created text = TextStim(__class__=<class 'psychopy.visual.text.TextStim'>, alignHoriz=method-wrapper(...), alignText='center', alignVert=method-wrapper(...), anchorHoriz='center', anchorVert='center', antialias=True, autoDraw=False, autoLog=True, bold=False, color=array([1., 1., 1.]), colorSpace='rgb', contrast=1.0, depth=0.0, draggable=False, flipHoriz=False, flipVert=False, font='Arial', fontFiles=[], height=0.1, italic=False, languageStyle='LTR', name='text', opacity=1, ori=0, pos=array([0., 0.]), rgb=UNKNOWN, text='', units='norm', win=Window(...), wrapWidth=1)
18.2295 	EXP 	Created text_2 = TextStim(__class__=<class 'psychopy.visual.text.TextStim'>, alignHoriz=method-wrapper(...), alignText='center', alignVert=method-wrapper(...), anchorHoriz='center', anchorVert='center', antialias=True, autoDraw=False, autoLog=True, bold=False, color=array([-1., -1.,  1.]), colorSpace='rgb', contrast=1.0, depth=0.0, draggable=False, flipHoriz=False, flipVert=False, font='Arial', fontFiles=[], height=0.3, italic=False, languageStyle='LTR', name='text_2', opacity=1, ori=0, pos=array([0., 0.]), rgb=UNKNOWN, text='', units='norm', win=Window(...), wrapWidth=1)
18.2381 	EXP 	Created text_3 = TextStim(__class__=<class 'psychopy.visual.text.TextStim'>, alignHoriz=method-wrapper(...), alignText='center', alignVert=method-wrapper(...), anchorHoriz='center', anchorVert='center', antialias=True, autoDraw=False, autoLog=True, bold=False, color=array([ 1., -1., -1.]), colorSpace='rgb', contrast=1.0, depth=0.0, draggable=False, flipHoriz=False, flipVert=False, font='Arial', fontFiles=[], height=0.25, italic=False, languageStyle='LTR', name='text_3', opacity=1, ori=0, pos=array([0., 0.]), rgb=UNKNOWN, text='?', units='norm', win=Window(...), wrapWidth=1)
18.2763 	EXP 	Created text_5 = TextStim(__class__=<class 'psychopy.visual.text.TextStim'>, alignHoriz=method-wrapper(...), alignText='center', alignVert=method-wrapper(...), anchorHoriz='center', anchorVert='center', antialias=True, autoDraw=False, autoLog=True, bold=False, color=array([1., 1., 1.]), colorSpace='rgb', contrast=1.0, depth=0.0, draggable=False, flipHoriz=False, flipVert=False, font='Arial', fontFiles=[], height=0.15, italic=False, languageStyle='LTR', name='text_5', opacity=1, ori=0, pos=array([0., 0.]), rgb=UNKNOWN, text=str(...), units='norm', win=Window(...), wrapWidth=1)
18.2783 	EXP 	Created text = TextStim(__class__=<class 'psychopy.visual.text.TextStim'>, alignHoriz=method-wrapper(...), alignText='center', alignVert=method-wrapper(...), anchorHoriz='center', anchorVert='center', antialias=True, autoDraw=False, autoLog=True, bold=False, color=array([1., 1., 1.]), colorSpace='rgb', contrast=1.0, depth=0.0, draggable=False, flipHoriz=False, flipVert=False, font='Arial', fontFiles=[], height=0.1, italic=False, languageStyle='LTR', name='text', opacity=1, ori=0, pos=array([0., 0.]), rgb=UNKNOWN, text='', units='norm', win=Window(...), wrapWidth=1)
18.2810 	EXP 	Created text_2 = TextStim(__class__=<class 'psychopy.visual.text.TextStim'>, alignHoriz=method-wrapper(...), alignText='center', alignVert=method-wrapper(...), anchorHoriz='center', anchorVert='center', antialias=True, autoDraw=False, autoLog=True, bold=False, color=array([-1., -1.,  1.]), colorSpace='rgb', contrast=1.0, depth=0.0, draggable=False, flipHoriz=False, flipVert=False, font='Arial', fontFiles=[], height=0.3, italic=False, languageStyle='LTR', name='text_2', opacity=1, ori=0, pos=array([0., 0.]), rgb=UNKNOWN, text='', units='norm', win=Window(...), wrapWidth=1)
18.2847 	EXP 	Created text_3 = TextStim(__class__=<class 'psychopy.visual.text.TextStim'>, alignHoriz=method-wrapper(...), alignText='center', alignVert=method-wrapper(...), anchorHoriz='center', anchorVert='center', antialias=True, autoDraw=False, autoLog=True, bold=False, color=array([ 1., -1., -1.]), colorSpace='rgb', contrast=1.0, depth=0.0, draggable=False, flipHoriz=False, flipVert=False, font='Arial', fontFiles=[], height=0.25, italic=False, languageStyle='LTR', name='text_3', opacity=1, ori=0, pos=array([0., 0.]), rgb=UNKNOWN, text='?', units='norm', win=Window(...), wrapWidth=1)
18.2988 	EXP 	Created text_5 = TextStim(__class__=<class 'psychopy.visual.text.TextStim'>, alignHoriz=method-wrapper(...), alignText='center', alignVert=method-wrapper(...), anchorHoriz='center', anchorVert='center', antialias=True, autoDraw=False, autoLog=True, bold=False, color=array([1., 1., 1.]), colorSpace='rgb', contrast=1.0, depth=0.0, draggable=False, flipHoriz=False, flipVert=False, font='Arial', fontFiles=[], height=0.15, italic=False, languageStyle='LTR', name='text_5', opacity=1, ori=0, pos=array([0., 0.]), rgb=UNKNOWN, text=str(...), units='norm', win=Window(...), wrapWidth=1)
18.3002 	EXP 	Created text = TextStim(__class__=<class 'psychopy.visual.text.TextStim'>, alignHoriz=method-wrapper(...), alignText='center', alignVert=method-wrapper(...), anchorHoriz='center', anchorVert='center', antialias=True, autoDraw=False, autoLog=True, bold=False, color=array([1., 1., 1.]), colorSpace='rgb', contrast=1.0, depth=0.0, draggable=False, flipHoriz=False, flipVert=False, font='Arial', fontFiles=[], height=0.1, italic=False, languageStyle='LTR', name='text', opacity=1, ori=0, pos=array([0., 0.]), rgb=UNKNOWN, text='', units='norm', win=Window(...), wrapWidth=1)
18.3016 	EXP 	Created text_2 = TextStim(__class__=<class 'psychopy.visual.text.TextStim'>, alignHoriz=method-wrapper(...), alignText='center', alignVert=method-wrapper(...), anchorHoriz='center', anchorVert='center', antialias=True, autoDraw=False, autoLog=True, bold=False, color=array([-1., -1.,  1.]), colorSpace='rgb', contrast=1.0, depth=0.0, draggable=False, flipHoriz=False, flipVert=False, font='Arial', fontFiles=[], height=0.3, italic=False, languageStyle='LTR', name='text_2', opacity=1, ori=0, pos=array([0., 0.]), rgb=UNKNOWN, text='', units='norm', win=Window(...), wrapWidth=1)
18.3055 	EXP 	Created text_3 = TextStim(__class__=<class 'psychopy.visual.text.TextStim'>, alignHoriz=method-wrapper(...), alignText='center', alignVert=method-wrapper(...), anchorHoriz='center', anchorVert='center', antialias=True, autoDraw=False, autoLog=True, bold=False, color=array([ 1., -1., -1.]), colorSpace='rgb', contrast=1.0, depth=0.0, draggable=False, flipHoriz=False, flipVert=False, font='Arial', fontFiles=[], height=0.25, italic=False, languageStyle='LTR', name='text_3', opacity=1, ori=0, pos=array([0., 0.]), rgb=UNKNOWN, text='?', units='norm', win=Window(...), wrapWidth=1)
18.3186 	EXP 	Created text_5 = TextStim(__class__=<class 'psychopy.visual.text.TextStim'>, alignHoriz=method-wrapper(...), alignText='center', alignVert=method-wrapper(...), anchorHoriz='center', anchorVert='center', antialias=True, autoDraw=False, autoLog=True, bold=False, color=array([1., 1., 1.]), colorSpace='rgb', contrast=1.0, depth=0.0, draggable=False, flipHoriz=False, flipVert=False, font='Arial', fontFiles=[], height=0.15, italic=False, languageStyle='LTR', name='text_5', opacity=1, ori=0, pos=array([0., 0.]), rgb=UNKNOWN, text=str(...), units='norm', win=Window(...), wrapWidth=1)
18.3200 	EXP 	Created text = TextStim(__class__=<class 'psychopy.visual.text.TextStim'>, alignHoriz=method-wrapper(...), alignText='center', alignVert=method-wrapper(...), anchorHoriz='center', anchorVert='center', antialias=True, autoDraw=False, autoLog=True, bold=False, color=array([1., 1., 1.]), colorSpace='rgb', contrast=1.0, depth=0.0, draggable=False, flipHoriz=False, flipVert=False, font='Arial', fontFiles=[], height=0.1, italic=False, languageStyle='LTR', name='text', opacity=1, ori=0, pos=array([0., 0.]), rgb=UNKNOWN, text='', units='norm', win=Window(...), wrapWidth=1)
18.3214 	EXP 	Created text_2 = TextStim(__class__=<class 'psychopy.visual.text.TextStim'>, alignHoriz=method-wrapper(...), alignText='center', alignVert=method-wrapper(...), anchorHoriz='center', anchorVert='center', antialias=True, autoDraw=False, autoLog=True, bold=False, color=array([-1., -1.,  1.]), colorSpace='rgb', contrast=1.0, depth=0.0, draggable=False, flipHoriz=False, flipVert=False, font='Arial', fontFiles=[], height=0.3, italic=False, languageStyle='LTR', name='text_2', opacity=1, ori=0, pos=array([0., 0.]), rgb=UNKNOWN, text='', units='norm', win=Window(...), wrapWidth=1)
18.3250 	EXP 	Created text_3 = TextStim(__class__=<class 'psychopy.visual.text.TextStim'>, alignHoriz=method-wrapper(...), alignText='center', alignVert=method-wrapper(...), anchorHoriz='center', anchorVert='center', antialias=True, autoDraw=False, autoLog=True, bold=False, color=array([ 1., -1., -1.]), colorSpace='rgb', contrast=1.0, depth=0.0, draggable=False, flipHoriz=False, flipVert=False, font='Arial', fontFiles=[], height=0.25, italic=False, languageStyle='LTR', name='text_3', opacity=1, ori=0, pos=array([0., 0.]), rgb=UNKNOWN, text='?', units='norm', win=Window(...), wrapWidth=1)
18.3392 	EXP 	Created text_5 = TextStim(__class__=<class 'psychopy.visual.text.TextStim'>, alignHoriz=method-wrapper(...), alignText='center', alignVert=method-wrapper(...), anchorHoriz='center', anchorVert='center', antialias=True, autoDraw=False, autoLog=True, bold=False, color=array([1., 1., 1.]), colorSpace='rgb', contrast=1.0, depth=0.0, draggable=False, flipHoriz=False, flipVert=False, font='Arial', fontFiles=[], height=0.15, italic=False, languageStyle='LTR', name='text_5', opacity=1, ori=0, pos=array([0., 0.]), rgb=UNKNOWN, text=str(...), units='norm', win=Window(...), wrapWidth=1)
18.3407 	EXP 	Created text = TextStim(__class__=<class 'psychopy.visual.text.TextStim'>, alignHoriz=method-wrapper(...), alignText='center', alignVert=method-wrapper(...), anchorHoriz='center', anchorVert='center', antialias=True, autoDraw=False, autoLog=True, bold=False, color=array([1., 1., 1.]), colorSpace='rgb', contrast=1.0, depth=0.0, draggable=False, flipHoriz=False, flipVert=False, font='Arial', fontFiles=[], height=0.1, italic=False, languageStyle='LTR', name='text', opacity=1, ori=0, pos=array([0., 0.]), rgb=UNKNOWN, text='', units='norm', win=Window(...), wrapWidth=1)
18.3421 	EXP 	Created text_2 = TextStim(__class__=<class 'psychopy.visual.text.TextStim'>, alignHoriz=method-wrapper(...), alignText='center', alignVert=method-wrapper(...), anchorHoriz='center', anchorVert='center', antialias=True, autoDraw=False, autoLog=True, bold=False, color=array([-1., -1.,  1.]), colorSpace='rgb', contrast=1.0, depth=0.0, draggable=False, flipHoriz=False, flipVert=False, font='Arial', fontFiles=[], height=0.3, italic=False, languageStyle='LTR', name='text_2', opacity=1, ori=0, pos=array([0., 0.]), rgb=UNKNOWN, text='', units='norm', win=Window(...), wrapWidth=1)
18.3466 	EXP 	Created text_3 = TextStim(__class__=<class 'psychopy.visual.text.TextStim'>, alignHoriz=method-wrapper(...), alignText='center', alignVert=method-wrapper(...), anchorHoriz='center', anchorVert='center', antialias=True, autoDraw=False, autoLog=True, bold=False, color=array([ 1., -1., -1.]), colorSpace='rgb', contrast=1.0, depth=0.0, draggable=False, flipHoriz=False, flipVert=False, font='Arial', fontFiles=[], height=0.25, italic=False, languageStyle='LTR', name='text_3', opacity=1, ori=0, pos=array([0., 0.]), rgb=UNKNOWN, text='?', units='norm', win=Window(...), wrapWidth=1)
18.3580 	EXP 	Created text_5 = TextStim(__class__=<class 'psychopy.visual.text.TextStim'>, alignHoriz=method-wrapper(...), alignText='center', alignVert=method-wrapper(...), anchorHoriz='center', anchorVert='center', antialias=True, autoDraw=False, autoLog=True, bold=False, color=array([1., 1., 1.]), colorSpace='rgb', contrast=1.0, depth=0.0, draggable=False, flipHoriz=False, flipVert=False, font='Arial', fontFiles=[], height=0.15, italic=False, languageStyle='LTR', name='text_5', opacity=1, ori=0, pos=array([0., 0.]), rgb=UNKNOWN, text=str(...), units='norm', win=Window(...), wrapWidth=1)
18.3595 	EXP 	Created text = TextStim(__class__=<class 'psychopy.visual.text.TextStim'>, alignHoriz=method-wrapper(...), alignText='center', alignVert=method-wrapper(...), anchorHoriz='center', anchorVert='center', antialias=True, autoDraw=False, autoLog=True, bold=False, color=array([1., 1., 1.]), colorSpace='rgb', contrast=1.0, depth=0.0, draggable=False, flipHoriz=False, flipVert=False, font='Arial', fontFiles=[], height=0.1, italic=False, languageStyle='LTR', name='text', opacity=1, ori=0, pos=array([0., 0.]), rgb=UNKNOWN, text='', units='norm', win=Window(...), wrapWidth=1)
18.3607 	EXP 	Created text_2 = TextStim(__class__=<class 'psychopy.visual.text.TextStim'>, alignHoriz=method-wrapper(...), alignText='center', alignVert=method-wrapper(...), anchorHoriz='center', anchorVert='center', antialias=True, autoDraw=False, autoLog=True, bold=False, color=array([-1., -1.,  1.]), colorSpace='rgb', contrast=1.0, depth=0.0, draggable=False, flipHoriz=False, flipVert=False, font='Arial', fontFiles=[], height=0.3, italic=False, languageStyle='LTR', name='text_2', opacity=1, ori=0, pos=array([0., 0.]), rgb=UNKNOWN, text='', units='norm', win=Window(...), wrapWidth=1)
18.3656 	EXP 	Created text_3 = TextStim(__class__=<class 'psychopy.visual.text.TextStim'>, alignHoriz=method-wrapper(...), alignText='center', alignVert=method-wrapper(...), anchorHoriz='center', anchorVert='center', antialias=True, autoDraw=False, autoLog=True, bold=False, color=array([ 1., -1., -1.]), colorSpace='rgb', contrast=1.0, depth=0.0, draggable=False, flipHoriz=False, flipVert=False, font='Arial', fontFiles=[], height=0.25, italic=False, languageStyle='LTR', name='text_3', opacity=1, ori=0, pos=array([0., 0.]), rgb=UNKNOWN, text='?', units='norm', win=Window(...), wrapWidth=1)
0.0220 	EXP 	inst_text: autoDraw = True
36.1808 	DATA 	Keypress: rwindows
39.2302 	DATA 	Mouse: Left button down, pos=(1142,695)
39.3470 	DATA 	Mouse:  Left button up, pos=(1142,695)
40.2166 	DATA 	Keypress: space
40.2473 	EXP 	Imported Block.xlsx as conditions, 2 conditions, 1 params
40.2479 	EXP 	New trial (rep=0, index=0): <Trial 0 (0 in rep 0) data={'selectblock': 'Block1.xlsx', 'thisN': 0, 'thisTrialN': 0, 'thisRepN': 0}>
40.2610 	EXP 	inst_text: autoDraw = False
40.2610 	EXP 	text_6: autoDraw = True
42.2744 	EXP 	Imported Block1.xlsx as conditions, 2 conditions, 6 params
42.2750 	EXP 	New trial (rep=0, index=0): <Trial 0 (0 in rep 0) data={'Type': 'Operation', 'Span': 'Example', 'Stimulus': '( 3 - 1 ) × 2 = 4', 'Response': 'right', 'Letter': 'D', 'corrResp': None, 'thisN': 0, 'thisTrialN': 0, 'thisRepN': 0}>
42.3079 	EXP 	text_6: autoDraw = False
42.3079 	EXP 	text: height = 0.1
42.3079 	EXP 	text: height = 0.1
42.3079 	EXP 	text: height = 0.1
42.3079 	EXP 	text: text = '( 3 - 1 ) × 2 = 4'
42.5327 	EXP 	text: autoDraw = True
45.7661 	DATA 	Keypress: right
45.7747 	EXP 	text: autoDraw = False
45.7747 	EXP 	text_2: height = 0.3
45.7747 	EXP 	text_2: height = 0.3
45.7747 	EXP 	text_2: height = 0.3
45.7747 	EXP 	text_2: text = 'D'
45.7747 	EXP 	text_2: autoDraw = True
46.7697 	EXP 	New trial (rep=0, index=1): <Trial 1 (1 in rep 0) data={'Type': 'Operation', 'Span': 'Example', 'Stimulus': '( 3 + 6 ) × 2 = 16', 'Response': 'left', 'Letter': 'T', 'corrResp': ['d', 't'], 'thisN': 1, 'thisTrialN': 1, 'thisRepN': 0}>
46.7939 	EXP 	text_2: autoDraw = False
46.7939 	EXP 	text: height = 0.1
46.7939 	EXP 	text: height = 0.1
46.7939 	EXP 	text: height = 0.1
46.7939 	EXP 	text: text = '( 3 + 6 ) × 2 = 16'
47.0532 	EXP 	text: autoDraw = True
49.4712 	DATA 	Keypress: left
49.4805 	EXP 	text: autoDraw = False
49.4805 	EXP 	text_2: height = 0.3
49.4805 	EXP 	text_2: height = 0.3
49.4805 	EXP 	text_2: height = 0.3
49.4805 	EXP 	text_2: text = 'T'
49.4805 	EXP 	text_2: autoDraw = True
50.4910 	EXP 	text_2: autoDraw = False
50.4910 	EXP 	text_3: autoDraw = True
53.1785 	DATA 	Keypress: d
53.9785 	DATA 	Keypress: t
57.7316 	EXP 	New trial (rep=0, index=1): <Trial 1 (1 in rep 0) data={'selectblock': 'Block2.xlsx', 'thisN': 1, 'thisTrialN': 1, 'thisRepN': 0}>
57.7329 	DATA 	Keypress: space
57.7463 	EXP 	text_3: autoDraw = False
57.7463 	EXP 	text_6: autoDraw = True
59.7512 	EXP 	Imported Block2.xlsx as conditions, 2 conditions, 6 params
59.7516 	EXP 	New trial (rep=0, index=0): <Trial 0 (0 in rep 0) data={'Type': 'Operation', 'Span': 'Example', 'Stimulus': '( 5 - 2 ) × 2 = 3', 'Response': 'left', 'Letter': 'R', 'corrResp': None, 'thisN': 0, 'thisTrialN': 0, 'thisRepN': 0}>
59.7682 	EXP 	text_6: autoDraw = False
59.7682 	EXP 	text: height = 0.1
59.7682 	EXP 	text: height = 0.1
59.7682 	EXP 	text: height = 0.1
59.7682 	EXP 	text: text = '( 5 - 2 ) × 2 = 3'
60.0324 	EXP 	text: autoDraw = True
62.5154 	DATA 	Keypress: left
62.5245 	EXP 	text: autoDraw = False
62.5245 	EXP 	text_2: height = 0.3
62.5245 	EXP 	text_2: height = 0.3
62.5245 	EXP 	text_2: height = 0.3
62.5245 	EXP 	text_2: text = 'R'
62.5245 	EXP 	text_2: autoDraw = True
63.5192 	EXP 	New trial (rep=0, index=1): <Trial 1 (1 in rep 0) data={'Type': 'Operation', 'Span': 'Example', 'Stimulus': '( 4 + 1 ) × 1 = 5', 'Response': 'right', 'Letter': 'V', 'corrResp': ['r', 'v'], 'thisN': 1, 'thisTrialN': 1, 'thisRepN': 0}>
63.5361 	EXP 	text_2: autoDraw = False
63.5361 	EXP 	text: height = 0.1
63.5361 	EXP 	text: height = 0.1
63.5361 	EXP 	text: height = 0.1
63.5361 	EXP 	text: text = '( 4 + 1 ) × 1 = 5'
63.8026 	EXP 	text: autoDraw = True
65.7494 	DATA 	Keypress: right
65.7580 	EXP 	text: autoDraw = False
65.7580 	EXP 	text_2: height = 0.3
65.7580 	EXP 	text_2: height = 0.3
65.7580 	EXP 	text_2: height = 0.3
65.7580 	EXP 	text_2: text = 'V'
65.7580 	EXP 	text_2: autoDraw = True
66.7720 	EXP 	text_2: autoDraw = False
66.7720 	EXP 	text_3: autoDraw = True
68.1762 	DATA 	Keypress: r
68.5933 	DATA 	Keypress: v
68.9343 	EXP 	Imported Block.xlsx as conditions, 3 conditions, 1 params
68.9346 	EXP 	New trial (rep=0, index=0): <Trial 0 (0 in rep 0) data={'selectblock': 'Block1.xlsx', 'thisN': 0, 'thisTrialN': 0, 'thisRepN': 0}>
68.9375 	DATA 	Keypress: space
68.9470 	EXP 	text_3: autoDraw = False
68.9470 	EXP 	text_5: autoDraw = True
71.4399 	EXP 	Imported Block1.xlsx as conditions, 2 conditions, 6 params
71.4402 	EXP 	New trial (rep=0, index=0): <Trial 0 (0 in rep 0) data={'Type': 'Operation', 'Span': 2, 'Stimulus': '( 4 - 1 ) × 1 = 6', 'Response': 'left', 'Letter': 'S', 'corrResp': None, 'thisN': 0, 'thisTrialN': 0, 'thisRepN': 0}>
71.4534 	EXP 	text_5: autoDraw = False
71.4534 	EXP 	text: height = 0.1
71.4534 	EXP 	text: height = 0.1
71.4534 	EXP 	text: height = 0.1
71.4534 	EXP 	text: text = '( 4 - 1 ) × 1 = 6'
71.7271 	EXP 	text: autoDraw = True
73.7737 	DATA 	Keypress: left
73.7823 	EXP 	text: autoDraw = False
73.7823 	EXP 	text_2: height = 0.3
73.7823 	EXP 	text_2: height = 0.3
73.7823 	EXP 	text_2: height = 0.3
73.7823 	EXP 	text_2: text = 'S'
73.7823 	EXP 	text_2: autoDraw = True
74.7808 	EXP 	New trial (rep=0, index=1): <Trial 1 (1 in rep 0) data={'Type': 'Operation', 'Span': 2, 'Stimulus': '( 3 + 1 ) × 3 = 12', 'Response': 'right', 'Letter': 'B', 'corrResp': ['s', 'b'], 'thisN': 1, 'thisTrialN': 1, 'thisRepN': 0}>
74.7974 	EXP 	text_2: autoDraw = False
74.7974 	EXP 	text: height = 0.1
74.7974 	EXP 	text: height = 0.1
74.7974 	EXP 	text: height = 0.1
74.7974 	EXP 	text: text = '( 3 + 1 ) × 3 = 12'
75.0639 	EXP 	text: autoDraw = True
77.0751 	DATA 	Keypress: right
77.0853 	EXP 	text: autoDraw = False
77.0853 	EXP 	text_2: height = 0.3
77.0853 	EXP 	text_2: height = 0.3
77.0853 	EXP 	text_2: height = 0.3
77.0853 	EXP 	text_2: text = 'B'
77.0853 	EXP 	text_2: autoDraw = True
78.1002 	EXP 	text_2: autoDraw = False
78.1002 	EXP 	text_3: autoDraw = True
79.4377 	DATA 	Keypress: s
79.8211 	DATA 	Keypress: b
80.1042 	EXP 	New trial (rep=0, index=1): <Trial 1 (1 in rep 0) data={'selectblock': 'Block2.xlsx', 'thisN': 1, 'thisTrialN': 1, 'thisRepN': 0}>
80.1056 	DATA 	Keypress: space
80.1190 	EXP 	text_3: autoDraw = False
80.1190 	EXP 	text_5: autoDraw = True
82.6183 	EXP 	Imported Block2.xlsx as conditions, 2 conditions, 6 params
82.6186 	EXP 	New trial (rep=0, index=0): <Trial 0 (0 in rep 0) data={'Type': 'Operation', 'Span': 2, 'Stimulus': '( 4 - 2 ) × 2 = 6', 'Response': 'left', 'Letter': 'T', 'corrResp': None, 'thisN': 0, 'thisTrialN': 0, 'thisRepN': 0}>
82.6312 	EXP 	text_5: autoDraw = False
82.6312 	EXP 	text: height = 0.1
82.6312 	EXP 	text: height = 0.1
82.6312 	EXP 	text: height = 0.1
82.6312 	EXP 	text: text = '( 4 - 2 ) × 2 = 6'
82.9054 	EXP 	text: autoDraw = True
85.1624 	DATA 	Keypress: left
85.1748 	EXP 	text: autoDraw = False
85.1748 	EXP 	text_2: height = 0.3
85.1748 	EXP 	text_2: height = 0.3
85.1748 	EXP 	text_2: height = 0.3
85.1748 	EXP 	text_2: text = 'T'
85.1748 	EXP 	text_2: autoDraw = True
86.1589 	EXP 	New trial (rep=0, index=1): <Trial 1 (1 in rep 0) data={'Type': 'Operation', 'Span': 2, 'Stimulus': '( 4 - 1 ) × 4 = 12', 'Response': 'right', 'Letter': 'N', 'corrResp': ['t', 'n'], 'thisN': 1, 'thisTrialN': 1, 'thisRepN': 0}>
86.1754 	EXP 	text_2: autoDraw = False
86.1754 	EXP 	text_2: autoDraw = False
86.1754 	EXP 	text: height = 0.1
86.1754 	EXP 	text: height = 0.1
86.1754 	EXP 	text: height = 0.1
86.1754 	EXP 	text: text = '( 4 - 1 ) × 4 = 12'
86.4588 	EXP 	text: autoDraw = True
88.4211 	DATA 	Keypress: right
88.4302 	EXP 	text: autoDraw = False
88.4302 	EXP 	text_2: height = 0.3
88.4302 	EXP 	text_2: height = 0.3
88.4302 	EXP 	text_2: height = 0.3
88.4302 	EXP 	text_2: text = 'N'
88.4302 	EXP 	text_2: autoDraw = True
89.4449 	EXP 	text_2: autoDraw = False
89.4449 	EXP 	text_3: autoDraw = True
90.7486 	DATA 	Keypress: t
90.9990 	DATA 	Keypress: n
91.2668 	EXP 	New trial (rep=0, index=2): <Trial 2 (2 in rep 0) data={'selectblock': 'Block3.xlsx', 'thisN': 2, 'thisTrialN': 2, 'thisRepN': 0}>
91.2686 	DATA 	Keypress: space
91.2832 	EXP 	text_3: autoDraw = False
91.2832 	EXP 	text_5: autoDraw = True
93.7829 	EXP 	Imported Block3.xlsx as conditions, 2 conditions, 6 params
93.7833 	EXP 	New trial (rep=0, index=0): <Trial 0 (0 in rep 0) data={'Type': 'Operation', 'Span': 2, 'Stimulus': '( 3 + 6 ) × 4 = 36', 'Response': 'right', 'Letter': 'P', 'corrResp': None, 'thisN': 0, 'thisTrialN': 0, 'thisRepN': 0}>
93.7971 	EXP 	text_5: autoDraw = False
93.7971 	EXP 	text_5: autoDraw = False
93.7971 	EXP 	text: height = 0.1
93.7971 	EXP 	text: height = 0.1
93.7971 	EXP 	text: height = 0.1
93.7971 	EXP 	text: text = '( 3 + 6 ) × 4 = 36'
94.0660 	EXP 	text: autoDraw = True
100.0139 	DATA 	Keypress: right
100.0360 	EXP 	text: autoDraw = False
100.0360 	EXP 	text_2: height = 0.3
100.0360 	EXP 	text_2: height = 0.3
100.0360 	EXP 	text_2: height = 0.3
100.0360 	EXP 	text_2: text = 'P'
100.0360 	EXP 	text_2: autoDraw = True
101.0242 	EXP 	New trial (rep=0, index=1): <Trial 1 (1 in rep 0) data={'Type': 'Operation', 'Span': 2, 'Stimulus': '( 5 - 1 ) × 1 = 6', 'Response': 'left', 'Letter': 'R', 'corrResp': ['p', 'r'], 'thisN': 1, 'thisTrialN': 1, 'thisRepN': 0}>
101.0408 	EXP 	text_2: autoDraw = False
101.0408 	EXP 	text: height = 0.1
101.0408 	EXP 	text: height = 0.1
101.0408 	EXP 	text: height = 0.1
101.0408 	EXP 	text: text = '( 5 - 1 ) × 1 = 6'
101.3073 	EXP 	text: autoDraw = True
102.9465 	DATA 	Keypress: left
102.9592 	EXP 	text: autoDraw = False
102.9592 	EXP 	text_2: height = 0.3
102.9592 	EXP 	text_2: height = 0.3
102.9592 	EXP 	text_2: height = 0.3
102.9592 	EXP 	text_2: text = 'R'
102.9592 	EXP 	text_2: autoDraw = True
103.9593 	EXP 	text_2: autoDraw = False
103.9593 	EXP 	text_3: autoDraw = True
105.3638 	DATA 	Keypress: p
105.5141 	DATA 	Keypress: r
105.7873 	EXP 	Imported Block.xlsx as conditions, 3 conditions, 1 params
105.7877 	EXP 	New trial (rep=0, index=0): <Trial 0 (0 in rep 0) data={'selectblock': 'Block1.xlsx', 'thisN': 0, 'thisTrialN': 0, 'thisRepN': 0}>
105.7894 	DATA 	Keypress: space
105.7989 	EXP 	text_3: autoDraw = False
105.7989 	EXP 	text_5: autoDraw = True
108.2944 	EXP 	Imported Block1.xlsx as conditions, 3 conditions, 6 params
108.2947 	EXP 	New trial (rep=0, index=0): <Trial 0 (0 in rep 0) data={'Type': 'Operation', 'Span': 3, 'Stimulus': '( 4 + 2 ) × 2 = 8', 'Response': 'left', 'Letter': 'C', 'corrResp': None, 'thisN': 0, 'thisTrialN': 0, 'thisRepN': 0}>
108.3106 	EXP 	text_5: autoDraw = False
108.3106 	EXP 	text: height = 0.1
108.3106 	EXP 	text: height = 0.1
108.3106 	EXP 	text: height = 0.1
108.3106 	EXP 	text: text = '( 4 + 2 ) × 2 = 8'
108.5809 	EXP 	text: autoDraw = True
111.2542 	DATA 	Keypress: left
111.2944 	EXP 	text: autoDraw = False
111.2944 	EXP 	text_2: height = 0.3
111.2944 	EXP 	text_2: height = 0.3
111.2944 	EXP 	text_2: height = 0.3
111.2944 	EXP 	text_2: text = 'C'
111.2944 	EXP 	text_2: autoDraw = True
112.2855 	EXP 	New trial (rep=0, index=1): <Trial 1 (1 in rep 0) data={'Type': 'Operation', 'Span': 3, 'Stimulus': '( 3 - 1 ) × 3 = 5', 'Response': 'left', 'Letter': 'L', 'corrResp': None, 'thisN': 1, 'thisTrialN': 1, 'thisRepN': 0}>
112.3064 	EXP 	text_2: autoDraw = False
112.3064 	EXP 	text: height = 0.1
112.3064 	EXP 	text: height = 0.1
112.3064 	EXP 	text: height = 0.1
112.3064 	EXP 	text: text = '( 3 - 1 ) × 3 = 5'
112.5858 	EXP 	text: autoDraw = True
114.9292 	DATA 	Keypress: left
114.9406 	EXP 	text: autoDraw = False
114.9406 	EXP 	text_2: height = 0.3
114.9406 	EXP 	text_2: height = 0.3
114.9406 	EXP 	text_2: height = 0.3
114.9406 	EXP 	text_2: text = 'L'
114.9406 	EXP 	text_2: autoDraw = True
115.9383 	EXP 	New trial (rep=0, index=2): <Trial 2 (2 in rep 0) data={'Type': 'Operation', 'Span': 3, 'Stimulus': '( 5 - 1 ) × 5 = 20', 'Response': 'right', 'Letter': 'G', 'corrResp': ['c', 'l', 'g'], 'thisN': 2, 'thisTrialN': 2, 'thisRepN': 0}>
115.9567 	EXP 	text_2: autoDraw = False
115.9567 	EXP 	text: height = 0.1
115.9567 	EXP 	text: height = 0.1
115.9567 	EXP 	text: height = 0.1
115.9567 	EXP 	text: text = '( 5 - 1 ) × 5 = 20'
116.2218 	EXP 	text: autoDraw = True
120.0859 	DATA 	Keypress: right
120.0950 	EXP 	text: autoDraw = False
120.0950 	EXP 	text_2: height = 0.3
120.0950 	EXP 	text_2: height = 0.3
120.0950 	EXP 	text_2: height = 0.3
120.0950 	EXP 	text_2: text = 'G'
120.0950 	EXP 	text_2: autoDraw = True
121.1099 	EXP 	text_2: autoDraw = False
121.1099 	EXP 	text_3: autoDraw = True
127.4017 	DATA 	Keypress: p
127.5189 	DATA 	Keypress: r
127.7356 	DATA 	Keypress: g
128.5189 	EXP 	New trial (rep=0, index=1): <Trial 1 (1 in rep 0) data={'selectblock': 'Block2.xlsx', 'thisN': 1, 'thisTrialN': 1, 'thisRepN': 0}>
128.5203 	DATA 	Keypress: space
128.5338 	EXP 	text_3: autoDraw = False
128.5338 	EXP 	text_5: autoDraw = True
131.0335 	EXP 	Imported Block2.xlsx as conditions, 3 conditions, 6 params
131.0338 	EXP 	New trial (rep=0, index=0): <Trial 0 (0 in rep 0) data={'Type': 'Operation', 'Span': 3, 'Stimulus': '( 4 - 2 ) × 3 = 9', 'Response': 'left', 'Letter': 'J', 'corrResp': None, 'thisN': 0, 'thisTrialN': 0, 'thisRepN': 0}>
131.0493 	EXP 	text_5: autoDraw = False
131.0493 	EXP 	text: height = 0.1
131.0493 	EXP 	text: height = 0.1
131.0493 	EXP 	text: height = 0.1
131.0493 	EXP 	text: text = '( 4 - 2 ) × 3 = 9'
131.3201 	EXP 	text: autoDraw = True
136.4341 	DATA 	Keypress: left
136.4444 	EXP 	text: autoDraw = False
136.4444 	EXP 	text_2: height = 0.3
136.4444 	EXP 	text_2: height = 0.3
136.4444 	EXP 	text_2: height = 0.3
136.4444 	EXP 	text_2: text = 'J'
136.4444 	EXP 	text_2: autoDraw = True
137.4434 	EXP 	New trial (rep=0, index=1): <Trial 1 (1 in rep 0) data={'Type': 'Operation', 'Span': 3, 'Stimulus': '( 3 + 8 ) × 5 = 53', 'Response': 'left', 'Letter': 'M', 'corrResp': None, 'thisN': 1, 'thisTrialN': 1, 'thisRepN': 0}>
137.4607 	EXP 	text_2: autoDraw = False
137.4607 	EXP 	text: height = 0.1
137.4607 	EXP 	text: height = 0.1
137.4607 	EXP 	text: height = 0.1
137.4607 	EXP 	text: text = '( 3 + 8 ) × 5 = 53'
137.7264 	EXP 	text: autoDraw = True
140.7909 	DATA 	Keypress: left
140.7994 	EXP 	text: autoDraw = False
140.7994 	EXP 	text_2: height = 0.3
140.7994 	EXP 	text_2: height = 0.3
140.7994 	EXP 	text_2: height = 0.3
140.7994 	EXP 	text_2: text = 'M'
140.7994 	EXP 	text_2: autoDraw = True
141.7978 	EXP 	New trial (rep=0, index=2): <Trial 2 (2 in rep 0) data={'Type': 'Operation', 'Span': 3, 'Stimulus': '( 4 + 7 ) × 2 = 22', 'Response': 'right', 'Letter': 'B', 'corrResp': ['j', 'm', 'b'], 'thisN': 2, 'thisTrialN': 2, 'thisRepN': 0}>
141.8165 	EXP 	text_2: autoDraw = False
141.8165 	EXP 	text: height = 0.1
141.8165 	EXP 	text: height = 0.1
141.8165 	EXP 	text: height = 0.1
141.8165 	EXP 	text: text = '( 4 + 7 ) × 2 = 22'
142.0808 	EXP 	text: autoDraw = True
147.4248 	DATA 	Keypress: right
147.4371 	EXP 	text: autoDraw = False
147.4371 	EXP 	text_2: height = 0.3
147.4371 	EXP 	text_2: height = 0.3
147.4371 	EXP 	text_2: height = 0.3
147.4371 	EXP 	text_2: text = 'B'
147.4371 	EXP 	text_2: autoDraw = True
148.4368 	EXP 	text_2: autoDraw = False
148.4368 	EXP 	text_2: autoDraw = False
148.4368 	EXP 	text_3: autoDraw = True
153.0945 	DATA 	Keypress: r
153.3284 	DATA 	Keypress: g
153.5283 	DATA 	Keypress: b
154.3948 	EXP 	New trial (rep=0, index=2): <Trial 2 (2 in rep 0) data={'selectblock': 'Block3.xlsx', 'thisN': 2, 'thisTrialN': 2, 'thisRepN': 0}>
154.3961 	DATA 	Keypress: space
154.4096 	EXP 	text_3: autoDraw = False
154.4096 	EXP 	text_5: autoDraw = True
156.9092 	EXP 	Imported Block3.xlsx as conditions, 3 conditions, 6 params
156.9095 	EXP 	New trial (rep=0, index=0): <Trial 0 (0 in rep 0) data={'Type': 'Operation', 'Span': 3, 'Stimulus': '( 3 + 6 ) × 5 = 43', 'Response': 'right', 'Letter': 'Z', 'corrResp': None, 'thisN': 0, 'thisTrialN': 0, 'thisRepN': 0}>
156.9225 	EXP 	text_5: autoDraw = False
156.9225 	EXP 	text: height = 0.1
156.9225 	EXP 	text: height = 0.1
156.9225 	EXP 	text: height = 0.1
156.9225 	EXP 	text: text = '( 3 + 6 ) × 5 = 43'
157.1958 	EXP 	text: autoDraw = True
162.3945 	DATA 	Keypress: left
162.4042 	EXP 	text: autoDraw = False
162.4042 	EXP 	text_2: height = 0.3
162.4042 	EXP 	text_2: height = 0.3
162.4042 	EXP 	text_2: height = 0.3
162.4042 	EXP 	text_2: text = 'Z'
162.4042 	EXP 	text_2: autoDraw = True
163.4025 	EXP 	New trial (rep=0, index=1): <Trial 1 (1 in rep 0) data={'Type': 'Operation', 'Span': 3, 'Stimulus': '( 6 - 1 ) × 3 = 19', 'Response': 'right', 'Letter': 'F', 'corrResp': None, 'thisN': 1, 'thisTrialN': 1, 'thisRepN': 0}>
163.4194 	EXP 	text_2: autoDraw = False
163.4194 	EXP 	text: height = 0.1
163.4194 	EXP 	text: height = 0.1
163.4194 	EXP 	text: height = 0.1
163.4194 	EXP 	text: text = '( 6 - 1 ) × 3 = 19'
163.6859 	EXP 	text: autoDraw = True
175.1827 	DATA 	Keypress: left
175.2237 	EXP 	text: autoDraw = False
175.2237 	EXP 	text_2: height = 0.3
175.2237 	EXP 	text_2: height = 0.3
175.2237 	EXP 	text_2: height = 0.3
175.2237 	EXP 	text_2: text = 'F'
175.2237 	EXP 	text_2: autoDraw = True
176.2166 	EXP 	New trial (rep=0, index=2): <Trial 2 (2 in rep 0) data={'Type': 'Operation', 'Span': 3, 'Stimulus': '( 4 + 2 ) × 4 = 23', 'Response': 'right', 'Letter': 'T', 'corrResp': ['z', 'f', 't'], 'thisN': 2, 'thisTrialN': 2, 'thisRepN': 0}>
176.2342 	EXP 	text_2: autoDraw = False
176.2342 	EXP 	text: height = 0.1
176.2342 	EXP 	text: height = 0.1
176.2342 	EXP 	text: height = 0.1
176.2342 	EXP 	text: text = '( 4 + 2 ) × 4 = 23'
176.5151 	EXP 	text: autoDraw = True
187.4974 	DATA 	Keypress: left
187.5099 	EXP 	text: autoDraw = False
187.5099 	EXP 	text_2: height = 0.3
187.5099 	EXP 	text_2: height = 0.3
187.5099 	EXP 	text_2: height = 0.3
187.5099 	EXP 	text_2: text = 'T'
187.5099 	EXP 	text_2: autoDraw = True
188.5103 	EXP 	text_2: autoDraw = False
188.5103 	EXP 	text_2: autoDraw = False
188.5103 	EXP 	text_3: autoDraw = True
193.7512 	DATA 	Keypress: escape
193.8675 	EXP 	OperationSpanTask: status = STOPPED
193.8824 	EXP 	text_3: autoDraw = False
193.8825 	EXP 	OperationSpanTask: status = STOPPED
